[0.782s] Invoking command in '/home/esogu/ros2_ws/src/detection': PYTHONPATH=/home/esogu/ros2_ws/build/detection/prefix_override:/usr/lib/python3/dist-packages/colcon_core/task/python/colcon_distutils_commands:/home/esogu/ros2_ws/install/detection/lib/python3.10/site-packages:${PYTHONPATH} /usr/bin/python3 -W ignore:setup.py install is deprecated -W ignore:easy_install command is deprecated setup.py egg_info --egg-base ../../build/detection build --build-base /home/esogu/ros2_ws/build/detection/build install --record /home/esogu/ros2_ws/build/detection/install.log --single-version-externally-managed install_data
[1.012s] running egg_info
[1.013s] writing ../../build/detection/detection.egg-info/PKG-INFO
[1.014s] writing dependency_links to ../../build/detection/detection.egg-info/dependency_links.txt
[1.014s] writing entry points to ../../build/detection/detection.egg-info/entry_points.txt
[1.014s] writing requirements to ../../build/detection/detection.egg-info/requires.txt
[1.014s] writing top-level names to ../../build/detection/detection.egg-info/top_level.txt
[1.016s] reading manifest file '../../build/detection/detection.egg-info/SOURCES.txt'
[1.017s] writing manifest file '../../build/detection/detection.egg-info/SOURCES.txt'
[1.017s] running build
[1.018s] running build_py
[1.018s] running install
[1.018s] running install_lib
[1.020s] running install_data
[1.020s] running install_egg_info
[1.022s] removing '/home/esogu/ros2_ws/install/detection/lib/python3.10/site-packages/detection-0.0.0-py3.10.egg-info' (and everything under it)
[1.022s] Copying ../../build/detection/detection.egg-info to /home/esogu/ros2_ws/install/detection/lib/python3.10/site-packages/detection-0.0.0-py3.10.egg-info
[1.023s] running install_scripts
[1.043s] Installing green_color_detection_node script to /home/esogu/ros2_ws/install/detection/lib/detection
[1.043s] Installing red_color_detection_node script to /home/esogu/ros2_ws/install/detection/lib/detection
[1.043s] Installing shape_detection script to /home/esogu/ros2_ws/install/detection/lib/detection
[1.044s] writing list of installed files to '/home/esogu/ros2_ws/build/detection/install.log'
[1.064s] Invoked command in '/home/esogu/ros2_ws/src/detection' returned '0': PYTHONPATH=/home/esogu/ros2_ws/build/detection/prefix_override:/usr/lib/python3/dist-packages/colcon_core/task/python/colcon_distutils_commands:/home/esogu/ros2_ws/install/detection/lib/python3.10/site-packages:${PYTHONPATH} /usr/bin/python3 -W ignore:setup.py install is deprecated -W ignore:easy_install command is deprecated setup.py egg_info --egg-base ../../build/detection build --build-base /home/esogu/ros2_ws/build/detection/build install --record /home/esogu/ros2_ws/build/detection/install.log --single-version-externally-managed install_data
