[0.012s] Invoking command in '/home/esogu/ros2_ws/build/usb_cam': CMAKE_PREFIX_PATH=${CMAKE_PREFIX_PATH}:/home/esogu/ros2_ws/install/detection:/opt/ros/humble /usr/bin/cmake --build /home/esogu/ros2_ws/build/usb_cam -- -j8 -l8
[0.054s] -- Found ament_cmake_auto: 1.3.11 (/opt/ros/humble/share/ament_cmake_auto/cmake)
[0.319s] -- Found rosidl_generator_c: 3.1.6 (/opt/ros/humble/share/rosidl_generator_c/cmake)
[0.322s] -- Found rosidl_adapter: 3.1.6 (/opt/ros/humble/share/rosidl_adapter/cmake)
[0.329s] -- Found rosidl_generator_cpp: 3.1.6 (/opt/ros/humble/share/rosidl_generator_cpp/cmake)
[0.340s] -- Using all available rosidl_typesupport_c: rosidl_typesupport_fastrtps_c;rosidl_typesupport_introspection_c
[0.357s] -- Using all available rosidl_typesupport_cpp: rosidl_typesupport_fastrtps_cpp;rosidl_typesupport_introspection_cpp
[0.397s] -- Found rmw_implementation_cmake: 6.1.2 (/opt/ros/humble/share/rmw_implementation_cmake/cmake)
[0.398s] -- Found rmw_fastrtps_cpp: 6.2.7 (/opt/ros/humble/share/rmw_fastrtps_cpp/cmake)
[0.512s] -- Using RMW implementation 'rmw_fastrtps_cpp' as default
[0.746s] -- Found ament_lint_auto: 0.12.11 (/opt/ros/humble/share/ament_lint_auto/cmake)
[0.754s] -- Found gtest sources under '/opt/ros/humble/src/gtest_vendor': C++ tests using 'Google Test' will be built
[0.765s] -- Added test 'copyright' to check source files copyright and LICENSE
[0.772s] -- Added test 'cppcheck' to perform static code analysis on C / C++ code
[0.772s] -- Configured cppcheck include dirs: /home/esogu/ros2_ws/src/usb_cam/include
[0.772s] -- Configured cppcheck exclude dirs and/or files: 
[0.779s] -- Added test 'cpplint' to check C / C++ code against the Google style
[0.779s] -- Configured cpplint exclude dirs and/or files: 
[0.780s] -- Added test 'flake8' to check Python code syntax and style conventions
[0.782s] -- Added test 'lint_cmake' to check CMake code style
[0.783s] -- Added test 'pep257' to check Python code against some of the docstring style conventions in PEP 257
[0.790s] -- Added test 'uncrustify' to check C / C++ code style
[0.790s] -- Configured uncrustify additional arguments: 
[0.791s] -- Added test 'xmllint' to check XML markup files
[0.793s] -- Configuring done
[0.836s] -- Generating done
[0.852s] -- Build files have been written to: /home/esogu/ros2_ws/build/usb_cam
[0.885s] [35m[1mConsolidate compiler generated dependencies of target gtest[0m
[0.885s] [35m[1mConsolidate compiler generated dependencies of target gtest_main[0m
[0.886s] [35m[1mConsolidate compiler generated dependencies of target usb_cam_node_exe[0m
[0.886s] [35m[1mConsolidate compiler generated dependencies of target usb_cam[0m
[0.901s] [ 14%] Built target gtest_main
[0.901s] [ 28%] Built target gtest
[0.902s] [ 35%] [32mBuilding CXX object CMakeFiles/usb_cam.dir/src/usb_cam.cpp.o[0m
[0.906s] [ 50%] Built target usb_cam_node_exe
[3.224s] [ 57%] [32m[1mLinking CXX shared library libusb_cam.so[0m
[3.516s] [ 57%] Built target usb_cam
[3.528s] [35m[1mConsolidate compiler generated dependencies of target test_usb_cam_utils[0m
[3.528s] [35m[1mConsolidate compiler generated dependencies of target test_pixel_formats[0m
[3.529s] [35m[1mConsolidate compiler generated dependencies of target usb_cam_node[0m
[3.544s] [ 64%] [32mBuilding CXX object CMakeFiles/test_usb_cam_utils.dir/test/test_usb_cam_utils.cpp.o[0m
[3.545s] [ 71%] [32mBuilding CXX object CMakeFiles/test_pixel_formats.dir/test/test_pixel_formats.cpp.o[0m
[3.556s] [ 78%] [32mBuilding CXX object CMakeFiles/usb_cam_node.dir/src/usb_cam_node.cpp.o[0m
[5.644s] [ 85%] [32m[1mLinking CXX executable test_usb_cam_utils[0m
[6.007s] [ 85%] Built target test_usb_cam_utils
[6.023s] [ 92%] [32m[1mLinking CXX executable test_pixel_formats[0m
[6.365s] [ 92%] Built target test_pixel_formats
[12.755s] [100%] [32m[1mLinking CXX shared library libusb_cam_node.so[0m
[13.300s] [100%] Built target usb_cam_node
[13.313s] Invoked command in '/home/esogu/ros2_ws/build/usb_cam' returned '0': CMAKE_PREFIX_PATH=${CMAKE_PREFIX_PATH}:/home/esogu/ros2_ws/install/detection:/opt/ros/humble /usr/bin/cmake --build /home/esogu/ros2_ws/build/usb_cam -- -j8 -l8
[13.325s] Invoking command in '/home/esogu/ros2_ws/build/usb_cam': CMAKE_PREFIX_PATH=${CMAKE_PREFIX_PATH}:/home/esogu/ros2_ws/install/detection:/opt/ros/humble /usr/bin/cmake --install /home/esogu/ros2_ws/build/usb_cam
[13.333s] -- Install configuration: ""
[13.333s] -- Up-to-date: /home/esogu/ros2_ws/install/usb_cam/share/usb_cam/environment/library_path.sh
[13.334s] -- Installing: /home/esogu/ros2_ws/install/usb_cam/share/usb_cam/environment/library_path.dsv
[13.334s] -- Up-to-date: /home/esogu/ros2_ws/install/usb_cam/lib/usb_cam/usb_cam_node_exe
[13.334s] -- Installing: /home/esogu/ros2_ws/install/usb_cam/lib/usb_cam/show_image.py
[13.334s] -- Installing: /home/esogu/ros2_ws/install/usb_cam/lib/libusb_cam.so
[13.336s] -- Installing: /home/esogu/ros2_ws/install/usb_cam/lib/libusb_cam_node.so
[13.341s] -- Set runtime path of "/home/esogu/ros2_ws/install/usb_cam/lib/libusb_cam_node.so" to ""
[13.341s] -- Up-to-date: /home/esogu/ros2_ws/install/usb_cam/include
[13.341s] -- Up-to-date: /home/esogu/ros2_ws/install/usb_cam/include/usb_cam
[13.341s] -- Installing: /home/esogu/ros2_ws/install/usb_cam/include/usb_cam/usb_cam.hpp
[13.341s] -- Up-to-date: /home/esogu/ros2_ws/install/usb_cam/include/usb_cam/formats
[13.341s] -- Installing: /home/esogu/ros2_ws/install/usb_cam/include/usb_cam/formats/uyvy.hpp
[13.341s] -- Installing: /home/esogu/ros2_ws/install/usb_cam/include/usb_cam/formats/rgb.hpp
[13.341s] -- Installing: /home/esogu/ros2_ws/install/usb_cam/include/usb_cam/formats/yuyv.hpp
[13.342s] -- Installing: /home/esogu/ros2_ws/install/usb_cam/include/usb_cam/formats/m420.hpp
[13.342s] -- Installing: /home/esogu/ros2_ws/install/usb_cam/include/usb_cam/formats/pixel_format_base.hpp
[13.342s] -- Installing: /home/esogu/ros2_ws/install/usb_cam/include/usb_cam/formats/av_pixel_format_helper.hpp
[13.342s] -- Installing: /home/esogu/ros2_ws/install/usb_cam/include/usb_cam/formats/mono.hpp
[13.342s] -- Installing: /home/esogu/ros2_ws/install/usb_cam/include/usb_cam/formats/mjpeg.hpp
[13.342s] -- Installing: /home/esogu/ros2_ws/install/usb_cam/include/usb_cam/formats/utils.hpp
[13.343s] -- Installing: /home/esogu/ros2_ws/install/usb_cam/include/usb_cam/usb_cam_node.hpp
[13.343s] -- Installing: /home/esogu/ros2_ws/install/usb_cam/include/usb_cam/constants.hpp
[13.343s] -- Installing: /home/esogu/ros2_ws/install/usb_cam/include/usb_cam/conversions.hpp
[13.343s] -- Installing: /home/esogu/ros2_ws/install/usb_cam/include/usb_cam/utils.hpp
[13.344s] -- Up-to-date: /home/esogu/ros2_ws/install/usb_cam/lib/libusb_cam_node.so
[13.344s] -- Up-to-date: /home/esogu/ros2_ws/install/usb_cam/share/usb_cam/launch
[13.344s] -- Installing: /home/esogu/ros2_ws/install/usb_cam/share/usb_cam/launch/__init__.py
[13.344s] -- Installing: /home/esogu/ros2_ws/install/usb_cam/share/usb_cam/launch/camera_config.py
[13.345s] -- Installing: /home/esogu/ros2_ws/install/usb_cam/share/usb_cam/launch/camera.launch.py
[13.345s] -- Up-to-date: /home/esogu/ros2_ws/install/usb_cam/share/usb_cam/config
[13.345s] -- Installing: /home/esogu/ros2_ws/install/usb_cam/share/usb_cam/config/camera_info.yaml
[13.345s] -- Installing: /home/esogu/ros2_ws/install/usb_cam/share/usb_cam/config/params_1.yaml
[13.345s] -- Installing: /home/esogu/ros2_ws/install/usb_cam/share/usb_cam/config/params_2.yaml
[13.345s] -- Up-to-date: /home/esogu/ros2_ws/install/usb_cam/share/ament_index/resource_index/package_run_dependencies/usb_cam
[13.345s] -- Installing: /home/esogu/ros2_ws/install/usb_cam/share/ament_index/resource_index/parent_prefix_path/usb_cam
[13.346s] -- Up-to-date: /home/esogu/ros2_ws/install/usb_cam/share/usb_cam/environment/ament_prefix_path.sh
[13.346s] -- Installing: /home/esogu/ros2_ws/install/usb_cam/share/usb_cam/environment/ament_prefix_path.dsv
[13.346s] -- Up-to-date: /home/esogu/ros2_ws/install/usb_cam/share/usb_cam/environment/path.sh
[13.346s] -- Installing: /home/esogu/ros2_ws/install/usb_cam/share/usb_cam/environment/path.dsv
[13.347s] -- Up-to-date: /home/esogu/ros2_ws/install/usb_cam/share/usb_cam/local_setup.bash
[13.347s] -- Up-to-date: /home/esogu/ros2_ws/install/usb_cam/share/usb_cam/local_setup.sh
[13.347s] -- Up-to-date: /home/esogu/ros2_ws/install/usb_cam/share/usb_cam/local_setup.zsh
[13.347s] -- Installing: /home/esogu/ros2_ws/install/usb_cam/share/usb_cam/local_setup.dsv
[13.347s] -- Installing: /home/esogu/ros2_ws/install/usb_cam/share/usb_cam/package.dsv
[13.347s] -- Up-to-date: /home/esogu/ros2_ws/install/usb_cam/share/ament_index/resource_index/packages/usb_cam
[13.348s] -- Up-to-date: /home/esogu/ros2_ws/install/usb_cam/share/ament_index/resource_index/rclcpp_components/usb_cam
[13.348s] -- Up-to-date: /home/esogu/ros2_ws/install/usb_cam/share/usb_cam/cmake/ament_cmake_export_libraries-extras.cmake
[13.348s] -- Installing: /home/esogu/ros2_ws/install/usb_cam/share/usb_cam/cmake/ament_cmake_export_dependencies-extras.cmake
[13.348s] -- Up-to-date: /home/esogu/ros2_ws/install/usb_cam/share/usb_cam/cmake/ament_cmake_export_include_directories-extras.cmake
[13.348s] -- Up-to-date: /home/esogu/ros2_ws/install/usb_cam/share/usb_cam/cmake/usb_camConfig.cmake
[13.348s] -- Up-to-date: /home/esogu/ros2_ws/install/usb_cam/share/usb_cam/cmake/usb_camConfig-version.cmake
[13.348s] -- Installing: /home/esogu/ros2_ws/install/usb_cam/share/usb_cam/package.xml
[13.350s] Invoked command in '/home/esogu/ros2_ws/build/usb_cam' returned '0': CMAKE_PREFIX_PATH=${CMAKE_PREFIX_PATH}:/home/esogu/ros2_ws/install/detection:/opt/ros/humble /usr/bin/cmake --install /home/esogu/ros2_ws/build/usb_cam
