[0.140s] DEBUG:colcon:Command line arguments: ['/usr/bin/colcon', 'build']
[0.140s] DEBUG:colcon:Parsed command line arguments: Namespace(log_base=None, log_level=None, verb_name='build', build_base='build', install_base='install', merge_install=False, symlink_install=False, test_result_base=None, continue_on_error=False, executor='parallel', parallel_workers=8, event_handlers=None, ignore_user_meta=False, metas=['./colcon.meta'], base_paths=['.'], packages_ignore=None, packages_ignore_regex=None, paths=None, packages_up_to=None, packages_up_to_regex=None, packages_above=None, packages_above_and_dependencies=None, packages_above_depth=None, packages_select_by_dep=None, packages_skip_by_dep=None, packages_skip_up_to=None, packages_select_build_failed=False, packages_skip_build_finished=False, packages_select_test_failures=False, packages_skip_test_passed=False, packages_select=None, packages_skip=None, packages_select_regex=None, packages_skip_regex=None, packages_start=None, packages_end=None, allow_overriding=[], cmake_args=None, cmake_target=None, cmake_target_skip_unavailable=False, cmake_clean_cache=False, cmake_clean_first=False, cmake_force_configure=False, ament_cmake_args=None, catkin_cmake_args=None, catkin_skip_building_tests=False, mixin_files=None, mixin=None, verb_parser=<colcon_mixin.mixin.mixin_argument.MixinArgumentDecorator object at 0x774ba604da80>, verb_extension=<colcon_core.verb.build.BuildVerb object at 0x774ba61569b0>, main=<bound method BuildVerb.main of <colcon_core.verb.build.BuildVerb object at 0x774ba61569b0>>, mixin_verb=('build',))
[0.360s] Level 1:colcon.colcon_core.package_discovery:discover_packages(colcon_meta) check parameters
[0.360s] Level 1:colcon.colcon_core.package_discovery:discover_packages(recursive) check parameters
[0.360s] Level 1:colcon.colcon_core.package_discovery:discover_packages(ignore) check parameters
[0.360s] Level 1:colcon.colcon_core.package_discovery:discover_packages(path) check parameters
[0.360s] Level 1:colcon.colcon_core.package_discovery:discover_packages(colcon_meta) discover
[0.360s] Level 1:colcon.colcon_core.package_discovery:discover_packages(recursive) discover
[0.360s] INFO:colcon.colcon_core.package_discovery:Crawling recursively for packages in '/home/esogu/ros2_ws'
[0.361s] Level 1:colcon.colcon_core.package_identification:_identify(.) by extensions ['ignore', 'ignore_ament_install']
[0.361s] Level 1:colcon.colcon_core.package_identification:_identify(.) by extension 'ignore'
[0.361s] Level 1:colcon.colcon_core.package_identification:_identify(.) by extension 'ignore_ament_install'
[0.361s] Level 1:colcon.colcon_core.package_identification:_identify(.) by extensions ['colcon_pkg']
[0.361s] Level 1:colcon.colcon_core.package_identification:_identify(.) by extension 'colcon_pkg'
[0.361s] Level 1:colcon.colcon_core.package_identification:_identify(.) by extensions ['colcon_meta']
[0.361s] Level 1:colcon.colcon_core.package_identification:_identify(.) by extension 'colcon_meta'
[0.361s] Level 1:colcon.colcon_core.package_identification:_identify(.) by extensions ['ros']
[0.361s] Level 1:colcon.colcon_core.package_identification:_identify(.) by extension 'ros'
[0.377s] Level 1:colcon.colcon_core.package_identification:_identify(.) by extensions ['cmake', 'python']
[0.377s] Level 1:colcon.colcon_core.package_identification:_identify(.) by extension 'cmake'
[0.377s] Level 1:colcon.colcon_core.package_identification:_identify(.) by extension 'python'
[0.377s] Level 1:colcon.colcon_core.package_identification:_identify(.) by extensions ['python_setup_py']
[0.377s] Level 1:colcon.colcon_core.package_identification:_identify(.) by extension 'python_setup_py'
[0.378s] Level 1:colcon.colcon_core.package_identification:_identify(build) by extensions ['ignore', 'ignore_ament_install']
[0.378s] Level 1:colcon.colcon_core.package_identification:_identify(build) by extension 'ignore'
[0.378s] Level 1:colcon.colcon_core.package_identification:_identify(build) ignored
[0.378s] Level 1:colcon.colcon_core.package_identification:_identify(install) by extensions ['ignore', 'ignore_ament_install']
[0.378s] Level 1:colcon.colcon_core.package_identification:_identify(install) by extension 'ignore'
[0.378s] Level 1:colcon.colcon_core.package_identification:_identify(install) ignored
[0.378s] Level 1:colcon.colcon_core.package_identification:_identify(log) by extensions ['ignore', 'ignore_ament_install']
[0.379s] Level 1:colcon.colcon_core.package_identification:_identify(log) by extension 'ignore'
[0.379s] Level 1:colcon.colcon_core.package_identification:_identify(log) ignored
[0.379s] Level 1:colcon.colcon_core.package_identification:_identify(src) by extensions ['ignore', 'ignore_ament_install']
[0.379s] Level 1:colcon.colcon_core.package_identification:_identify(src) by extension 'ignore'
[0.379s] Level 1:colcon.colcon_core.package_identification:_identify(src) by extension 'ignore_ament_install'
[0.379s] Level 1:colcon.colcon_core.package_identification:_identify(src) by extensions ['colcon_pkg']
[0.379s] Level 1:colcon.colcon_core.package_identification:_identify(src) by extension 'colcon_pkg'
[0.379s] Level 1:colcon.colcon_core.package_identification:_identify(src) by extensions ['colcon_meta']
[0.379s] Level 1:colcon.colcon_core.package_identification:_identify(src) by extension 'colcon_meta'
[0.379s] Level 1:colcon.colcon_core.package_identification:_identify(src) by extensions ['ros']
[0.379s] Level 1:colcon.colcon_core.package_identification:_identify(src) by extension 'ros'
[0.380s] Level 1:colcon.colcon_core.package_identification:_identify(src) by extensions ['cmake', 'python']
[0.380s] Level 1:colcon.colcon_core.package_identification:_identify(src) by extension 'cmake'
[0.380s] Level 1:colcon.colcon_core.package_identification:_identify(src) by extension 'python'
[0.380s] Level 1:colcon.colcon_core.package_identification:_identify(src) by extensions ['python_setup_py']
[0.380s] Level 1:colcon.colcon_core.package_identification:_identify(src) by extension 'python_setup_py'
[0.380s] Level 1:colcon.colcon_core.package_identification:_identify(src/detection) by extensions ['ignore', 'ignore_ament_install']
[0.380s] Level 1:colcon.colcon_core.package_identification:_identify(src/detection) by extension 'ignore'
[0.380s] Level 1:colcon.colcon_core.package_identification:_identify(src/detection) by extension 'ignore_ament_install'
[0.380s] Level 1:colcon.colcon_core.package_identification:_identify(src/detection) by extensions ['colcon_pkg']
[0.380s] Level 1:colcon.colcon_core.package_identification:_identify(src/detection) by extension 'colcon_pkg'
[0.380s] Level 1:colcon.colcon_core.package_identification:_identify(src/detection) by extensions ['colcon_meta']
[0.381s] Level 1:colcon.colcon_core.package_identification:_identify(src/detection) by extension 'colcon_meta'
[0.381s] Level 1:colcon.colcon_core.package_identification:_identify(src/detection) by extensions ['ros']
[0.381s] Level 1:colcon.colcon_core.package_identification:_identify(src/detection) by extension 'ros'
[0.386s] DEBUG:colcon.colcon_core.package_identification:Package 'src/detection' with type 'ros.ament_python' and name 'detection'
[0.386s] Level 1:colcon.colcon_core.package_identification:_identify(src/usb_cam) by extensions ['ignore', 'ignore_ament_install']
[0.386s] Level 1:colcon.colcon_core.package_identification:_identify(src/usb_cam) by extension 'ignore'
[0.387s] Level 1:colcon.colcon_core.package_identification:_identify(src/usb_cam) by extension 'ignore_ament_install'
[0.387s] Level 1:colcon.colcon_core.package_identification:_identify(src/usb_cam) by extensions ['colcon_pkg']
[0.387s] Level 1:colcon.colcon_core.package_identification:_identify(src/usb_cam) by extension 'colcon_pkg'
[0.387s] Level 1:colcon.colcon_core.package_identification:_identify(src/usb_cam) by extensions ['colcon_meta']
[0.387s] Level 1:colcon.colcon_core.package_identification:_identify(src/usb_cam) by extension 'colcon_meta'
[0.387s] Level 1:colcon.colcon_core.package_identification:_identify(src/usb_cam) by extensions ['ros']
[0.387s] Level 1:colcon.colcon_core.package_identification:_identify(src/usb_cam) by extension 'ros'
[0.389s] DEBUG:colcon.colcon_core.package_identification:Package 'src/usb_cam' with type 'ros.ament_cmake' and name 'usb_cam'
[0.390s] Level 1:colcon.colcon_core.package_discovery:discover_packages(recursive) using defaults
[0.390s] Level 1:colcon.colcon_core.package_discovery:discover_packages(ignore) discover
[0.390s] Level 1:colcon.colcon_core.package_discovery:discover_packages(ignore) using defaults
[0.390s] Level 1:colcon.colcon_core.package_discovery:discover_packages(path) discover
[0.390s] Level 1:colcon.colcon_core.package_discovery:discover_packages(path) using defaults
[0.428s] Level 1:colcon.colcon_core.package_discovery:discover_packages(prefix_path) check parameters
[0.429s] Level 1:colcon.colcon_core.package_discovery:discover_packages(prefix_path) discover
[0.430s] DEBUG:colcon.colcon_installed_package_information.package_discovery:Found 3 installed packages in /home/esogu/ros2_ws/install
[0.432s] DEBUG:colcon.colcon_installed_package_information.package_discovery:Found 278 installed packages in /opt/ros/humble
[0.434s] Level 1:colcon.colcon_core.package_discovery:discover_packages(prefix_path) using defaults
[0.485s] Level 5:colcon.colcon_core.verb:set package 'detection' build argument 'cmake_args' from command line to 'None'
[0.486s] Level 5:colcon.colcon_core.verb:set package 'detection' build argument 'cmake_target' from command line to 'None'
[0.486s] Level 5:colcon.colcon_core.verb:set package 'detection' build argument 'cmake_target_skip_unavailable' from command line to 'False'
[0.486s] Level 5:colcon.colcon_core.verb:set package 'detection' build argument 'cmake_clean_cache' from command line to 'False'
[0.486s] Level 5:colcon.colcon_core.verb:set package 'detection' build argument 'cmake_clean_first' from command line to 'False'
[0.486s] Level 5:colcon.colcon_core.verb:set package 'detection' build argument 'cmake_force_configure' from command line to 'False'
[0.486s] Level 5:colcon.colcon_core.verb:set package 'detection' build argument 'ament_cmake_args' from command line to 'None'
[0.486s] Level 5:colcon.colcon_core.verb:set package 'detection' build argument 'catkin_cmake_args' from command line to 'None'
[0.486s] Level 5:colcon.colcon_core.verb:set package 'detection' build argument 'catkin_skip_building_tests' from command line to 'False'
[0.486s] DEBUG:colcon.colcon_core.verb:Building package 'detection' with the following arguments: {'ament_cmake_args': None, 'build_base': '/home/esogu/ros2_ws/build/detection', 'catkin_cmake_args': None, 'catkin_skip_building_tests': False, 'cmake_args': None, 'cmake_clean_cache': False, 'cmake_clean_first': False, 'cmake_force_configure': False, 'cmake_target': None, 'cmake_target_skip_unavailable': False, 'install_base': '/home/esogu/ros2_ws/install/detection', 'merge_install': False, 'path': '/home/esogu/ros2_ws/src/detection', 'symlink_install': False, 'test_result_base': None}
[0.486s] Level 5:colcon.colcon_core.verb:set package 'usb_cam' build argument 'cmake_args' from command line to 'None'
[0.486s] Level 5:colcon.colcon_core.verb:set package 'usb_cam' build argument 'cmake_target' from command line to 'None'
[0.486s] Level 5:colcon.colcon_core.verb:set package 'usb_cam' build argument 'cmake_target_skip_unavailable' from command line to 'False'
[0.487s] Level 5:colcon.colcon_core.verb:set package 'usb_cam' build argument 'cmake_clean_cache' from command line to 'False'
[0.487s] Level 5:colcon.colcon_core.verb:set package 'usb_cam' build argument 'cmake_clean_first' from command line to 'False'
[0.487s] Level 5:colcon.colcon_core.verb:set package 'usb_cam' build argument 'cmake_force_configure' from command line to 'False'
[0.487s] Level 5:colcon.colcon_core.verb:set package 'usb_cam' build argument 'ament_cmake_args' from command line to 'None'
[0.487s] Level 5:colcon.colcon_core.verb:set package 'usb_cam' build argument 'catkin_cmake_args' from command line to 'None'
[0.487s] Level 5:colcon.colcon_core.verb:set package 'usb_cam' build argument 'catkin_skip_building_tests' from command line to 'False'
[0.487s] DEBUG:colcon.colcon_core.verb:Building package 'usb_cam' with the following arguments: {'ament_cmake_args': None, 'build_base': '/home/esogu/ros2_ws/build/usb_cam', 'catkin_cmake_args': None, 'catkin_skip_building_tests': False, 'cmake_args': None, 'cmake_clean_cache': False, 'cmake_clean_first': False, 'cmake_force_configure': False, 'cmake_target': None, 'cmake_target_skip_unavailable': False, 'install_base': '/home/esogu/ros2_ws/install/usb_cam', 'merge_install': False, 'path': '/home/esogu/ros2_ws/src/usb_cam', 'symlink_install': False, 'test_result_base': None}
[0.487s] INFO:colcon.colcon_core.executor:Executing jobs using 'parallel' executor
[0.488s] DEBUG:colcon.colcon_parallel_executor.executor.parallel:run_until_complete
[0.488s] INFO:colcon.colcon_ros.task.ament_python.build:Building ROS package in '/home/esogu/ros2_ws/src/detection' with build type 'ament_python'
[0.489s] Level 1:colcon.colcon_core.shell:create_environment_hook('detection', 'ament_prefix_path')
[0.491s] INFO:colcon.colcon_core.plugin_system:Skipping extension 'colcon_core.shell.bat': Not used on non-Windows systems
[0.491s] INFO:colcon.colcon_core.shell:Creating environment hook '/home/esogu/ros2_ws/install/detection/share/detection/hook/ament_prefix_path.ps1'
[0.491s] INFO:colcon.colcon_core.shell:Creating environment descriptor '/home/esogu/ros2_ws/install/detection/share/detection/hook/ament_prefix_path.dsv'
[0.492s] INFO:colcon.colcon_core.shell:Creating environment hook '/home/esogu/ros2_ws/install/detection/share/detection/hook/ament_prefix_path.sh'
[0.493s] INFO:colcon.colcon_core.shell:Skip shell extension 'powershell' for command environment: Not usable outside of PowerShell
[0.493s] DEBUG:colcon.colcon_core.shell:Skip shell extension 'dsv' for command environment
[0.497s] INFO:colcon.colcon_ros.task.ament_cmake.build:Building ROS package in '/home/esogu/ros2_ws/src/usb_cam' with build type 'ament_cmake'
[0.497s] INFO:colcon.colcon_cmake.task.cmake.build:Building CMake package in '/home/esogu/ros2_ws/src/usb_cam'
[0.497s] INFO:colcon.colcon_core.shell:Skip shell extension 'powershell' for command environment: Not usable outside of PowerShell
[0.498s] DEBUG:colcon.colcon_core.shell:Skip shell extension 'dsv' for command environment
[0.884s] INFO:colcon.colcon_core.task.python.build:Building Python package in '/home/esogu/ros2_ws/src/detection'
[0.884s] INFO:colcon.colcon_core.shell:Skip shell extension 'powershell' for command environment: Not usable outside of PowerShell
[0.885s] DEBUG:colcon.colcon_core.shell:Skip shell extension 'dsv' for command environment
[0.896s] DEBUG:colcon.colcon_core.event_handler.log_command:Invoking command in '/home/esogu/ros2_ws/build/usb_cam': CMAKE_PREFIX_PATH=${CMAKE_PREFIX_PATH}:/home/esogu/ros2_ws/install/detection:/opt/ros/humble /usr/bin/cmake --build /home/esogu/ros2_ws/build/usb_cam -- -j8 -l8
[1.097s] DEBUG:colcon.colcon_core.event_handler.log_command:Invoked command in '/home/esogu/ros2_ws/build/usb_cam' returned '0': CMAKE_PREFIX_PATH=${CMAKE_PREFIX_PATH}:/home/esogu/ros2_ws/install/detection:/opt/ros/humble /usr/bin/cmake --build /home/esogu/ros2_ws/build/usb_cam -- -j8 -l8
[1.110s] DEBUG:colcon.colcon_core.event_handler.log_command:Invoking command in '/home/esogu/ros2_ws/build/usb_cam': CMAKE_PREFIX_PATH=${CMAKE_PREFIX_PATH}:/home/esogu/ros2_ws/install/detection:/opt/ros/humble /usr/bin/cmake --install /home/esogu/ros2_ws/build/usb_cam
[1.129s] Level 1:colcon.colcon_core.environment:create_environment_scripts_only(usb_cam)
[1.133s] DEBUG:colcon.colcon_core.event_handler.log_command:Invoked command in '/home/esogu/ros2_ws/build/usb_cam' returned '0': CMAKE_PREFIX_PATH=${CMAKE_PREFIX_PATH}:/home/esogu/ros2_ws/install/detection:/opt/ros/humble /usr/bin/cmake --install /home/esogu/ros2_ws/build/usb_cam
[1.136s] Level 1:colcon.colcon_core.environment:checking '/home/esogu/ros2_ws/install/usb_cam' for CMake module files
[1.137s] Level 1:colcon.colcon_core.environment:checking '/home/esogu/ros2_ws/install/usb_cam' for CMake config files
[1.138s] Level 1:colcon.colcon_core.shell:create_environment_hook('usb_cam', 'cmake_prefix_path')
[1.138s] INFO:colcon.colcon_core.shell:Creating environment hook '/home/esogu/ros2_ws/install/usb_cam/share/usb_cam/hook/cmake_prefix_path.ps1'
[1.139s] INFO:colcon.colcon_core.shell:Creating environment descriptor '/home/esogu/ros2_ws/install/usb_cam/share/usb_cam/hook/cmake_prefix_path.dsv'
[1.140s] INFO:colcon.colcon_core.shell:Creating environment hook '/home/esogu/ros2_ws/install/usb_cam/share/usb_cam/hook/cmake_prefix_path.sh'
[1.141s] Level 1:colcon.colcon_core.environment:checking '/home/esogu/ros2_ws/install/usb_cam/lib'
[1.141s] Level 1:colcon.colcon_core.shell:create_environment_hook('usb_cam', 'ld_library_path_lib')
[1.141s] INFO:colcon.colcon_core.shell:Creating environment hook '/home/esogu/ros2_ws/install/usb_cam/share/usb_cam/hook/ld_library_path_lib.ps1'
[1.142s] INFO:colcon.colcon_core.shell:Creating environment descriptor '/home/esogu/ros2_ws/install/usb_cam/share/usb_cam/hook/ld_library_path_lib.dsv'
[1.143s] INFO:colcon.colcon_core.shell:Creating environment hook '/home/esogu/ros2_ws/install/usb_cam/share/usb_cam/hook/ld_library_path_lib.sh'
[1.143s] Level 1:colcon.colcon_core.environment:checking '/home/esogu/ros2_ws/install/usb_cam/bin'
[1.143s] Level 1:colcon.colcon_core.environment:checking '/home/esogu/ros2_ws/install/usb_cam/lib/pkgconfig/usb_cam.pc'
[1.144s] Level 1:colcon.colcon_core.environment:checking '/home/esogu/ros2_ws/install/usb_cam/lib/python3.10/site-packages'
[1.144s] Level 1:colcon.colcon_core.environment:checking '/home/esogu/ros2_ws/install/usb_cam/bin'
[1.145s] INFO:colcon.colcon_core.shell:Creating package script '/home/esogu/ros2_ws/install/usb_cam/share/usb_cam/package.ps1'
[1.146s] INFO:colcon.colcon_core.shell:Creating package descriptor '/home/esogu/ros2_ws/install/usb_cam/share/usb_cam/package.dsv'
[1.147s] INFO:colcon.colcon_core.shell:Creating package script '/home/esogu/ros2_ws/install/usb_cam/share/usb_cam/package.sh'
[1.149s] INFO:colcon.colcon_core.shell:Creating package script '/home/esogu/ros2_ws/install/usb_cam/share/usb_cam/package.bash'
[1.150s] INFO:colcon.colcon_core.shell:Creating package script '/home/esogu/ros2_ws/install/usb_cam/share/usb_cam/package.zsh'
[1.152s] Level 1:colcon.colcon_core.environment:create_file_with_runtime_dependencies(/home/esogu/ros2_ws/install/usb_cam/share/colcon-core/packages/usb_cam)
[1.153s] Level 1:colcon.colcon_core.environment:create_environment_scripts_only(usb_cam)
[1.153s] Level 1:colcon.colcon_core.environment:checking '/home/esogu/ros2_ws/install/usb_cam' for CMake module files
[1.153s] Level 1:colcon.colcon_core.environment:checking '/home/esogu/ros2_ws/install/usb_cam' for CMake config files
[1.154s] Level 1:colcon.colcon_core.shell:create_environment_hook('usb_cam', 'cmake_prefix_path')
[1.154s] INFO:colcon.colcon_core.shell:Creating environment hook '/home/esogu/ros2_ws/install/usb_cam/share/usb_cam/hook/cmake_prefix_path.ps1'
[1.155s] INFO:colcon.colcon_core.shell:Creating environment descriptor '/home/esogu/ros2_ws/install/usb_cam/share/usb_cam/hook/cmake_prefix_path.dsv'
[1.155s] INFO:colcon.colcon_core.shell:Creating environment hook '/home/esogu/ros2_ws/install/usb_cam/share/usb_cam/hook/cmake_prefix_path.sh'
[1.156s] Level 1:colcon.colcon_core.environment:checking '/home/esogu/ros2_ws/install/usb_cam/lib'
[1.156s] Level 1:colcon.colcon_core.shell:create_environment_hook('usb_cam', 'ld_library_path_lib')
[1.156s] INFO:colcon.colcon_core.shell:Creating environment hook '/home/esogu/ros2_ws/install/usb_cam/share/usb_cam/hook/ld_library_path_lib.ps1'
[1.157s] INFO:colcon.colcon_core.shell:Creating environment descriptor '/home/esogu/ros2_ws/install/usb_cam/share/usb_cam/hook/ld_library_path_lib.dsv'
[1.158s] INFO:colcon.colcon_core.shell:Creating environment hook '/home/esogu/ros2_ws/install/usb_cam/share/usb_cam/hook/ld_library_path_lib.sh'
[1.158s] Level 1:colcon.colcon_core.environment:checking '/home/esogu/ros2_ws/install/usb_cam/bin'
[1.158s] Level 1:colcon.colcon_core.environment:checking '/home/esogu/ros2_ws/install/usb_cam/lib/pkgconfig/usb_cam.pc'
[1.159s] Level 1:colcon.colcon_core.environment:checking '/home/esogu/ros2_ws/install/usb_cam/lib/python3.10/site-packages'
[1.159s] Level 1:colcon.colcon_core.environment:checking '/home/esogu/ros2_ws/install/usb_cam/bin'
[1.160s] INFO:colcon.colcon_core.shell:Creating package script '/home/esogu/ros2_ws/install/usb_cam/share/usb_cam/package.ps1'
[1.160s] INFO:colcon.colcon_core.shell:Creating package descriptor '/home/esogu/ros2_ws/install/usb_cam/share/usb_cam/package.dsv'
[1.161s] INFO:colcon.colcon_core.shell:Creating package script '/home/esogu/ros2_ws/install/usb_cam/share/usb_cam/package.sh'
[1.162s] INFO:colcon.colcon_core.shell:Creating package script '/home/esogu/ros2_ws/install/usb_cam/share/usb_cam/package.bash'
[1.163s] INFO:colcon.colcon_core.shell:Creating package script '/home/esogu/ros2_ws/install/usb_cam/share/usb_cam/package.zsh'
[1.164s] Level 1:colcon.colcon_core.environment:create_file_with_runtime_dependencies(/home/esogu/ros2_ws/install/usb_cam/share/colcon-core/packages/usb_cam)
[1.457s] DEBUG:colcon.colcon_core.event_handler.log_command:Invoking command in '/home/esogu/ros2_ws/src/detection': PYTHONPATH=/home/esogu/ros2_ws/build/detection/prefix_override:/usr/lib/python3/dist-packages/colcon_core/task/python/colcon_distutils_commands:/home/esogu/ros2_ws/install/detection/lib/python3.10/site-packages:${PYTHONPATH} /usr/bin/python3 -W ignore:setup.py install is deprecated -W ignore:easy_install command is deprecated setup.py egg_info --egg-base ../../build/detection build --build-base /home/esogu/ros2_ws/build/detection/build install --record /home/esogu/ros2_ws/build/detection/install.log --single-version-externally-managed install_data
[1.852s] Level 1:colcon.colcon_core.environment:checking '/home/esogu/ros2_ws/install/detection' for CMake module files
[1.853s] DEBUG:colcon.colcon_core.event_handler.log_command:Invoked command in '/home/esogu/ros2_ws/src/detection' returned '0': PYTHONPATH=/home/esogu/ros2_ws/build/detection/prefix_override:/usr/lib/python3/dist-packages/colcon_core/task/python/colcon_distutils_commands:/home/esogu/ros2_ws/install/detection/lib/python3.10/site-packages:${PYTHONPATH} /usr/bin/python3 -W ignore:setup.py install is deprecated -W ignore:easy_install command is deprecated setup.py egg_info --egg-base ../../build/detection build --build-base /home/esogu/ros2_ws/build/detection/build install --record /home/esogu/ros2_ws/build/detection/install.log --single-version-externally-managed install_data
[1.854s] Level 1:colcon.colcon_core.environment:checking '/home/esogu/ros2_ws/install/detection' for CMake config files
[1.854s] Level 1:colcon.colcon_core.environment:checking '/home/esogu/ros2_ws/install/detection/lib'
[1.854s] Level 1:colcon.colcon_core.environment:checking '/home/esogu/ros2_ws/install/detection/bin'
[1.854s] Level 1:colcon.colcon_core.environment:checking '/home/esogu/ros2_ws/install/detection/lib/pkgconfig/detection.pc'
[1.855s] Level 1:colcon.colcon_core.environment:checking '/home/esogu/ros2_ws/install/detection/lib/python3.10/site-packages'
[1.855s] Level 1:colcon.colcon_core.shell:create_environment_hook('detection', 'pythonpath')
[1.855s] INFO:colcon.colcon_core.shell:Creating environment hook '/home/esogu/ros2_ws/install/detection/share/detection/hook/pythonpath.ps1'
[1.855s] INFO:colcon.colcon_core.shell:Creating environment descriptor '/home/esogu/ros2_ws/install/detection/share/detection/hook/pythonpath.dsv'
[1.856s] INFO:colcon.colcon_core.shell:Creating environment hook '/home/esogu/ros2_ws/install/detection/share/detection/hook/pythonpath.sh'
[1.857s] Level 1:colcon.colcon_core.environment:checking '/home/esogu/ros2_ws/install/detection/bin'
[1.857s] Level 1:colcon.colcon_core.environment:create_environment_scripts_only(detection)
[1.857s] INFO:colcon.colcon_core.shell:Creating package script '/home/esogu/ros2_ws/install/detection/share/detection/package.ps1'
[1.858s] INFO:colcon.colcon_core.shell:Creating package descriptor '/home/esogu/ros2_ws/install/detection/share/detection/package.dsv'
[1.858s] INFO:colcon.colcon_core.shell:Creating package script '/home/esogu/ros2_ws/install/detection/share/detection/package.sh'
[1.858s] INFO:colcon.colcon_core.shell:Creating package script '/home/esogu/ros2_ws/install/detection/share/detection/package.bash'
[1.859s] INFO:colcon.colcon_core.shell:Creating package script '/home/esogu/ros2_ws/install/detection/share/detection/package.zsh'
[1.859s] Level 1:colcon.colcon_core.environment:create_file_with_runtime_dependencies(/home/esogu/ros2_ws/install/detection/share/colcon-core/packages/detection)
[1.860s] DEBUG:colcon.colcon_parallel_executor.executor.parallel:closing loop
[1.860s] DEBUG:colcon.colcon_parallel_executor.executor.parallel:loop closed
[1.860s] DEBUG:colcon.colcon_parallel_executor.executor.parallel:run_until_complete finished with '0'
[1.860s] DEBUG:colcon.colcon_core.event_reactor:joining thread
[1.866s] INFO:colcon.colcon_core.plugin_system:Skipping extension 'colcon_notification.desktop_notification.terminal_notifier': Not used on non-Darwin systems
[1.866s] INFO:colcon.colcon_core.plugin_system:Skipping extension 'colcon_notification.desktop_notification.win32': Not used on non-Windows systems
[1.866s] INFO:colcon.colcon_notification.desktop_notification:Sending desktop notification using 'notify2'
[1.880s] DEBUG:colcon.colcon_core.event_reactor:joined thread
[1.881s] INFO:colcon.colcon_core.shell:Creating prefix script '/home/esogu/ros2_ws/install/local_setup.ps1'
[1.883s] INFO:colcon.colcon_core.shell:Creating prefix util module '/home/esogu/ros2_ws/install/_local_setup_util_ps1.py'
[1.885s] INFO:colcon.colcon_core.shell:Creating prefix chain script '/home/esogu/ros2_ws/install/setup.ps1'
[1.887s] INFO:colcon.colcon_core.shell:Creating prefix script '/home/esogu/ros2_ws/install/local_setup.sh'
[1.888s] INFO:colcon.colcon_core.shell:Creating prefix util module '/home/esogu/ros2_ws/install/_local_setup_util_sh.py'
[1.889s] INFO:colcon.colcon_core.shell:Creating prefix chain script '/home/esogu/ros2_ws/install/setup.sh'
[1.891s] INFO:colcon.colcon_core.shell:Creating prefix script '/home/esogu/ros2_ws/install/local_setup.bash'
[1.891s] INFO:colcon.colcon_core.shell:Creating prefix chain script '/home/esogu/ros2_ws/install/setup.bash'
[1.893s] INFO:colcon.colcon_core.shell:Creating prefix script '/home/esogu/ros2_ws/install/local_setup.zsh'
[1.894s] INFO:colcon.colcon_core.shell:Creating prefix chain script '/home/esogu/ros2_ws/install/setup.zsh'
