[0.012s] Invoking command in '/home/esogu/ros2_ws/build/realsense2_camera': AMENT_PREFIX_PATH=/home/esogu/ros2_ws/install/realsense2_camera_msgs:${AMENT_PREFIX_PATH} CMAKE_PREFIX_PATH=/home/esogu/ros2_ws/install/realsense2_camera_msgs:/opt/ros/humble:/home/esogu/ros2_ws/install/usb_cam:/home/esogu/ros2_ws/install/detection LD_LIBRARY_PATH=/home/esogu/ros2_ws/install/realsense2_camera_msgs/lib:${LD_LIBRARY_PATH} PYTHONPATH=/home/esogu/ros2_ws/install/realsense2_camera_msgs/local/lib/python3.10/dist-packages:${PYTHONPATH} /usr/bin/cmake /home/esogu/ros2_ws/src/realsense-ros/realsense2_camera -DCMAKE_INSTALL_PREFIX=/home/esogu/ros2_ws/install/realsense2_camera
[0.023s] -- Create Release Build.
[0.023s] -- Found ament_cmake: 1.3.11 (/opt/ros/humble/share/ament_cmake/cmake)
[0.155s] -- Found builtin_interfaces: 1.2.1 (/opt/ros/humble/share/builtin_interfaces/cmake)
[0.185s] -- Found rosidl_generator_c: 3.1.6 (/opt/ros/humble/share/rosidl_generator_c/cmake)
[0.188s] -- Found rosidl_adapter: 3.1.6 (/opt/ros/humble/share/rosidl_adapter/cmake)
[0.194s] -- Found rosidl_generator_cpp: 3.1.6 (/opt/ros/humble/share/rosidl_generator_cpp/cmake)
[0.203s] -- Using all available rosidl_typesupport_c: rosidl_typesupport_fastrtps_c;rosidl_typesupport_introspection_c
[0.215s] -- Using all available rosidl_typesupport_cpp: rosidl_typesupport_fastrtps_cpp;rosidl_typesupport_introspection_cpp
[0.226s] -- Found cv_bridge: 3.2.1 (/opt/ros/humble/share/cv_bridge/cmake)
[0.277s] -- Found image_transport: 3.1.10 (/opt/ros/humble/share/image_transport/cmake)
[0.304s] -- Found rmw_implementation_cmake: 6.1.2 (/opt/ros/humble/share/rmw_implementation_cmake/cmake)
[0.305s] -- Found rmw_fastrtps_cpp: 6.2.7 (/opt/ros/humble/share/rmw_fastrtps_cpp/cmake)
[0.400s] -- Using RMW implementation 'rmw_fastrtps_cpp' as default
[0.457s] -- Found rclcpp_components: 16.0.11 (/opt/ros/humble/share/rclcpp_components/cmake)
[0.475s] -- Found realsense2_camera_msgs: 4.55.1 (/home/esogu/ros2_ws/install/realsense2_camera_msgs/share/realsense2_camera_msgs/cmake)
[0.493s] -- Found nav_msgs: 4.2.4 (/opt/ros/humble/share/nav_msgs/cmake)
[0.508s] -- Found tf2_ros: 0.25.12 (/opt/ros/humble/share/tf2_ros/cmake)
[0.568s] -- Found diagnostic_updater: 4.0.2 (/opt/ros/humble/share/diagnostic_updater/cmake)
[0.596s] -- Found OpenCV: /usr (found version "4.5.4") found components: core 
[0.597s] -- Build for ROS2 Humble
[0.603s] -- Found ament_cmake_gtest: 1.3.11 (/opt/ros/humble/share/ament_cmake_gtest/cmake)
[0.605s] -- Found gtest sources under '/opt/ros/humble/src/gtest_vendor': C++ tests using 'Google Test' will be built
[0.610s] -- Found ament_cmake_pytest: 1.3.11 (/opt/ros/humble/share/ament_cmake_pytest/cmake)
[3.465s] -- rs_device_info:
[3.465s] -- Device Name                   Serial Number       Firmware Version
[3.465s] Intel RealSense D435I         843112074086        5.16.0.1
[3.466s] 
[3.466s] -- D455 device found
[5.777s] -- Configuring done
[5.806s] -- Generating done
[5.813s] -- Build files have been written to: /home/esogu/ros2_ws/build/realsense2_camera
[5.822s] Invoked command in '/home/esogu/ros2_ws/build/realsense2_camera' returned '0': AMENT_PREFIX_PATH=/home/esogu/ros2_ws/install/realsense2_camera_msgs:${AMENT_PREFIX_PATH} CMAKE_PREFIX_PATH=/home/esogu/ros2_ws/install/realsense2_camera_msgs:/opt/ros/humble:/home/esogu/ros2_ws/install/usb_cam:/home/esogu/ros2_ws/install/detection LD_LIBRARY_PATH=/home/esogu/ros2_ws/install/realsense2_camera_msgs/lib:${LD_LIBRARY_PATH} PYTHONPATH=/home/esogu/ros2_ws/install/realsense2_camera_msgs/local/lib/python3.10/dist-packages:${PYTHONPATH} /usr/bin/cmake /home/esogu/ros2_ws/src/realsense-ros/realsense2_camera -DCMAKE_INSTALL_PREFIX=/home/esogu/ros2_ws/install/realsense2_camera
[5.824s] Invoking command in '/home/esogu/ros2_ws/build/realsense2_camera': AMENT_PREFIX_PATH=/home/esogu/ros2_ws/install/realsense2_camera_msgs:${AMENT_PREFIX_PATH} CMAKE_PREFIX_PATH=/home/esogu/ros2_ws/install/realsense2_camera_msgs:/opt/ros/humble:/home/esogu/ros2_ws/install/usb_cam:/home/esogu/ros2_ws/install/detection LD_LIBRARY_PATH=/home/esogu/ros2_ws/install/realsense2_camera_msgs/lib:${LD_LIBRARY_PATH} PYTHONPATH=/home/esogu/ros2_ws/install/realsense2_camera_msgs/local/lib/python3.10/dist-packages:${PYTHONPATH} /usr/bin/cmake --build /home/esogu/ros2_ws/build/realsense2_camera -- -j8 -l8
[5.880s] [ 13%] [32mBuilding CXX object CMakeFiles/realsense2_camera_node.dir/rclcpp_components/node_main_realsense2_camera_node.cpp.o[0m
[5.880s] [ 13%] [32mBuilding CXX object gtest/CMakeFiles/gtest_main.dir/src/gtest_main.cc.o[0m
[5.880s] [ 13%] [32mBuilding CXX object CMakeFiles/realsense2_camera.dir/src/realsense_node_factory.cpp.o[0m
[5.880s] [ 22%] [32mBuilding CXX object CMakeFiles/realsense2_camera.dir/src/rs_node_setup.cpp.o[0m
[5.880s] [ 22%] [32mBuilding CXX object CMakeFiles/realsense2_camera.dir/src/base_realsense_node.cpp.o[0m
[5.881s] [ 27%] [32mBuilding CXX object CMakeFiles/realsense2_camera.dir/src/ros_sensor.cpp.o[0m
[5.883s] [ 31%] [32mBuilding CXX object gtest/CMakeFiles/gtest.dir/src/gtest-all.cc.o[0m
[5.885s] [ 36%] [32mBuilding CXX object CMakeFiles/realsense2_camera.dir/src/parameters.cpp.o[0m
[6.956s] [ 40%] [32m[1mLinking CXX static library libgtest_main.a[0m
[7.005s] [ 40%] Built target gtest_main
[7.018s] [ 45%] [32mBuilding CXX object CMakeFiles/realsense2_camera.dir/src/ros_utils.cpp.o[0m
[11.611s] [ 50%] [32m[1mLinking CXX executable realsense2_camera_node[0m
[11.808s] [ 50%] Built target realsense2_camera_node
[11.821s] [ 54%] [32mBuilding CXX object CMakeFiles/realsense2_camera.dir/src/dynamic_params.cpp.o[0m
[12.454s] [ 59%] [32mBuilding CXX object CMakeFiles/realsense2_camera.dir/src/sensor_params.cpp.o[0m
[16.487s] [ 63%] [32mBuilding CXX object CMakeFiles/realsense2_camera.dir/src/named_filter.cpp.o[0m
[16.846s] [ 68%] [32m[1mLinking CXX static library libgtest.a[0m
[16.901s] [ 68%] Built target gtest
[16.914s] [ 72%] [32mBuilding CXX object CMakeFiles/realsense2_camera.dir/src/profile_manager.cpp.o[0m
[17.641s] [ 77%] [32mBuilding CXX object CMakeFiles/gtest_template.dir/test/gtest_template.cpp.o[0m
[18.936s] [ 81%] [32m[1mLinking CXX executable gtest_template[0m
[19.099s] [ 81%] Built target gtest_template
[19.112s] [ 86%] [32mBuilding CXX object CMakeFiles/realsense2_camera.dir/src/image_publisher.cpp.o[0m
[20.251s] [ 90%] [32mBuilding CXX object CMakeFiles/realsense2_camera.dir/src/tfs.cpp.o[0m
[20.437s] [ 95%] [32mBuilding CXX object CMakeFiles/realsense2_camera.dir/src/ros_param_backend.cpp.o[0m
[29.686s] [100%] [32m[1mLinking CXX shared library librealsense2_camera.so[0m
[30.133s] [100%] Built target realsense2_camera
[30.144s] Invoked command in '/home/esogu/ros2_ws/build/realsense2_camera' returned '0': AMENT_PREFIX_PATH=/home/esogu/ros2_ws/install/realsense2_camera_msgs:${AMENT_PREFIX_PATH} CMAKE_PREFIX_PATH=/home/esogu/ros2_ws/install/realsense2_camera_msgs:/opt/ros/humble:/home/esogu/ros2_ws/install/usb_cam:/home/esogu/ros2_ws/install/detection LD_LIBRARY_PATH=/home/esogu/ros2_ws/install/realsense2_camera_msgs/lib:${LD_LIBRARY_PATH} PYTHONPATH=/home/esogu/ros2_ws/install/realsense2_camera_msgs/local/lib/python3.10/dist-packages:${PYTHONPATH} /usr/bin/cmake --build /home/esogu/ros2_ws/build/realsense2_camera -- -j8 -l8
[30.145s] Invoking command in '/home/esogu/ros2_ws/build/realsense2_camera': AMENT_PREFIX_PATH=/home/esogu/ros2_ws/install/realsense2_camera_msgs:${AMENT_PREFIX_PATH} CMAKE_PREFIX_PATH=/home/esogu/ros2_ws/install/realsense2_camera_msgs:/opt/ros/humble:/home/esogu/ros2_ws/install/usb_cam:/home/esogu/ros2_ws/install/detection LD_LIBRARY_PATH=/home/esogu/ros2_ws/install/realsense2_camera_msgs/lib:${LD_LIBRARY_PATH} PYTHONPATH=/home/esogu/ros2_ws/install/realsense2_camera_msgs/local/lib/python3.10/dist-packages:${PYTHONPATH} /usr/bin/cmake --install /home/esogu/ros2_ws/build/realsense2_camera
[30.153s] -- Install configuration: "Release"
[30.153s] -- Installing: /home/esogu/ros2_ws/install/realsense2_camera/lib/realsense2_camera/realsense2_camera_node
[30.154s] -- Set runtime path of "/home/esogu/ros2_ws/install/realsense2_camera/lib/realsense2_camera/realsense2_camera_node" to ""
[30.154s] -- Installing: /home/esogu/ros2_ws/install/realsense2_camera/lib/librealsense2_camera.so
[30.157s] -- Set runtime path of "/home/esogu/ros2_ws/install/realsense2_camera/lib/librealsense2_camera.so" to ""
[30.157s] -- Installing: /home/esogu/ros2_ws/install/realsense2_camera/include
[30.157s] -- Installing: /home/esogu/ros2_ws/install/realsense2_camera/include/gl_window.h
[30.157s] -- Installing: /home/esogu/ros2_ws/install/realsense2_camera/include/ros_utils.h
[30.157s] -- Installing: /home/esogu/ros2_ws/install/realsense2_camera/include/ros_sensor.h
[30.157s] -- Installing: /home/esogu/ros2_ws/install/realsense2_camera/include/constants.h
[30.158s] -- Installing: /home/esogu/ros2_ws/install/realsense2_camera/include/dynamic_params.h
[30.158s] -- Installing: /home/esogu/ros2_ws/install/realsense2_camera/include/base_realsense_node.h
[30.158s] -- Installing: /home/esogu/ros2_ws/install/realsense2_camera/include/sensor_params.h
[30.158s] -- Installing: /home/esogu/ros2_ws/install/realsense2_camera/include/named_filter.h
[30.158s] -- Installing: /home/esogu/ros2_ws/install/realsense2_camera/include/realsense_node_factory.h
[30.158s] -- Installing: /home/esogu/ros2_ws/install/realsense2_camera/include/image_publisher.h
[30.158s] -- Installing: /home/esogu/ros2_ws/install/realsense2_camera/include/profile_manager.h
[30.158s] -- Installing: /home/esogu/ros2_ws/install/realsense2_camera/include/ros_param_backend.h
[30.159s] -- Installing: /home/esogu/ros2_ws/install/realsense2_camera/share/realsense2_camera/launch
[30.159s] -- Installing: /home/esogu/ros2_ws/install/realsense2_camera/share/realsense2_camera/launch/rs_intra_process_demo_launch.py
[30.159s] -- Installing: /home/esogu/ros2_ws/install/realsense2_camera/share/realsense2_camera/launch/default.rviz
[30.159s] -- Installing: /home/esogu/ros2_ws/install/realsense2_camera/share/realsense2_camera/launch/rs_launch.py
[30.159s] -- Installing: /home/esogu/ros2_ws/install/realsense2_camera/share/realsense2_camera/launch/rs_multi_camera_launch.py
[30.159s] -- Installing: /home/esogu/ros2_ws/install/realsense2_camera/share/realsense2_camera/examples
[30.160s] -- Installing: /home/esogu/ros2_ws/install/realsense2_camera/share/realsense2_camera/examples/launch_from_rosbag
[30.160s] -- Installing: /home/esogu/ros2_ws/install/realsense2_camera/share/realsense2_camera/examples/launch_from_rosbag/rs_launch_from_rosbag.py
[30.160s] -- Installing: /home/esogu/ros2_ws/install/realsense2_camera/share/realsense2_camera/examples/launch_from_rosbag/README.md
[30.160s] -- Installing: /home/esogu/ros2_ws/install/realsense2_camera/share/realsense2_camera/examples/dual_camera
[30.160s] -- Installing: /home/esogu/ros2_ws/install/realsense2_camera/share/realsense2_camera/examples/dual_camera/rs_dual_camera_launch.py
[30.160s] -- Installing: /home/esogu/ros2_ws/install/realsense2_camera/share/realsense2_camera/examples/dual_camera/README.md
[30.161s] -- Installing: /home/esogu/ros2_ws/install/realsense2_camera/share/realsense2_camera/examples/dual_camera/rviz
[30.161s] -- Installing: /home/esogu/ros2_ws/install/realsense2_camera/share/realsense2_camera/examples/dual_camera/rviz/dual_camera_pointcloud.rviz
[30.161s] -- Installing: /home/esogu/ros2_ws/install/realsense2_camera/share/realsense2_camera/examples/launch_params_from_file
[30.161s] -- Installing: /home/esogu/ros2_ws/install/realsense2_camera/share/realsense2_camera/examples/launch_params_from_file/config
[30.161s] -- Installing: /home/esogu/ros2_ws/install/realsense2_camera/share/realsense2_camera/examples/launch_params_from_file/config/config.yaml
[30.161s] -- Installing: /home/esogu/ros2_ws/install/realsense2_camera/share/realsense2_camera/examples/launch_params_from_file/README.md
[30.161s] -- Installing: /home/esogu/ros2_ws/install/realsense2_camera/share/realsense2_camera/examples/launch_params_from_file/rs_launch_get_params_from_yaml.py
[30.161s] -- Installing: /home/esogu/ros2_ws/install/realsense2_camera/share/realsense2_camera/examples/align_depth
[30.161s] -- Installing: /home/esogu/ros2_ws/install/realsense2_camera/share/realsense2_camera/examples/align_depth/README.md
[30.162s] -- Installing: /home/esogu/ros2_ws/install/realsense2_camera/share/realsense2_camera/examples/align_depth/rs_align_depth_launch.py
[30.162s] -- Installing: /home/esogu/ros2_ws/install/realsense2_camera/share/realsense2_camera/examples/pointcloud
[30.162s] -- Installing: /home/esogu/ros2_ws/install/realsense2_camera/share/realsense2_camera/examples/pointcloud/rs_pointcloud_launch.py
[30.162s] -- Installing: /home/esogu/ros2_ws/install/realsense2_camera/share/realsense2_camera/examples/pointcloud/rs_d455_pointcloud_launch.py
[30.162s] -- Installing: /home/esogu/ros2_ws/install/realsense2_camera/share/realsense2_camera/examples/pointcloud/rs_d405_pointcloud_launch.py
[30.162s] -- Installing: /home/esogu/ros2_ws/install/realsense2_camera/share/realsense2_camera/examples/pointcloud/README.md
[30.162s] -- Installing: /home/esogu/ros2_ws/install/realsense2_camera/share/realsense2_camera/examples/pointcloud/rviz
[30.162s] -- Installing: /home/esogu/ros2_ws/install/realsense2_camera/share/realsense2_camera/examples/pointcloud/rviz/urdf_pointcloud.rviz
[30.163s] -- Installing: /home/esogu/ros2_ws/install/realsense2_camera/share/realsense2_camera/examples/pointcloud/rviz/pointcloud.rviz
[30.163s] -- Installing: /home/esogu/ros2_ws/install/realsense2_camera/share/realsense2_camera/environment/library_path.sh
[30.163s] -- Installing: /home/esogu/ros2_ws/install/realsense2_camera/share/realsense2_camera/environment/library_path.dsv
[30.163s] -- Installing: /home/esogu/ros2_ws/install/realsense2_camera/share/ament_index/resource_index/package_run_dependencies/realsense2_camera
[30.163s] -- Installing: /home/esogu/ros2_ws/install/realsense2_camera/share/ament_index/resource_index/parent_prefix_path/realsense2_camera
[30.163s] -- Installing: /home/esogu/ros2_ws/install/realsense2_camera/share/realsense2_camera/environment/ament_prefix_path.sh
[30.163s] -- Installing: /home/esogu/ros2_ws/install/realsense2_camera/share/realsense2_camera/environment/ament_prefix_path.dsv
[30.164s] -- Installing: /home/esogu/ros2_ws/install/realsense2_camera/share/realsense2_camera/environment/path.sh
[30.164s] -- Installing: /home/esogu/ros2_ws/install/realsense2_camera/share/realsense2_camera/environment/path.dsv
[30.164s] -- Installing: /home/esogu/ros2_ws/install/realsense2_camera/share/realsense2_camera/local_setup.bash
[30.164s] -- Installing: /home/esogu/ros2_ws/install/realsense2_camera/share/realsense2_camera/local_setup.sh
[30.164s] -- Installing: /home/esogu/ros2_ws/install/realsense2_camera/share/realsense2_camera/local_setup.zsh
[30.164s] -- Installing: /home/esogu/ros2_ws/install/realsense2_camera/share/realsense2_camera/local_setup.dsv
[30.165s] -- Installing: /home/esogu/ros2_ws/install/realsense2_camera/share/realsense2_camera/package.dsv
[30.165s] -- Installing: /home/esogu/ros2_ws/install/realsense2_camera/share/ament_index/resource_index/packages/realsense2_camera
[30.165s] -- Installing: /home/esogu/ros2_ws/install/realsense2_camera/share/ament_index/resource_index/rclcpp_components/realsense2_camera
[30.165s] -- Installing: /home/esogu/ros2_ws/install/realsense2_camera/share/realsense2_camera/cmake/ament_cmake_export_include_directories-extras.cmake
[30.166s] -- Installing: /home/esogu/ros2_ws/install/realsense2_camera/share/realsense2_camera/cmake/ament_cmake_export_libraries-extras.cmake
[30.166s] -- Installing: /home/esogu/ros2_ws/install/realsense2_camera/share/realsense2_camera/cmake/ament_cmake_export_dependencies-extras.cmake
[30.166s] -- Installing: /home/esogu/ros2_ws/install/realsense2_camera/share/realsense2_camera/cmake/realsense2_cameraConfig.cmake
[30.166s] -- Installing: /home/esogu/ros2_ws/install/realsense2_camera/share/realsense2_camera/cmake/realsense2_cameraConfig-version.cmake
[30.166s] -- Installing: /home/esogu/ros2_ws/install/realsense2_camera/share/realsense2_camera/package.xml
[30.169s] Invoked command in '/home/esogu/ros2_ws/build/realsense2_camera' returned '0': AMENT_PREFIX_PATH=/home/esogu/ros2_ws/install/realsense2_camera_msgs:${AMENT_PREFIX_PATH} CMAKE_PREFIX_PATH=/home/esogu/ros2_ws/install/realsense2_camera_msgs:/opt/ros/humble:/home/esogu/ros2_ws/install/usb_cam:/home/esogu/ros2_ws/install/detection LD_LIBRARY_PATH=/home/esogu/ros2_ws/install/realsense2_camera_msgs/lib:${LD_LIBRARY_PATH} PYTHONPATH=/home/esogu/ros2_ws/install/realsense2_camera_msgs/local/lib/python3.10/dist-packages:${PYTHONPATH} /usr/bin/cmake --install /home/esogu/ros2_ws/build/realsense2_camera
