[0.005s] Invoking command in '/home/esogu/ros2_ws/build/usb_cam': CMAKE_PREFIX_PATH=/opt/ros/humble /usr/bin/cmake /home/esogu/ros2_ws/src/usb_cam -DCMAKE_INSTALL_PREFIX=/home/esogu/ros2_ws/install/usb_cam
[0.055s] -- The C compiler identification is GNU 11.4.0
[0.109s] -- The CXX compiler identification is GNU 11.4.0
[0.115s] -- Detecting C compiler ABI info
[0.183s] -- Detecting C compiler ABI info - done
[0.192s] -- Check for working C compiler: /usr/bin/cc - skipped
[0.192s] -- Detecting C compile features
[0.193s] -- Detecting C compile features - done
[0.196s] -- Detecting CXX compiler ABI info
[0.270s] -- Detecting CXX compiler ABI info - done
[0.274s] -- Check for working CXX compiler: /usr/bin/c++ - skipped
[0.274s] -- Detecting CXX compile features
[0.275s] -- Detecting CXX compile features - done
[0.277s] -- Found ament_cmake_auto: 1.3.11 (/opt/ros/humble/share/ament_cmake_auto/cmake)
[0.402s] -- Found Python3: /usr/bin/python3 (found version "3.10.12") found components: Interpreter 
[0.547s] -- Found rosidl_generator_c: 3.1.6 (/opt/ros/humble/share/rosidl_generator_c/cmake)
[0.550s] -- Found rosidl_adapter: 3.1.6 (/opt/ros/humble/share/rosidl_adapter/cmake)
[0.555s] -- Found rosidl_generator_cpp: 3.1.6 (/opt/ros/humble/share/rosidl_generator_cpp/cmake)
[0.564s] -- Using all available rosidl_typesupport_c: rosidl_typesupport_fastrtps_c;rosidl_typesupport_introspection_c
[0.574s] -- Using all available rosidl_typesupport_cpp: rosidl_typesupport_fastrtps_cpp;rosidl_typesupport_introspection_cpp
[0.602s] -- Found rmw_implementation_cmake: 6.1.2 (/opt/ros/humble/share/rmw_implementation_cmake/cmake)
[0.604s] -- Found rmw_fastrtps_cpp: 6.2.7 (/opt/ros/humble/share/rmw_fastrtps_cpp/cmake)
[0.681s] -- Found OpenSSL: /usr/lib/x86_64-linux-gnu/libcrypto.so (found version "3.0.2")  
[0.712s] -- Found FastRTPS: /opt/ros/humble/include  
[0.739s] -- Using RMW implementation 'rmw_fastrtps_cpp' as default
[0.753s] -- Looking for pthread.h
[0.843s] -- Looking for pthread.h - found
[0.843s] -- Performing Test CMAKE_HAVE_LIBC_PTHREAD
[0.931s] -- Performing Test CMAKE_HAVE_LIBC_PTHREAD - Success
[0.933s] -- Found Threads: TRUE  
[1.084s] -- Found OpenCV: /usr (found version "4.5.4") 
[1.086s] -- Found PkgConfig: /usr/bin/pkg-config (found version "0.29.2") 
[1.087s] -- Checking for module 'libavcodec'
[1.097s] --   Found libavcodec, version 58.134.100
[1.132s] -- Checking for module 'libavutil'
[1.148s] --   Found libavutil, version 56.70.100
[1.184s] -- Checking for module 'libswscale'
[1.201s] --   Found libswscale, version 5.9.100
[1.249s] -- Found ament_lint_auto: 0.12.11 (/opt/ros/humble/share/ament_lint_auto/cmake)
[1.277s] -- Found gtest sources under '/opt/ros/humble/src/gtest_vendor': C++ tests using 'Google Test' will be built
[1.284s] -- Added test 'copyright' to check source files copyright and LICENSE
[1.286s] -- Added test 'cppcheck' to perform static code analysis on C / C++ code
[1.286s] -- Configured cppcheck include dirs: /home/esogu/ros2_ws/src/usb_cam/include
[1.286s] -- Configured cppcheck exclude dirs and/or files: 
[1.288s] -- Added test 'cpplint' to check C / C++ code against the Google style
[1.288s] -- Configured cpplint exclude dirs and/or files: 
[1.288s] -- Added test 'flake8' to check Python code syntax and style conventions
[1.289s] -- Added test 'lint_cmake' to check CMake code style
[1.289s] -- Added test 'pep257' to check Python code against some of the docstring style conventions in PEP 257
[1.291s] -- Added test 'uncrustify' to check C / C++ code style
[1.291s] -- Configured uncrustify additional arguments: 
[1.291s] -- Added test 'xmllint' to check XML markup files
[1.293s] -- Configuring done
[1.307s] -- Generating done
[1.311s] -- Build files have been written to: /home/esogu/ros2_ws/build/usb_cam
[1.319s] Invoked command in '/home/esogu/ros2_ws/build/usb_cam' returned '0': CMAKE_PREFIX_PATH=/opt/ros/humble /usr/bin/cmake /home/esogu/ros2_ws/src/usb_cam -DCMAKE_INSTALL_PREFIX=/home/esogu/ros2_ws/install/usb_cam
[1.319s] Invoking command in '/home/esogu/ros2_ws/build/usb_cam': CMAKE_PREFIX_PATH=/opt/ros/humble /usr/bin/cmake --build /home/esogu/ros2_ws/build/usb_cam -- -j20 -l20
[1.355s] [  7%] [32mBuilding CXX object CMakeFiles/usb_cam.dir/src/usb_cam.cpp.o[0m
[1.355s] [ 14%] [32mBuilding CXX object gtest/CMakeFiles/gtest_main.dir/src/gtest_main.cc.o[0m
[1.355s] [ 21%] [32mBuilding CXX object CMakeFiles/usb_cam_node_exe.dir/rclcpp_components/node_main_usb_cam_node_exe.cpp.o[0m
[1.356s] [ 28%] [32mBuilding CXX object gtest/CMakeFiles/gtest.dir/src/gtest-all.cc.o[0m
[1.839s] [ 35%] [32m[1mLinking CXX static library libgtest_main.a[0m
[1.864s] [ 35%] Built target gtest_main
[2.363s] [ 42%] [32m[1mLinking CXX shared library libusb_cam.so[0m
[2.502s] [ 42%] Built target usb_cam
[2.518s] [ 50%] [32mBuilding CXX object CMakeFiles/usb_cam_node.dir/src/usb_cam_node.cpp.o[0m
[2.972s] [ 57%] [32m[1mLinking CXX executable usb_cam_node_exe[0m
[3.036s] [ 64%] [32m[1mLinking CXX static library libgtest.a[0m
[3.072s] [ 64%] Built target gtest
[3.087s] [ 78%] [32mBuilding CXX object CMakeFiles/test_pixel_formats.dir/test/test_pixel_formats.cpp.o[0m
[3.088s] [ 78%] [32mBuilding CXX object CMakeFiles/test_usb_cam_utils.dir/test/test_usb_cam_utils.cpp.o[0m
[3.120s] [ 78%] Built target usb_cam_node_exe
[3.765s] [ 85%] [32m[1mLinking CXX executable test_usb_cam_utils[0m
[3.894s] [ 85%] Built target test_usb_cam_utils
[3.927s] [ 92%] [32m[1mLinking CXX executable test_pixel_formats[0m
[4.046s] [ 92%] Built target test_pixel_formats
[6.304s] [100%] [32m[1mLinking CXX shared library libusb_cam_node.so[0m
[6.537s] [100%] Built target usb_cam_node
[6.544s] Invoked command in '/home/esogu/ros2_ws/build/usb_cam' returned '0': CMAKE_PREFIX_PATH=/opt/ros/humble /usr/bin/cmake --build /home/esogu/ros2_ws/build/usb_cam -- -j20 -l20
[6.550s] Invoking command in '/home/esogu/ros2_ws/build/usb_cam': CMAKE_PREFIX_PATH=/opt/ros/humble /usr/bin/cmake --install /home/esogu/ros2_ws/build/usb_cam
[6.555s] -- Install configuration: ""
[6.555s] -- Installing: /home/esogu/ros2_ws/install/usb_cam/share/usb_cam/environment/library_path.sh
[6.555s] -- Installing: /home/esogu/ros2_ws/install/usb_cam/share/usb_cam/environment/library_path.dsv
[6.555s] -- Installing: /home/esogu/ros2_ws/install/usb_cam/lib/usb_cam/usb_cam_node_exe
[6.555s] -- Set runtime path of "/home/esogu/ros2_ws/install/usb_cam/lib/usb_cam/usb_cam_node_exe" to ""
[6.555s] -- Installing: /home/esogu/ros2_ws/install/usb_cam/lib/usb_cam/show_image.py
[6.555s] -- Installing: /home/esogu/ros2_ws/install/usb_cam/lib/libusb_cam.so
[6.556s] -- Installing: /home/esogu/ros2_ws/install/usb_cam/lib/libusb_cam_node.so
[6.558s] -- Set runtime path of "/home/esogu/ros2_ws/install/usb_cam/lib/libusb_cam_node.so" to ""
[6.558s] -- Installing: /home/esogu/ros2_ws/install/usb_cam/include
[6.558s] -- Installing: /home/esogu/ros2_ws/install/usb_cam/include/usb_cam
[6.558s] -- Installing: /home/esogu/ros2_ws/install/usb_cam/include/usb_cam/constants.hpp
[6.558s] -- Installing: /home/esogu/ros2_ws/install/usb_cam/include/usb_cam/usb_cam_node.hpp
[6.558s] -- Installing: /home/esogu/ros2_ws/install/usb_cam/include/usb_cam/formats
[6.558s] -- Installing: /home/esogu/ros2_ws/install/usb_cam/include/usb_cam/formats/pixel_format_base.hpp
[6.558s] -- Installing: /home/esogu/ros2_ws/install/usb_cam/include/usb_cam/formats/mjpeg.hpp
[6.558s] -- Installing: /home/esogu/ros2_ws/install/usb_cam/include/usb_cam/formats/uyvy.hpp
[6.558s] -- Installing: /home/esogu/ros2_ws/install/usb_cam/include/usb_cam/formats/mono.hpp
[6.558s] -- Installing: /home/esogu/ros2_ws/install/usb_cam/include/usb_cam/formats/yuyv.hpp
[6.558s] -- Installing: /home/esogu/ros2_ws/install/usb_cam/include/usb_cam/formats/av_pixel_format_helper.hpp
[6.558s] -- Installing: /home/esogu/ros2_ws/install/usb_cam/include/usb_cam/formats/m420.hpp
[6.558s] -- Installing: /home/esogu/ros2_ws/install/usb_cam/include/usb_cam/formats/utils.hpp
[6.558s] -- Installing: /home/esogu/ros2_ws/install/usb_cam/include/usb_cam/formats/rgb.hpp
[6.558s] -- Installing: /home/esogu/ros2_ws/install/usb_cam/include/usb_cam/usb_cam.hpp
[6.558s] -- Installing: /home/esogu/ros2_ws/install/usb_cam/include/usb_cam/conversions.hpp
[6.558s] -- Installing: /home/esogu/ros2_ws/install/usb_cam/include/usb_cam/utils.hpp
[6.558s] -- Up-to-date: /home/esogu/ros2_ws/install/usb_cam/lib/libusb_cam_node.so
[6.558s] -- Installing: /home/esogu/ros2_ws/install/usb_cam/share/usb_cam/launch
[6.558s] -- Installing: /home/esogu/ros2_ws/install/usb_cam/share/usb_cam/launch/camera.launch.py
[6.558s] -- Installing: /home/esogu/ros2_ws/install/usb_cam/share/usb_cam/launch/camera_config.py
[6.558s] -- Installing: /home/esogu/ros2_ws/install/usb_cam/share/usb_cam/launch/__init__.py
[6.558s] -- Installing: /home/esogu/ros2_ws/install/usb_cam/share/usb_cam/config
[6.558s] -- Installing: /home/esogu/ros2_ws/install/usb_cam/share/usb_cam/config/params_1.yaml
[6.558s] -- Installing: /home/esogu/ros2_ws/install/usb_cam/share/usb_cam/config/params_2.yaml
[6.559s] -- Installing: /home/esogu/ros2_ws/install/usb_cam/share/usb_cam/config/camera_info.yaml
[6.559s] -- Installing: /home/esogu/ros2_ws/install/usb_cam/share/ament_index/resource_index/package_run_dependencies/usb_cam
[6.559s] -- Installing: /home/esogu/ros2_ws/install/usb_cam/share/ament_index/resource_index/parent_prefix_path/usb_cam
[6.559s] -- Installing: /home/esogu/ros2_ws/install/usb_cam/share/usb_cam/environment/ament_prefix_path.sh
[6.559s] -- Installing: /home/esogu/ros2_ws/install/usb_cam/share/usb_cam/environment/ament_prefix_path.dsv
[6.559s] -- Installing: /home/esogu/ros2_ws/install/usb_cam/share/usb_cam/environment/path.sh
[6.559s] -- Installing: /home/esogu/ros2_ws/install/usb_cam/share/usb_cam/environment/path.dsv
[6.559s] -- Installing: /home/esogu/ros2_ws/install/usb_cam/share/usb_cam/local_setup.bash
[6.559s] -- Installing: /home/esogu/ros2_ws/install/usb_cam/share/usb_cam/local_setup.sh
[6.559s] -- Installing: /home/esogu/ros2_ws/install/usb_cam/share/usb_cam/local_setup.zsh
[6.559s] -- Installing: /home/esogu/ros2_ws/install/usb_cam/share/usb_cam/local_setup.dsv
[6.559s] -- Installing: /home/esogu/ros2_ws/install/usb_cam/share/usb_cam/package.dsv
[6.559s] -- Installing: /home/esogu/ros2_ws/install/usb_cam/share/ament_index/resource_index/packages/usb_cam
[6.559s] -- Installing: /home/esogu/ros2_ws/install/usb_cam/share/ament_index/resource_index/rclcpp_components/usb_cam
[6.559s] -- Installing: /home/esogu/ros2_ws/install/usb_cam/share/usb_cam/cmake/ament_cmake_export_libraries-extras.cmake
[6.559s] -- Installing: /home/esogu/ros2_ws/install/usb_cam/share/usb_cam/cmake/ament_cmake_export_dependencies-extras.cmake
[6.559s] -- Installing: /home/esogu/ros2_ws/install/usb_cam/share/usb_cam/cmake/ament_cmake_export_include_directories-extras.cmake
[6.559s] -- Installing: /home/esogu/ros2_ws/install/usb_cam/share/usb_cam/cmake/usb_camConfig.cmake
[6.559s] -- Installing: /home/esogu/ros2_ws/install/usb_cam/share/usb_cam/cmake/usb_camConfig-version.cmake
[6.559s] -- Installing: /home/esogu/ros2_ws/install/usb_cam/share/usb_cam/package.xml
[6.560s] Invoked command in '/home/esogu/ros2_ws/build/usb_cam' returned '0': CMAKE_PREFIX_PATH=/opt/ros/humble /usr/bin/cmake --install /home/esogu/ros2_ws/build/usb_cam
