[0.734s] Invoking command in '/home/esogu/ros2_ws/src/detection': PYTHONPATH=/home/esogu/ros2_ws/build/detection/prefix_override:/usr/lib/python3/dist-packages/colcon_core/task/python/colcon_distutils_commands:/home/esogu/ros2_ws/install/detection/lib/python3.10/site-packages:${PYTHONPATH} /usr/bin/python3 -W ignore:setup.py install is deprecated -W ignore:easy_install command is deprecated setup.py egg_info --egg-base ../../build/detection build --build-base /home/esogu/ros2_ws/build/detection/build install --record /home/esogu/ros2_ws/build/detection/install.log --single-version-externally-managed install_data
[1.028s] running egg_info
[1.029s] writing ../../build/detection/detection.egg-info/PKG-INFO
[1.029s] writing dependency_links to ../../build/detection/detection.egg-info/dependency_links.txt
[1.030s] writing entry points to ../../build/detection/detection.egg-info/entry_points.txt
[1.030s] writing requirements to ../../build/detection/detection.egg-info/requires.txt
[1.030s] writing top-level names to ../../build/detection/detection.egg-info/top_level.txt
[1.032s] reading manifest file '../../build/detection/detection.egg-info/SOURCES.txt'
[1.033s] writing manifest file '../../build/detection/detection.egg-info/SOURCES.txt'
[1.033s] running build
[1.033s] running build_py
[1.033s] copying detection/green_color_detection_node.py -> /home/esogu/ros2_ws/build/detection/build/lib/detection
[1.034s] running install
[1.034s] running install_lib
[1.035s] copying /home/esogu/ros2_ws/build/detection/build/lib/detection/green_color_detection_node.py -> /home/esogu/ros2_ws/install/detection/lib/python3.10/site-packages/detection
[1.036s] byte-compiling /home/esogu/ros2_ws/install/detection/lib/python3.10/site-packages/detection/green_color_detection_node.py to green_color_detection_node.cpython-310.pyc
[1.037s] running install_data
[1.037s] running install_egg_info
[1.039s] removing '/home/esogu/ros2_ws/install/detection/lib/python3.10/site-packages/detection-0.0.0-py3.10.egg-info' (and everything under it)
[1.039s] Copying ../../build/detection/detection.egg-info to /home/esogu/ros2_ws/install/detection/lib/python3.10/site-packages/detection-0.0.0-py3.10.egg-info
[1.040s] running install_scripts
[1.063s] Installing green_color_detection_node script to /home/esogu/ros2_ws/install/detection/lib/detection
[1.063s] Installing shape_detection script to /home/esogu/ros2_ws/install/detection/lib/detection
[1.064s] writing list of installed files to '/home/esogu/ros2_ws/build/detection/install.log'
[1.088s] Invoked command in '/home/esogu/ros2_ws/src/detection' returned '0': PYTHONPATH=/home/esogu/ros2_ws/build/detection/prefix_override:/usr/lib/python3/dist-packages/colcon_core/task/python/colcon_distutils_commands:/home/esogu/ros2_ws/install/detection/lib/python3.10/site-packages:${PYTHONPATH} /usr/bin/python3 -W ignore:setup.py install is deprecated -W ignore:easy_install command is deprecated setup.py egg_info --egg-base ../../build/detection build --build-base /home/esogu/ros2_ws/build/detection/build install --record /home/esogu/ros2_ws/build/detection/install.log --single-version-externally-managed install_data
