/home/esogu/ros2_ws/src/install/detection/lib/python3.10/site-packages/detection/green_color_detection_node.py
/home/esogu/ros2_ws/src/install/detection/lib/python3.10/site-packages/detection/__init__.py
/home/esogu/ros2_ws/src/install/detection/lib/python3.10/site-packages/detection/red_color_detection_node.py
/home/esogu/ros2_ws/src/install/detection/lib/python3.10/site-packages/detection/shape_detection.py
/home/esogu/ros2_ws/src/install/detection/lib/python3.10/site-packages/detection/__pycache__/green_color_detection_node.cpython-310.pyc
/home/esogu/ros2_ws/src/install/detection/lib/python3.10/site-packages/detection/__pycache__/__init__.cpython-310.pyc
/home/esogu/ros2_ws/src/install/detection/lib/python3.10/site-packages/detection/__pycache__/red_color_detection_node.cpython-310.pyc
/home/esogu/ros2_ws/src/install/detection/lib/python3.10/site-packages/detection/__pycache__/shape_detection.cpython-310.pyc
/home/esogu/ros2_ws/src/install/detection/share/ament_index/resource_index/packages/detection
/home/esogu/ros2_ws/src/install/detection/share/detection/package.xml
/home/esogu/ros2_ws/src/install/detection/lib/python3.10/site-packages/detection-0.0.0-py3.10.egg-info/entry_points.txt
/home/esogu/ros2_ws/src/install/detection/lib/python3.10/site-packages/detection-0.0.0-py3.10.egg-info/zip-safe
/home/esogu/ros2_ws/src/install/detection/lib/python3.10/site-packages/detection-0.0.0-py3.10.egg-info/requires.txt
/home/esogu/ros2_ws/src/install/detection/lib/python3.10/site-packages/detection-0.0.0-py3.10.egg-info/SOURCES.txt
/home/esogu/ros2_ws/src/install/detection/lib/python3.10/site-packages/detection-0.0.0-py3.10.egg-info/top_level.txt
/home/esogu/ros2_ws/src/install/detection/lib/python3.10/site-packages/detection-0.0.0-py3.10.egg-info/PKG-INFO
/home/esogu/ros2_ws/src/install/detection/lib/python3.10/site-packages/detection-0.0.0-py3.10.egg-info/dependency_links.txt
/home/esogu/ros2_ws/src/install/detection/lib/detection/green_color_detection_node
/home/esogu/ros2_ws/src/install/detection/lib/detection/red_color_detection_node
/home/esogu/ros2_ws/src/install/detection/lib/detection/shape_detection
