[0.010s] Invoking command in '/home/esogu/ros2_ws/build/realsense2_description': AMENT_PREFIX_PATH=/home/esogu/ros2_ws/install/realsense2_camera_msgs:${AMENT_PREFIX_PATH} CMAKE_PREFIX_PATH=/home/esogu/ros2_ws/install/realsense2_camera_msgs:/home/esogu/ros2_ws/install/usb_cam:/home/esogu/ros2_ws/install/detection:/opt/ros/humble LD_LIBRARY_PATH=/home/esogu/ros2_ws/install/realsense2_camera_msgs/lib:${LD_LIBRARY_PATH} PYTHONPATH=/home/esogu/ros2_ws/install/realsense2_camera_msgs/local/lib/python3.10/dist-packages:${PYTHONPATH} /usr/bin/cmake /home/esogu/ros2_ws/src/realsense-ros/realsense2_description -DCMAKE_INSTALL_PREFIX=/home/esogu/ros2_ws/install/realsense2_description
[0.064s] -- The C compiler identification is GNU 11.4.0
[0.120s] -- The CXX compiler identification is GNU 11.4.0
[0.127s] -- Detecting C compiler ABI info
[0.199s] -- Detecting C compiler ABI info - done
[0.209s] -- Check for working C compiler: /usr/bin/cc - skipped
[0.209s] -- Detecting C compile features
[0.210s] -- Detecting C compile features - done
[0.212s] -- Detecting CXX compiler ABI info
[0.292s] -- Detecting CXX compiler ABI info - done
[0.299s] -- Check for working CXX compiler: /usr/bin/c++ - skipped
[0.300s] -- Detecting CXX compile features
[0.300s] -- Detecting CXX compile features - done
[0.303s] -- Found ament_cmake: 1.3.11 (/opt/ros/humble/share/ament_cmake/cmake)
[0.454s] -- Found Python3: /usr/bin/python3 (found version "3.10.12") found components: Interpreter 
[0.601s] -- Configuring done
[0.604s] -- Generating done
[0.605s] -- Build files have been written to: /home/esogu/ros2_ws/build/realsense2_description
[0.610s] Invoked command in '/home/esogu/ros2_ws/build/realsense2_description' returned '0': AMENT_PREFIX_PATH=/home/esogu/ros2_ws/install/realsense2_camera_msgs:${AMENT_PREFIX_PATH} CMAKE_PREFIX_PATH=/home/esogu/ros2_ws/install/realsense2_camera_msgs:/home/esogu/ros2_ws/install/usb_cam:/home/esogu/ros2_ws/install/detection:/opt/ros/humble LD_LIBRARY_PATH=/home/esogu/ros2_ws/install/realsense2_camera_msgs/lib:${LD_LIBRARY_PATH} PYTHONPATH=/home/esogu/ros2_ws/install/realsense2_camera_msgs/local/lib/python3.10/dist-packages:${PYTHONPATH} /usr/bin/cmake /home/esogu/ros2_ws/src/realsense-ros/realsense2_description -DCMAKE_INSTALL_PREFIX=/home/esogu/ros2_ws/install/realsense2_description
[0.611s] Invoking command in '/home/esogu/ros2_ws/build/realsense2_description': AMENT_PREFIX_PATH=/home/esogu/ros2_ws/install/realsense2_camera_msgs:${AMENT_PREFIX_PATH} CMAKE_PREFIX_PATH=/home/esogu/ros2_ws/install/realsense2_camera_msgs:/home/esogu/ros2_ws/install/usb_cam:/home/esogu/ros2_ws/install/detection:/opt/ros/humble LD_LIBRARY_PATH=/home/esogu/ros2_ws/install/realsense2_camera_msgs/lib:${LD_LIBRARY_PATH} PYTHONPATH=/home/esogu/ros2_ws/install/realsense2_camera_msgs/local/lib/python3.10/dist-packages:${PYTHONPATH} /usr/bin/cmake --build /home/esogu/ros2_ws/build/realsense2_description -- -j8 -l8
[0.648s] Invoked command in '/home/esogu/ros2_ws/build/realsense2_description' returned '0': AMENT_PREFIX_PATH=/home/esogu/ros2_ws/install/realsense2_camera_msgs:${AMENT_PREFIX_PATH} CMAKE_PREFIX_PATH=/home/esogu/ros2_ws/install/realsense2_camera_msgs:/home/esogu/ros2_ws/install/usb_cam:/home/esogu/ros2_ws/install/detection:/opt/ros/humble LD_LIBRARY_PATH=/home/esogu/ros2_ws/install/realsense2_camera_msgs/lib:${LD_LIBRARY_PATH} PYTHONPATH=/home/esogu/ros2_ws/install/realsense2_camera_msgs/local/lib/python3.10/dist-packages:${PYTHONPATH} /usr/bin/cmake --build /home/esogu/ros2_ws/build/realsense2_description -- -j8 -l8
[0.650s] Invoking command in '/home/esogu/ros2_ws/build/realsense2_description': AMENT_PREFIX_PATH=/home/esogu/ros2_ws/install/realsense2_camera_msgs:${AMENT_PREFIX_PATH} CMAKE_PREFIX_PATH=/home/esogu/ros2_ws/install/realsense2_camera_msgs:/home/esogu/ros2_ws/install/usb_cam:/home/esogu/ros2_ws/install/detection:/opt/ros/humble LD_LIBRARY_PATH=/home/esogu/ros2_ws/install/realsense2_camera_msgs/lib:${LD_LIBRARY_PATH} PYTHONPATH=/home/esogu/ros2_ws/install/realsense2_camera_msgs/local/lib/python3.10/dist-packages:${PYTHONPATH} /usr/bin/cmake --install /home/esogu/ros2_ws/build/realsense2_description
[0.658s] -- Install configuration: ""
[0.658s] -- Installing: /home/esogu/ros2_ws/install/realsense2_description/share/realsense2_description/launch
[0.658s] -- Installing: /home/esogu/ros2_ws/install/realsense2_description/share/realsense2_description/launch/launch_utils.py
[0.658s] -- Installing: /home/esogu/ros2_ws/install/realsense2_description/share/realsense2_description/launch/view_model.launch.py
[0.658s] -- Installing: /home/esogu/ros2_ws/install/realsense2_description/share/realsense2_description/meshes
[0.658s] -- Installing: /home/esogu/ros2_ws/install/realsense2_description/share/realsense2_description/meshes/l515.dae
[0.689s] -- Installing: /home/esogu/ros2_ws/install/realsense2_description/share/realsense2_description/meshes/d435.dae
[0.703s] -- Installing: /home/esogu/ros2_ws/install/realsense2_description/share/realsense2_description/meshes/plug.stl
[0.704s] -- Installing: /home/esogu/ros2_ws/install/realsense2_description/share/realsense2_description/meshes/d405.stl
[0.704s] -- Installing: /home/esogu/ros2_ws/install/realsense2_description/share/realsense2_description/meshes/d455.stl
[0.707s] -- Installing: /home/esogu/ros2_ws/install/realsense2_description/share/realsense2_description/meshes/plug_collision.stl
[0.707s] -- Installing: /home/esogu/ros2_ws/install/realsense2_description/share/realsense2_description/meshes/d415.stl
[0.726s] -- Installing: /home/esogu/ros2_ws/install/realsense2_description/share/realsense2_description/rviz
[0.726s] -- Installing: /home/esogu/ros2_ws/install/realsense2_description/share/realsense2_description/rviz/urdf.rviz
[0.726s] -- Installing: /home/esogu/ros2_ws/install/realsense2_description/share/realsense2_description/urdf
[0.726s] -- Installing: /home/esogu/ros2_ws/install/realsense2_description/share/realsense2_description/urdf/test_r410_camera.urdf.xacro
[0.727s] -- Installing: /home/esogu/ros2_ws/install/realsense2_description/share/realsense2_description/urdf/_d435i_imu_modules.urdf.xacro
[0.727s] -- Installing: /home/esogu/ros2_ws/install/realsense2_description/share/realsense2_description/urdf/test_d435i_camera.urdf.xacro
[0.727s] -- Installing: /home/esogu/ros2_ws/install/realsense2_description/share/realsense2_description/urdf/test_d405_camera.urdf.xacro
[0.727s] -- Installing: /home/esogu/ros2_ws/install/realsense2_description/share/realsense2_description/urdf/test_d435_camera.urdf.xacro
[0.727s] -- Installing: /home/esogu/ros2_ws/install/realsense2_description/share/realsense2_description/urdf/_d435i.urdf.xacro
[0.727s] -- Installing: /home/esogu/ros2_ws/install/realsense2_description/share/realsense2_description/urdf/_materials.urdf.xacro
[0.727s] -- Installing: /home/esogu/ros2_ws/install/realsense2_description/share/realsense2_description/urdf/test_r430_camera.urdf.xacro
[0.727s] -- Installing: /home/esogu/ros2_ws/install/realsense2_description/share/realsense2_description/urdf/_d435.urdf.xacro
[0.728s] -- Installing: /home/esogu/ros2_ws/install/realsense2_description/share/realsense2_description/urdf/_d405.urdf.xacro
[0.728s] -- Installing: /home/esogu/ros2_ws/install/realsense2_description/share/realsense2_description/urdf/_r430.urdf.xacro
[0.728s] -- Installing: /home/esogu/ros2_ws/install/realsense2_description/share/realsense2_description/urdf/_r410.urdf.xacro
[0.728s] -- Installing: /home/esogu/ros2_ws/install/realsense2_description/share/realsense2_description/urdf/_d455.urdf.xacro
[0.728s] -- Installing: /home/esogu/ros2_ws/install/realsense2_description/share/realsense2_description/urdf/_usb_plug.urdf.xacro
[0.728s] -- Installing: /home/esogu/ros2_ws/install/realsense2_description/share/realsense2_description/urdf/_d415.urdf.xacro
[0.728s] -- Installing: /home/esogu/ros2_ws/install/realsense2_description/share/realsense2_description/urdf/test_d435_multiple_cameras.urdf.xacro
[0.729s] -- Installing: /home/esogu/ros2_ws/install/realsense2_description/share/realsense2_description/urdf/test_d455_camera.urdf.xacro
[0.729s] -- Installing: /home/esogu/ros2_ws/install/realsense2_description/share/realsense2_description/urdf/test_d415_camera.urdf.xacro
[0.729s] -- Installing: /home/esogu/ros2_ws/install/realsense2_description/share/ament_index/resource_index/package_run_dependencies/realsense2_description
[0.729s] -- Installing: /home/esogu/ros2_ws/install/realsense2_description/share/ament_index/resource_index/parent_prefix_path/realsense2_description
[0.729s] -- Installing: /home/esogu/ros2_ws/install/realsense2_description/share/realsense2_description/environment/ament_prefix_path.sh
[0.730s] -- Installing: /home/esogu/ros2_ws/install/realsense2_description/share/realsense2_description/environment/ament_prefix_path.dsv
[0.730s] -- Installing: /home/esogu/ros2_ws/install/realsense2_description/share/realsense2_description/environment/path.sh
[0.730s] -- Installing: /home/esogu/ros2_ws/install/realsense2_description/share/realsense2_description/environment/path.dsv
[0.730s] -- Installing: /home/esogu/ros2_ws/install/realsense2_description/share/realsense2_description/local_setup.bash
[0.730s] -- Installing: /home/esogu/ros2_ws/install/realsense2_description/share/realsense2_description/local_setup.sh
[0.731s] -- Installing: /home/esogu/ros2_ws/install/realsense2_description/share/realsense2_description/local_setup.zsh
[0.731s] -- Installing: /home/esogu/ros2_ws/install/realsense2_description/share/realsense2_description/local_setup.dsv
[0.731s] -- Installing: /home/esogu/ros2_ws/install/realsense2_description/share/realsense2_description/package.dsv
[0.731s] -- Installing: /home/esogu/ros2_ws/install/realsense2_description/share/ament_index/resource_index/packages/realsense2_description
[0.731s] -- Installing: /home/esogu/ros2_ws/install/realsense2_description/share/realsense2_description/cmake/realsense2_descriptionConfig.cmake
[0.732s] -- Installing: /home/esogu/ros2_ws/install/realsense2_description/share/realsense2_description/cmake/realsense2_descriptionConfig-version.cmake
[0.732s] -- Installing: /home/esogu/ros2_ws/install/realsense2_description/share/realsense2_description/package.xml
[0.734s] Invoked command in '/home/esogu/ros2_ws/build/realsense2_description' returned '0': AMENT_PREFIX_PATH=/home/esogu/ros2_ws/install/realsense2_camera_msgs:${AMENT_PREFIX_PATH} CMAKE_PREFIX_PATH=/home/esogu/ros2_ws/install/realsense2_camera_msgs:/home/esogu/ros2_ws/install/usb_cam:/home/esogu/ros2_ws/install/detection:/opt/ros/humble LD_LIBRARY_PATH=/home/esogu/ros2_ws/install/realsense2_camera_msgs/lib:${LD_LIBRARY_PATH} PYTHONPATH=/home/esogu/ros2_ws/install/realsense2_camera_msgs/local/lib/python3.10/dist-packages:${PYTHONPATH} /usr/bin/cmake --install /home/esogu/ros2_ws/build/realsense2_description
