[0.671s] Invoking command in '/home/esogu/ros2_ws/src/detection': PYTHONPATH=/home/esogu/ros2_ws/build/detection/prefix_override:/usr/lib/python3/dist-packages/colcon_core/task/python/colcon_distutils_commands:/home/esogu/ros2_ws/install/detection/lib/python3.10/site-packages:${PYTHONPATH} /usr/bin/python3 -W ignore:setup.py install is deprecated -W ignore:easy_install command is deprecated setup.py egg_info --egg-base ../../build/detection build --build-base /home/esogu/ros2_ws/build/detection/build install --record /home/esogu/ros2_ws/build/detection/install.log --single-version-externally-managed install_data
[0.893s] running egg_info
[0.893s] writing ../../build/detection/detection.egg-info/PKG-INFO
[0.894s] writing dependency_links to ../../build/detection/detection.egg-info/dependency_links.txt
[0.894s] writing entry points to ../../build/detection/detection.egg-info/entry_points.txt
[0.894s] writing requirements to ../../build/detection/detection.egg-info/requires.txt
[0.895s] writing top-level names to ../../build/detection/detection.egg-info/top_level.txt
[0.896s] reading manifest file '../../build/detection/detection.egg-info/SOURCES.txt'
[0.897s] writing manifest file '../../build/detection/detection.egg-info/SOURCES.txt'
[0.897s] running build
[0.897s] running build_py
[0.898s] copying detection/shape_detection.py -> /home/esogu/ros2_ws/build/detection/build/lib/detection
[0.898s] running install
[0.898s] running install_lib
[0.899s] copying /home/esogu/ros2_ws/build/detection/build/lib/detection/shape_detection.py -> /home/esogu/ros2_ws/install/detection/lib/python3.10/site-packages/detection
[0.900s] byte-compiling /home/esogu/ros2_ws/install/detection/lib/python3.10/site-packages/detection/shape_detection.py to shape_detection.cpython-310.pyc
[0.901s] running install_data
[0.901s] running install_egg_info
[0.903s] removing '/home/esogu/ros2_ws/install/detection/lib/python3.10/site-packages/detection-0.0.0-py3.10.egg-info' (and everything under it)
[0.903s] Copying ../../build/detection/detection.egg-info to /home/esogu/ros2_ws/install/detection/lib/python3.10/site-packages/detection-0.0.0-py3.10.egg-info
[0.904s] running install_scripts
[0.922s] Installing green_color_detection_node script to /home/esogu/ros2_ws/install/detection/lib/detection
[0.923s] Installing red_color_detection_node script to /home/esogu/ros2_ws/install/detection/lib/detection
[0.923s] Installing shape_detection script to /home/esogu/ros2_ws/install/detection/lib/detection
[0.923s] writing list of installed files to '/home/esogu/ros2_ws/build/detection/install.log'
[0.943s] Invoked command in '/home/esogu/ros2_ws/src/detection' returned '0': PYTHONPATH=/home/esogu/ros2_ws/build/detection/prefix_override:/usr/lib/python3/dist-packages/colcon_core/task/python/colcon_distutils_commands:/home/esogu/ros2_ws/install/detection/lib/python3.10/site-packages:${PYTHONPATH} /usr/bin/python3 -W ignore:setup.py install is deprecated -W ignore:easy_install command is deprecated setup.py egg_info --egg-base ../../build/detection build --build-base /home/esogu/ros2_ws/build/detection/build install --record /home/esogu/ros2_ws/build/detection/install.log --single-version-externally-managed install_data
