running egg_info
writing ../../build/detection/detection.egg-info/PKG-INFO
writing dependency_links to ../../build/detection/detection.egg-info/dependency_links.txt
writing entry points to ../../build/detection/detection.egg-info/entry_points.txt
writing requirements to ../../build/detection/detection.egg-info/requires.txt
writing top-level names to ../../build/detection/detection.egg-info/top_level.txt
reading manifest file '../../build/detection/detection.egg-info/SOURCES.txt'
writing manifest file '../../build/detection/detection.egg-info/SOURCES.txt'
running build
running build_py
running install
running install_lib
running install_data
running install_egg_info
removing '/home/esogu/ros2_ws/install/detection/lib/python3.10/site-packages/detection-0.0.0-py3.10.egg-info' (and everything under it)
Copying ../../build/detection/detection.egg-info to /home/esogu/ros2_ws/install/detection/lib/python3.10/site-packages/detection-0.0.0-py3.10.egg-info
running install_scripts
Installing green_color_detection_node script to /home/esogu/ros2_ws/install/detection/lib/detection
Installing shape_detection script to /home/esogu/ros2_ws/install/detection/lib/detection
writing list of installed files to '/home/esogu/ros2_ws/build/detection/install.log'
