[0.011s] Invoking command in '/home/esogu/ros2_ws/build/realsense2_camera': AMENT_PREFIX_PATH=/home/esogu/ros2_ws/install/realsense2_camera_msgs:${AMENT_PREFIX_PATH} CMAKE_PREFIX_PATH=/home/esogu/ros2_ws/install/realsense2_camera_msgs:/home/esogu/ros2_ws/install/usb_cam:/home/esogu/ros2_ws/install/detection:/opt/ros/humble LD_LIBRARY_PATH=/home/esogu/ros2_ws/install/realsense2_camera_msgs/lib:${LD_LIBRARY_PATH} PYTHONPATH=/home/esogu/ros2_ws/install/realsense2_camera_msgs/local/lib/python3.10/dist-packages:${PYTHONPATH} /usr/bin/cmake /home/esogu/ros2_ws/src/realsense-ros/realsense2_camera -DCMAKE_INSTALL_PREFIX=/home/esogu/ros2_ws/install/realsense2_camera
[0.067s] -- The C compiler identification is GNU 11.4.0
[0.124s] -- The CXX compiler identification is GNU 11.4.0
[0.131s] -- Detecting C compiler ABI info
[0.202s] -- Detecting C compiler ABI info - done
[0.209s] -- Check for working C compiler: /usr/bin/cc - skipped
[0.210s] -- Detecting C compile features
[0.210s] -- Detecting C compile features - done
[0.213s] -- Detecting CXX compiler ABI info
[0.295s] -- Detecting CXX compiler ABI info - done
[0.308s] -- Check for working CXX compiler: /usr/bin/c++ - skipped
[0.308s] -- Detecting CXX compile features
[0.308s] -- Detecting CXX compile features - done
[0.309s] -- Create Release Build.
[0.311s] -- Found ament_cmake: 1.3.11 (/opt/ros/humble/share/ament_cmake/cmake)
[0.458s] -- Found Python3: /usr/bin/python3 (found version "3.10.12") found components: Interpreter 
[0.545s] -- Found builtin_interfaces: 1.2.1 (/opt/ros/humble/share/builtin_interfaces/cmake)
[0.576s] -- Found rosidl_generator_c: 3.1.6 (/opt/ros/humble/share/rosidl_generator_c/cmake)
[0.582s] -- Found rosidl_adapter: 3.1.6 (/opt/ros/humble/share/rosidl_adapter/cmake)
[0.590s] -- Found rosidl_generator_cpp: 3.1.6 (/opt/ros/humble/share/rosidl_generator_cpp/cmake)
[0.608s] -- Using all available rosidl_typesupport_c: rosidl_typesupport_fastrtps_c;rosidl_typesupport_introspection_c
[0.625s] -- Using all available rosidl_typesupport_cpp: rosidl_typesupport_fastrtps_cpp;rosidl_typesupport_introspection_cpp
[0.641s] -- Found cv_bridge: 3.2.1 (/opt/ros/humble/share/cv_bridge/cmake)
[0.719s] -- Found image_transport: 3.1.10 (/opt/ros/humble/share/image_transport/cmake)
[0.779s] -- Found rmw_implementation_cmake: 6.1.2 (/opt/ros/humble/share/rmw_implementation_cmake/cmake)
[0.783s] -- Found rmw_fastrtps_cpp: 6.2.7 (/opt/ros/humble/share/rmw_fastrtps_cpp/cmake)
[0.880s] -- Found OpenSSL: /usr/lib/x86_64-linux-gnu/libcrypto.so (found version "3.0.2")  
[0.911s] -- Found FastRTPS: /opt/ros/humble/include  
[0.948s] -- Using RMW implementation 'rmw_fastrtps_cpp' as default
[0.960s] -- Looking for pthread.h
[1.031s] -- Looking for pthread.h - found
[1.031s] -- Performing Test CMAKE_HAVE_LIBC_PTHREAD
[1.104s] -- Performing Test CMAKE_HAVE_LIBC_PTHREAD - Success
[1.105s] -- Found Threads: TRUE  
[1.186s] -- Found rclcpp_components: 16.0.11 (/opt/ros/humble/share/rclcpp_components/cmake)
[1.220s] -- Found realsense2_camera_msgs: 4.55.1 (/home/esogu/ros2_ws/install/realsense2_camera_msgs/share/realsense2_camera_msgs/cmake)
[1.239s] -- Found nav_msgs: 4.2.4 (/opt/ros/humble/share/nav_msgs/cmake)
[1.260s] -- Found tf2_ros: 0.25.12 (/opt/ros/humble/share/tf2_ros/cmake)
[1.375s] [31mCMake Error at CMakeLists.txt:117 (find_package):
[1.375s]   By not providing "Finddiagnostic_updater.cmake" in CMAKE_MODULE_PATH this
[1.375s]   project has asked CMake to find a package configuration file provided by
[1.376s]   "diagnostic_updater", but CMake did not find one.
[1.376s] 
[1.376s]   Could not find a package configuration file provided by
[1.376s]   "diagnostic_updater" with any of the following names:
[1.376s] 
[1.376s]     diagnostic_updaterConfig.cmake
[1.376s]     diagnostic_updater-config.cmake
[1.376s] 
[1.376s]   Add the installation prefix of "diagnostic_updater" to CMAKE_PREFIX_PATH or
[1.376s]   set "diagnostic_updater_DIR" to a directory containing one of the above
[1.376s]   files.  If "diagnostic_updater" provides a separate development package or
[1.376s]   SDK, be sure it has been installed.
[1.376s] 
[1.376s] [0m
[1.376s] -- Configuring incomplete, errors occurred!
[1.376s] See also "/home/esogu/ros2_ws/build/realsense2_camera/CMakeFiles/CMakeOutput.log".
[1.385s] Invoked command in '/home/esogu/ros2_ws/build/realsense2_camera' returned '1': AMENT_PREFIX_PATH=/home/esogu/ros2_ws/install/realsense2_camera_msgs:${AMENT_PREFIX_PATH} CMAKE_PREFIX_PATH=/home/esogu/ros2_ws/install/realsense2_camera_msgs:/home/esogu/ros2_ws/install/usb_cam:/home/esogu/ros2_ws/install/detection:/opt/ros/humble LD_LIBRARY_PATH=/home/esogu/ros2_ws/install/realsense2_camera_msgs/lib:${LD_LIBRARY_PATH} PYTHONPATH=/home/esogu/ros2_ws/install/realsense2_camera_msgs/local/lib/python3.10/dist-packages:${PYTHONPATH} /usr/bin/cmake /home/esogu/ros2_ws/src/realsense-ros/realsense2_camera -DCMAKE_INSTALL_PREFIX=/home/esogu/ros2_ws/install/realsense2_camera
