running egg_info
creating ../build/detection/detection.egg-info
writing ../build/detection/detection.egg-info/PKG-INFO
writing dependency_links to ../build/detection/detection.egg-info/dependency_links.txt
writing entry points to ../build/detection/detection.egg-info/entry_points.txt
writing requirements to ../build/detection/detection.egg-info/requires.txt
writing top-level names to ../build/detection/detection.egg-info/top_level.txt
writing manifest file '../build/detection/detection.egg-info/SOURCES.txt'
reading manifest file '../build/detection/detection.egg-info/SOURCES.txt'
writing manifest file '../build/detection/detection.egg-info/SOURCES.txt'
running build
running build_py
creating /home/esogu/ros2_ws/src/build/detection/build
creating /home/esogu/ros2_ws/src/build/detection/build/lib
creating /home/esogu/ros2_ws/src/build/detection/build/lib/detection
copying detection/green_color_detection_node.py -> /home/esogu/ros2_ws/src/build/detection/build/lib/detection
copying detection/__init__.py -> /home/esogu/ros2_ws/src/build/detection/build/lib/detection
copying detection/red_color_detection_node.py -> /home/esogu/ros2_ws/src/build/detection/build/lib/detection
copying detection/shape_detection.py -> /home/esogu/ros2_ws/src/build/detection/build/lib/detection
running install
running install_lib
creating /home/esogu/ros2_ws/src/install/detection/lib/python3.10/site-packages/detection
copying /home/esogu/ros2_ws/src/build/detection/build/lib/detection/green_color_detection_node.py -> /home/esogu/ros2_ws/src/install/detection/lib/python3.10/site-packages/detection
copying /home/esogu/ros2_ws/src/build/detection/build/lib/detection/__init__.py -> /home/esogu/ros2_ws/src/install/detection/lib/python3.10/site-packages/detection
copying /home/esogu/ros2_ws/src/build/detection/build/lib/detection/red_color_detection_node.py -> /home/esogu/ros2_ws/src/install/detection/lib/python3.10/site-packages/detection
copying /home/esogu/ros2_ws/src/build/detection/build/lib/detection/shape_detection.py -> /home/esogu/ros2_ws/src/install/detection/lib/python3.10/site-packages/detection
byte-compiling /home/esogu/ros2_ws/src/install/detection/lib/python3.10/site-packages/detection/green_color_detection_node.py to green_color_detection_node.cpython-310.pyc
byte-compiling /home/esogu/ros2_ws/src/install/detection/lib/python3.10/site-packages/detection/__init__.py to __init__.cpython-310.pyc
byte-compiling /home/esogu/ros2_ws/src/install/detection/lib/python3.10/site-packages/detection/red_color_detection_node.py to red_color_detection_node.cpython-310.pyc
byte-compiling /home/esogu/ros2_ws/src/install/detection/lib/python3.10/site-packages/detection/shape_detection.py to shape_detection.cpython-310.pyc
running install_data
creating /home/esogu/ros2_ws/src/install/detection/share/ament_index
creating /home/esogu/ros2_ws/src/install/detection/share/ament_index/resource_index
creating /home/esogu/ros2_ws/src/install/detection/share/ament_index/resource_index/packages
copying resource/detection -> /home/esogu/ros2_ws/src/install/detection/share/ament_index/resource_index/packages
copying package.xml -> /home/esogu/ros2_ws/src/install/detection/share/detection
running install_egg_info
Copying ../build/detection/detection.egg-info to /home/esogu/ros2_ws/src/install/detection/lib/python3.10/site-packages/detection-0.0.0-py3.10.egg-info
running install_scripts
Installing green_color_detection_node script to /home/esogu/ros2_ws/src/install/detection/lib/detection
Installing red_color_detection_node script to /home/esogu/ros2_ws/src/install/detection/lib/detection
Installing shape_detection script to /home/esogu/ros2_ws/src/install/detection/lib/detection
writing list of installed files to '/home/esogu/ros2_ws/src/build/detection/install.log'
