[0.104s] DEBUG:colcon:Command line arguments: ['/usr/bin/colcon', 'build']
[0.104s] DEBUG:colcon:Parsed command line arguments: Namespace(log_base=None, log_level=None, verb_name='build', build_base='build', install_base='install', merge_install=False, symlink_install=False, test_result_base=None, continue_on_error=False, executor='parallel', parallel_workers=8, event_handlers=None, ignore_user_meta=False, metas=['./colcon.meta'], base_paths=['.'], packages_ignore=None, packages_ignore_regex=None, paths=None, packages_up_to=None, packages_up_to_regex=None, packages_above=None, packages_above_and_dependencies=None, packages_above_depth=None, packages_select_by_dep=None, packages_skip_by_dep=None, packages_skip_up_to=None, packages_select_build_failed=False, packages_skip_build_finished=False, packages_select_test_failures=False, packages_skip_test_passed=False, packages_select=None, packages_skip=None, packages_select_regex=None, packages_skip_regex=None, packages_start=None, packages_end=None, allow_overriding=[], cmake_args=None, cmake_target=None, cmake_target_skip_unavailable=False, cmake_clean_cache=False, cmake_clean_first=False, cmake_force_configure=False, ament_cmake_args=None, catkin_cmake_args=None, catkin_skip_building_tests=False, mixin_files=None, mixin=None, verb_parser=<colcon_mixin.mixin.mixin_argument.MixinArgumentDecorator object at 0x789efcd55a20>, verb_extension=<colcon_core.verb.build.BuildVerb object at 0x789efce5e950>, main=<bound method BuildVerb.main of <colcon_core.verb.build.BuildVerb object at 0x789efce5e950>>, mixin_verb=('build',))
[0.265s] Level 1:colcon.colcon_core.package_discovery:discover_packages(colcon_meta) check parameters
[0.265s] Level 1:colcon.colcon_core.package_discovery:discover_packages(recursive) check parameters
[0.265s] Level 1:colcon.colcon_core.package_discovery:discover_packages(ignore) check parameters
[0.265s] Level 1:colcon.colcon_core.package_discovery:discover_packages(path) check parameters
[0.265s] Level 1:colcon.colcon_core.package_discovery:discover_packages(colcon_meta) discover
[0.265s] Level 1:colcon.colcon_core.package_discovery:discover_packages(recursive) discover
[0.265s] INFO:colcon.colcon_core.package_discovery:Crawling recursively for packages in '/home/esogu/ros2_ws'
[0.265s] Level 1:colcon.colcon_core.package_identification:_identify(.) by extensions ['ignore', 'ignore_ament_install']
[0.265s] Level 1:colcon.colcon_core.package_identification:_identify(.) by extension 'ignore'
[0.265s] Level 1:colcon.colcon_core.package_identification:_identify(.) by extension 'ignore_ament_install'
[0.265s] Level 1:colcon.colcon_core.package_identification:_identify(.) by extensions ['colcon_pkg']
[0.265s] Level 1:colcon.colcon_core.package_identification:_identify(.) by extension 'colcon_pkg'
[0.265s] Level 1:colcon.colcon_core.package_identification:_identify(.) by extensions ['colcon_meta']
[0.265s] Level 1:colcon.colcon_core.package_identification:_identify(.) by extension 'colcon_meta'
[0.265s] Level 1:colcon.colcon_core.package_identification:_identify(.) by extensions ['ros']
[0.265s] Level 1:colcon.colcon_core.package_identification:_identify(.) by extension 'ros'
[0.275s] Level 1:colcon.colcon_core.package_identification:_identify(.) by extensions ['cmake', 'python']
[0.275s] Level 1:colcon.colcon_core.package_identification:_identify(.) by extension 'cmake'
[0.275s] Level 1:colcon.colcon_core.package_identification:_identify(.) by extension 'python'
[0.275s] Level 1:colcon.colcon_core.package_identification:_identify(.) by extensions ['python_setup_py']
[0.275s] Level 1:colcon.colcon_core.package_identification:_identify(.) by extension 'python_setup_py'
[0.275s] Level 1:colcon.colcon_core.package_identification:_identify(build) by extensions ['ignore', 'ignore_ament_install']
[0.276s] Level 1:colcon.colcon_core.package_identification:_identify(build) by extension 'ignore'
[0.276s] Level 1:colcon.colcon_core.package_identification:_identify(build) ignored
[0.276s] Level 1:colcon.colcon_core.package_identification:_identify(install) by extensions ['ignore', 'ignore_ament_install']
[0.276s] Level 1:colcon.colcon_core.package_identification:_identify(install) by extension 'ignore'
[0.276s] Level 1:colcon.colcon_core.package_identification:_identify(install) ignored
[0.276s] Level 1:colcon.colcon_core.package_identification:_identify(log) by extensions ['ignore', 'ignore_ament_install']
[0.276s] Level 1:colcon.colcon_core.package_identification:_identify(log) by extension 'ignore'
[0.276s] Level 1:colcon.colcon_core.package_identification:_identify(log) ignored
[0.276s] Level 1:colcon.colcon_core.package_identification:_identify(src) by extensions ['ignore', 'ignore_ament_install']
[0.276s] Level 1:colcon.colcon_core.package_identification:_identify(src) by extension 'ignore'
[0.276s] Level 1:colcon.colcon_core.package_identification:_identify(src) by extension 'ignore_ament_install'
[0.276s] Level 1:colcon.colcon_core.package_identification:_identify(src) by extensions ['colcon_pkg']
[0.276s] Level 1:colcon.colcon_core.package_identification:_identify(src) by extension 'colcon_pkg'
[0.276s] Level 1:colcon.colcon_core.package_identification:_identify(src) by extensions ['colcon_meta']
[0.276s] Level 1:colcon.colcon_core.package_identification:_identify(src) by extension 'colcon_meta'
[0.276s] Level 1:colcon.colcon_core.package_identification:_identify(src) by extensions ['ros']
[0.276s] Level 1:colcon.colcon_core.package_identification:_identify(src) by extension 'ros'
[0.277s] Level 1:colcon.colcon_core.package_identification:_identify(src) by extensions ['cmake', 'python']
[0.277s] Level 1:colcon.colcon_core.package_identification:_identify(src) by extension 'cmake'
[0.277s] Level 1:colcon.colcon_core.package_identification:_identify(src) by extension 'python'
[0.277s] Level 1:colcon.colcon_core.package_identification:_identify(src) by extensions ['python_setup_py']
[0.277s] Level 1:colcon.colcon_core.package_identification:_identify(src) by extension 'python_setup_py'
[0.277s] Level 1:colcon.colcon_core.package_identification:_identify(src/build) by extensions ['ignore', 'ignore_ament_install']
[0.277s] Level 1:colcon.colcon_core.package_identification:_identify(src/build) by extension 'ignore'
[0.277s] Level 1:colcon.colcon_core.package_identification:_identify(src/build) ignored
[0.277s] Level 1:colcon.colcon_core.package_identification:_identify(src/detection) by extensions ['ignore', 'ignore_ament_install']
[0.277s] Level 1:colcon.colcon_core.package_identification:_identify(src/detection) by extension 'ignore'
[0.277s] Level 1:colcon.colcon_core.package_identification:_identify(src/detection) by extension 'ignore_ament_install'
[0.277s] Level 1:colcon.colcon_core.package_identification:_identify(src/detection) by extensions ['colcon_pkg']
[0.277s] Level 1:colcon.colcon_core.package_identification:_identify(src/detection) by extension 'colcon_pkg'
[0.277s] Level 1:colcon.colcon_core.package_identification:_identify(src/detection) by extensions ['colcon_meta']
[0.277s] Level 1:colcon.colcon_core.package_identification:_identify(src/detection) by extension 'colcon_meta'
[0.277s] Level 1:colcon.colcon_core.package_identification:_identify(src/detection) by extensions ['ros']
[0.277s] Level 1:colcon.colcon_core.package_identification:_identify(src/detection) by extension 'ros'
[0.280s] DEBUG:colcon.colcon_core.package_identification:Package 'src/detection' with type 'ros.ament_python' and name 'detection'
[0.280s] Level 1:colcon.colcon_core.package_identification:_identify(src/install) by extensions ['ignore', 'ignore_ament_install']
[0.280s] Level 1:colcon.colcon_core.package_identification:_identify(src/install) by extension 'ignore'
[0.280s] Level 1:colcon.colcon_core.package_identification:_identify(src/install) ignored
[0.280s] Level 1:colcon.colcon_core.package_identification:_identify(src/log) by extensions ['ignore', 'ignore_ament_install']
[0.280s] Level 1:colcon.colcon_core.package_identification:_identify(src/log) by extension 'ignore'
[0.280s] Level 1:colcon.colcon_core.package_identification:_identify(src/log) ignored
[0.280s] Level 1:colcon.colcon_core.package_identification:_identify(src/realsense-ros) by extensions ['ignore', 'ignore_ament_install']
[0.280s] Level 1:colcon.colcon_core.package_identification:_identify(src/realsense-ros) by extension 'ignore'
[0.280s] Level 1:colcon.colcon_core.package_identification:_identify(src/realsense-ros) by extension 'ignore_ament_install'
[0.280s] Level 1:colcon.colcon_core.package_identification:_identify(src/realsense-ros) by extensions ['colcon_pkg']
[0.280s] Level 1:colcon.colcon_core.package_identification:_identify(src/realsense-ros) by extension 'colcon_pkg'
[0.280s] Level 1:colcon.colcon_core.package_identification:_identify(src/realsense-ros) by extensions ['colcon_meta']
[0.281s] Level 1:colcon.colcon_core.package_identification:_identify(src/realsense-ros) by extension 'colcon_meta'
[0.281s] Level 1:colcon.colcon_core.package_identification:_identify(src/realsense-ros) by extensions ['ros']
[0.281s] Level 1:colcon.colcon_core.package_identification:_identify(src/realsense-ros) by extension 'ros'
[0.281s] Level 1:colcon.colcon_core.package_identification:_identify(src/realsense-ros) by extensions ['cmake', 'python']
[0.281s] Level 1:colcon.colcon_core.package_identification:_identify(src/realsense-ros) by extension 'cmake'
[0.281s] Level 1:colcon.colcon_core.package_identification:_identify(src/realsense-ros) by extension 'python'
[0.281s] Level 1:colcon.colcon_core.package_identification:_identify(src/realsense-ros) by extensions ['python_setup_py']
[0.281s] Level 1:colcon.colcon_core.package_identification:_identify(src/realsense-ros) by extension 'python_setup_py'
[0.281s] Level 1:colcon.colcon_core.package_identification:_identify(src/realsense-ros/realsense2_camera) by extensions ['ignore', 'ignore_ament_install']
[0.281s] Level 1:colcon.colcon_core.package_identification:_identify(src/realsense-ros/realsense2_camera) by extension 'ignore'
[0.281s] Level 1:colcon.colcon_core.package_identification:_identify(src/realsense-ros/realsense2_camera) by extension 'ignore_ament_install'
[0.281s] Level 1:colcon.colcon_core.package_identification:_identify(src/realsense-ros/realsense2_camera) by extensions ['colcon_pkg']
[0.281s] Level 1:colcon.colcon_core.package_identification:_identify(src/realsense-ros/realsense2_camera) by extension 'colcon_pkg'
[0.281s] Level 1:colcon.colcon_core.package_identification:_identify(src/realsense-ros/realsense2_camera) by extensions ['colcon_meta']
[0.281s] Level 1:colcon.colcon_core.package_identification:_identify(src/realsense-ros/realsense2_camera) by extension 'colcon_meta'
[0.281s] Level 1:colcon.colcon_core.package_identification:_identify(src/realsense-ros/realsense2_camera) by extensions ['ros']
[0.281s] Level 1:colcon.colcon_core.package_identification:_identify(src/realsense-ros/realsense2_camera) by extension 'ros'
[0.294s] DEBUG:colcon.colcon_core.package_identification:Package 'src/realsense-ros/realsense2_camera' with type 'ros.ament_cmake' and name 'realsense2_camera'
[0.295s] Level 1:colcon.colcon_core.package_identification:_identify(src/realsense-ros/realsense2_camera_msgs) by extensions ['ignore', 'ignore_ament_install']
[0.295s] Level 1:colcon.colcon_core.package_identification:_identify(src/realsense-ros/realsense2_camera_msgs) by extension 'ignore'
[0.295s] Level 1:colcon.colcon_core.package_identification:_identify(src/realsense-ros/realsense2_camera_msgs) by extension 'ignore_ament_install'
[0.295s] Level 1:colcon.colcon_core.package_identification:_identify(src/realsense-ros/realsense2_camera_msgs) by extensions ['colcon_pkg']
[0.295s] Level 1:colcon.colcon_core.package_identification:_identify(src/realsense-ros/realsense2_camera_msgs) by extension 'colcon_pkg'
[0.295s] Level 1:colcon.colcon_core.package_identification:_identify(src/realsense-ros/realsense2_camera_msgs) by extensions ['colcon_meta']
[0.295s] Level 1:colcon.colcon_core.package_identification:_identify(src/realsense-ros/realsense2_camera_msgs) by extension 'colcon_meta'
[0.295s] Level 1:colcon.colcon_core.package_identification:_identify(src/realsense-ros/realsense2_camera_msgs) by extensions ['ros']
[0.295s] Level 1:colcon.colcon_core.package_identification:_identify(src/realsense-ros/realsense2_camera_msgs) by extension 'ros'
[0.296s] DEBUG:colcon.colcon_core.package_identification:Package 'src/realsense-ros/realsense2_camera_msgs' with type 'ros.ament_cmake' and name 'realsense2_camera_msgs'
[0.296s] Level 1:colcon.colcon_core.package_identification:_identify(src/realsense-ros/realsense2_description) by extensions ['ignore', 'ignore_ament_install']
[0.296s] Level 1:colcon.colcon_core.package_identification:_identify(src/realsense-ros/realsense2_description) by extension 'ignore'
[0.296s] Level 1:colcon.colcon_core.package_identification:_identify(src/realsense-ros/realsense2_description) by extension 'ignore_ament_install'
[0.296s] Level 1:colcon.colcon_core.package_identification:_identify(src/realsense-ros/realsense2_description) by extensions ['colcon_pkg']
[0.296s] Level 1:colcon.colcon_core.package_identification:_identify(src/realsense-ros/realsense2_description) by extension 'colcon_pkg'
[0.296s] Level 1:colcon.colcon_core.package_identification:_identify(src/realsense-ros/realsense2_description) by extensions ['colcon_meta']
[0.296s] Level 1:colcon.colcon_core.package_identification:_identify(src/realsense-ros/realsense2_description) by extension 'colcon_meta'
[0.296s] Level 1:colcon.colcon_core.package_identification:_identify(src/realsense-ros/realsense2_description) by extensions ['ros']
[0.296s] Level 1:colcon.colcon_core.package_identification:_identify(src/realsense-ros/realsense2_description) by extension 'ros'
[0.297s] DEBUG:colcon.colcon_core.package_identification:Package 'src/realsense-ros/realsense2_description' with type 'ros.ament_cmake' and name 'realsense2_description'
[0.297s] Level 1:colcon.colcon_core.package_identification:_identify(src/realsense-ros/scripts) by extensions ['ignore', 'ignore_ament_install']
[0.297s] Level 1:colcon.colcon_core.package_identification:_identify(src/realsense-ros/scripts) by extension 'ignore'
[0.297s] Level 1:colcon.colcon_core.package_identification:_identify(src/realsense-ros/scripts) by extension 'ignore_ament_install'
[0.297s] Level 1:colcon.colcon_core.package_identification:_identify(src/realsense-ros/scripts) by extensions ['colcon_pkg']
[0.297s] Level 1:colcon.colcon_core.package_identification:_identify(src/realsense-ros/scripts) by extension 'colcon_pkg'
[0.297s] Level 1:colcon.colcon_core.package_identification:_identify(src/realsense-ros/scripts) by extensions ['colcon_meta']
[0.297s] Level 1:colcon.colcon_core.package_identification:_identify(src/realsense-ros/scripts) by extension 'colcon_meta'
[0.297s] Level 1:colcon.colcon_core.package_identification:_identify(src/realsense-ros/scripts) by extensions ['ros']
[0.297s] Level 1:colcon.colcon_core.package_identification:_identify(src/realsense-ros/scripts) by extension 'ros'
[0.297s] Level 1:colcon.colcon_core.package_identification:_identify(src/realsense-ros/scripts) by extensions ['cmake', 'python']
[0.297s] Level 1:colcon.colcon_core.package_identification:_identify(src/realsense-ros/scripts) by extension 'cmake'
[0.297s] Level 1:colcon.colcon_core.package_identification:_identify(src/realsense-ros/scripts) by extension 'python'
[0.297s] Level 1:colcon.colcon_core.package_identification:_identify(src/realsense-ros/scripts) by extensions ['python_setup_py']
[0.297s] Level 1:colcon.colcon_core.package_identification:_identify(src/realsense-ros/scripts) by extension 'python_setup_py'
[0.298s] Level 1:colcon.colcon_core.package_identification:_identify(src/usb_cam) by extensions ['ignore', 'ignore_ament_install']
[0.298s] Level 1:colcon.colcon_core.package_identification:_identify(src/usb_cam) by extension 'ignore'
[0.298s] Level 1:colcon.colcon_core.package_identification:_identify(src/usb_cam) by extension 'ignore_ament_install'
[0.298s] Level 1:colcon.colcon_core.package_identification:_identify(src/usb_cam) by extensions ['colcon_pkg']
[0.298s] Level 1:colcon.colcon_core.package_identification:_identify(src/usb_cam) by extension 'colcon_pkg'
[0.298s] Level 1:colcon.colcon_core.package_identification:_identify(src/usb_cam) by extensions ['colcon_meta']
[0.298s] Level 1:colcon.colcon_core.package_identification:_identify(src/usb_cam) by extension 'colcon_meta'
[0.298s] Level 1:colcon.colcon_core.package_identification:_identify(src/usb_cam) by extensions ['ros']
[0.298s] Level 1:colcon.colcon_core.package_identification:_identify(src/usb_cam) by extension 'ros'
[0.299s] DEBUG:colcon.colcon_core.package_identification:Package 'src/usb_cam' with type 'ros.ament_cmake' and name 'usb_cam'
[0.299s] Level 1:colcon.colcon_core.package_discovery:discover_packages(recursive) using defaults
[0.299s] Level 1:colcon.colcon_core.package_discovery:discover_packages(ignore) discover
[0.299s] Level 1:colcon.colcon_core.package_discovery:discover_packages(ignore) using defaults
[0.299s] Level 1:colcon.colcon_core.package_discovery:discover_packages(path) discover
[0.299s] Level 1:colcon.colcon_core.package_discovery:discover_packages(path) using defaults
[0.318s] Level 1:colcon.colcon_core.package_discovery:discover_packages(prefix_path) check parameters
[0.318s] Level 1:colcon.colcon_core.package_discovery:discover_packages(prefix_path) discover
[0.320s] DEBUG:colcon.colcon_installed_package_information.package_discovery:Found 6 installed packages in /home/esogu/ros2_ws/install
[0.321s] DEBUG:colcon.colcon_installed_package_information.package_discovery:Found 279 installed packages in /opt/ros/humble
[0.323s] Level 1:colcon.colcon_core.package_discovery:discover_packages(prefix_path) using defaults
[0.359s] Level 5:colcon.colcon_core.verb:set package 'detection' build argument 'cmake_args' from command line to 'None'
[0.359s] Level 5:colcon.colcon_core.verb:set package 'detection' build argument 'cmake_target' from command line to 'None'
[0.359s] Level 5:colcon.colcon_core.verb:set package 'detection' build argument 'cmake_target_skip_unavailable' from command line to 'False'
[0.359s] Level 5:colcon.colcon_core.verb:set package 'detection' build argument 'cmake_clean_cache' from command line to 'False'
[0.359s] Level 5:colcon.colcon_core.verb:set package 'detection' build argument 'cmake_clean_first' from command line to 'False'
[0.359s] Level 5:colcon.colcon_core.verb:set package 'detection' build argument 'cmake_force_configure' from command line to 'False'
[0.359s] Level 5:colcon.colcon_core.verb:set package 'detection' build argument 'ament_cmake_args' from command line to 'None'
[0.359s] Level 5:colcon.colcon_core.verb:set package 'detection' build argument 'catkin_cmake_args' from command line to 'None'
[0.359s] Level 5:colcon.colcon_core.verb:set package 'detection' build argument 'catkin_skip_building_tests' from command line to 'False'
[0.359s] DEBUG:colcon.colcon_core.verb:Building package 'detection' with the following arguments: {'ament_cmake_args': None, 'build_base': '/home/esogu/ros2_ws/build/detection', 'catkin_cmake_args': None, 'catkin_skip_building_tests': False, 'cmake_args': None, 'cmake_clean_cache': False, 'cmake_clean_first': False, 'cmake_force_configure': False, 'cmake_target': None, 'cmake_target_skip_unavailable': False, 'install_base': '/home/esogu/ros2_ws/install/detection', 'merge_install': False, 'path': '/home/esogu/ros2_ws/src/detection', 'symlink_install': False, 'test_result_base': None}
[0.360s] Level 5:colcon.colcon_core.verb:set package 'realsense2_camera_msgs' build argument 'cmake_args' from command line to 'None'
[0.360s] Level 5:colcon.colcon_core.verb:set package 'realsense2_camera_msgs' build argument 'cmake_target' from command line to 'None'
[0.360s] Level 5:colcon.colcon_core.verb:set package 'realsense2_camera_msgs' build argument 'cmake_target_skip_unavailable' from command line to 'False'
[0.360s] Level 5:colcon.colcon_core.verb:set package 'realsense2_camera_msgs' build argument 'cmake_clean_cache' from command line to 'False'
[0.360s] Level 5:colcon.colcon_core.verb:set package 'realsense2_camera_msgs' build argument 'cmake_clean_first' from command line to 'False'
[0.360s] Level 5:colcon.colcon_core.verb:set package 'realsense2_camera_msgs' build argument 'cmake_force_configure' from command line to 'False'
[0.360s] Level 5:colcon.colcon_core.verb:set package 'realsense2_camera_msgs' build argument 'ament_cmake_args' from command line to 'None'
[0.360s] Level 5:colcon.colcon_core.verb:set package 'realsense2_camera_msgs' build argument 'catkin_cmake_args' from command line to 'None'
[0.360s] Level 5:colcon.colcon_core.verb:set package 'realsense2_camera_msgs' build argument 'catkin_skip_building_tests' from command line to 'False'
[0.360s] DEBUG:colcon.colcon_core.verb:Building package 'realsense2_camera_msgs' with the following arguments: {'ament_cmake_args': None, 'build_base': '/home/esogu/ros2_ws/build/realsense2_camera_msgs', 'catkin_cmake_args': None, 'catkin_skip_building_tests': False, 'cmake_args': None, 'cmake_clean_cache': False, 'cmake_clean_first': False, 'cmake_force_configure': False, 'cmake_target': None, 'cmake_target_skip_unavailable': False, 'install_base': '/home/esogu/ros2_ws/install/realsense2_camera_msgs', 'merge_install': False, 'path': '/home/esogu/ros2_ws/src/realsense-ros/realsense2_camera_msgs', 'symlink_install': False, 'test_result_base': None}
[0.360s] Level 5:colcon.colcon_core.verb:set package 'usb_cam' build argument 'cmake_args' from command line to 'None'
[0.360s] Level 5:colcon.colcon_core.verb:set package 'usb_cam' build argument 'cmake_target' from command line to 'None'
[0.360s] Level 5:colcon.colcon_core.verb:set package 'usb_cam' build argument 'cmake_target_skip_unavailable' from command line to 'False'
[0.360s] Level 5:colcon.colcon_core.verb:set package 'usb_cam' build argument 'cmake_clean_cache' from command line to 'False'
[0.360s] Level 5:colcon.colcon_core.verb:set package 'usb_cam' build argument 'cmake_clean_first' from command line to 'False'
[0.360s] Level 5:colcon.colcon_core.verb:set package 'usb_cam' build argument 'cmake_force_configure' from command line to 'False'
[0.360s] Level 5:colcon.colcon_core.verb:set package 'usb_cam' build argument 'ament_cmake_args' from command line to 'None'
[0.360s] Level 5:colcon.colcon_core.verb:set package 'usb_cam' build argument 'catkin_cmake_args' from command line to 'None'
[0.360s] Level 5:colcon.colcon_core.verb:set package 'usb_cam' build argument 'catkin_skip_building_tests' from command line to 'False'
[0.360s] DEBUG:colcon.colcon_core.verb:Building package 'usb_cam' with the following arguments: {'ament_cmake_args': None, 'build_base': '/home/esogu/ros2_ws/build/usb_cam', 'catkin_cmake_args': None, 'catkin_skip_building_tests': False, 'cmake_args': None, 'cmake_clean_cache': False, 'cmake_clean_first': False, 'cmake_force_configure': False, 'cmake_target': None, 'cmake_target_skip_unavailable': False, 'install_base': '/home/esogu/ros2_ws/install/usb_cam', 'merge_install': False, 'path': '/home/esogu/ros2_ws/src/usb_cam', 'symlink_install': False, 'test_result_base': None}
[0.361s] Level 5:colcon.colcon_core.verb:set package 'realsense2_camera' build argument 'cmake_args' from command line to 'None'
[0.361s] Level 5:colcon.colcon_core.verb:set package 'realsense2_camera' build argument 'cmake_target' from command line to 'None'
[0.361s] Level 5:colcon.colcon_core.verb:set package 'realsense2_camera' build argument 'cmake_target_skip_unavailable' from command line to 'False'
[0.361s] Level 5:colcon.colcon_core.verb:set package 'realsense2_camera' build argument 'cmake_clean_cache' from command line to 'False'
[0.361s] Level 5:colcon.colcon_core.verb:set package 'realsense2_camera' build argument 'cmake_clean_first' from command line to 'False'
[0.361s] Level 5:colcon.colcon_core.verb:set package 'realsense2_camera' build argument 'cmake_force_configure' from command line to 'False'
[0.361s] Level 5:colcon.colcon_core.verb:set package 'realsense2_camera' build argument 'ament_cmake_args' from command line to 'None'
[0.361s] Level 5:colcon.colcon_core.verb:set package 'realsense2_camera' build argument 'catkin_cmake_args' from command line to 'None'
[0.361s] Level 5:colcon.colcon_core.verb:set package 'realsense2_camera' build argument 'catkin_skip_building_tests' from command line to 'False'
[0.361s] DEBUG:colcon.colcon_core.verb:Building package 'realsense2_camera' with the following arguments: {'ament_cmake_args': None, 'build_base': '/home/esogu/ros2_ws/build/realsense2_camera', 'catkin_cmake_args': None, 'catkin_skip_building_tests': False, 'cmake_args': None, 'cmake_clean_cache': False, 'cmake_clean_first': False, 'cmake_force_configure': False, 'cmake_target': None, 'cmake_target_skip_unavailable': False, 'install_base': '/home/esogu/ros2_ws/install/realsense2_camera', 'merge_install': False, 'path': '/home/esogu/ros2_ws/src/realsense-ros/realsense2_camera', 'symlink_install': False, 'test_result_base': None}
[0.361s] Level 5:colcon.colcon_core.verb:set package 'realsense2_description' build argument 'cmake_args' from command line to 'None'
[0.361s] Level 5:colcon.colcon_core.verb:set package 'realsense2_description' build argument 'cmake_target' from command line to 'None'
[0.361s] Level 5:colcon.colcon_core.verb:set package 'realsense2_description' build argument 'cmake_target_skip_unavailable' from command line to 'False'
[0.361s] Level 5:colcon.colcon_core.verb:set package 'realsense2_description' build argument 'cmake_clean_cache' from command line to 'False'
[0.361s] Level 5:colcon.colcon_core.verb:set package 'realsense2_description' build argument 'cmake_clean_first' from command line to 'False'
[0.361s] Level 5:colcon.colcon_core.verb:set package 'realsense2_description' build argument 'cmake_force_configure' from command line to 'False'
[0.361s] Level 5:colcon.colcon_core.verb:set package 'realsense2_description' build argument 'ament_cmake_args' from command line to 'None'
[0.361s] Level 5:colcon.colcon_core.verb:set package 'realsense2_description' build argument 'catkin_cmake_args' from command line to 'None'
[0.361s] Level 5:colcon.colcon_core.verb:set package 'realsense2_description' build argument 'catkin_skip_building_tests' from command line to 'False'
[0.361s] DEBUG:colcon.colcon_core.verb:Building package 'realsense2_description' with the following arguments: {'ament_cmake_args': None, 'build_base': '/home/esogu/ros2_ws/build/realsense2_description', 'catkin_cmake_args': None, 'catkin_skip_building_tests': False, 'cmake_args': None, 'cmake_clean_cache': False, 'cmake_clean_first': False, 'cmake_force_configure': False, 'cmake_target': None, 'cmake_target_skip_unavailable': False, 'install_base': '/home/esogu/ros2_ws/install/realsense2_description', 'merge_install': False, 'path': '/home/esogu/ros2_ws/src/realsense-ros/realsense2_description', 'symlink_install': False, 'test_result_base': None}
[0.362s] INFO:colcon.colcon_core.executor:Executing jobs using 'parallel' executor
[0.363s] DEBUG:colcon.colcon_parallel_executor.executor.parallel:run_until_complete
[0.363s] INFO:colcon.colcon_ros.task.ament_cmake.build:Building ROS package in '/home/esogu/ros2_ws/src/realsense-ros/realsense2_camera_msgs' with build type 'ament_cmake'
[0.363s] INFO:colcon.colcon_cmake.task.cmake.build:Building CMake package in '/home/esogu/ros2_ws/src/realsense-ros/realsense2_camera_msgs'
[0.365s] INFO:colcon.colcon_core.plugin_system:Skipping extension 'colcon_core.shell.bat': Not used on non-Windows systems
[0.365s] INFO:colcon.colcon_core.shell:Skip shell extension 'powershell' for command environment: Not usable outside of PowerShell
[0.365s] DEBUG:colcon.colcon_core.shell:Skip shell extension 'dsv' for command environment
[0.369s] INFO:colcon.colcon_ros.task.ament_python.build:Building ROS package in '/home/esogu/ros2_ws/src/detection' with build type 'ament_python'
[0.369s] Level 1:colcon.colcon_core.shell:create_environment_hook('detection', 'ament_prefix_path')
[0.369s] INFO:colcon.colcon_core.shell:Creating environment hook '/home/esogu/ros2_ws/install/detection/share/detection/hook/ament_prefix_path.ps1'
[0.370s] INFO:colcon.colcon_core.shell:Creating environment descriptor '/home/esogu/ros2_ws/install/detection/share/detection/hook/ament_prefix_path.dsv'
[0.370s] INFO:colcon.colcon_core.shell:Creating environment hook '/home/esogu/ros2_ws/install/detection/share/detection/hook/ament_prefix_path.sh'
[0.371s] INFO:colcon.colcon_core.shell:Skip shell extension 'powershell' for command environment: Not usable outside of PowerShell
[0.371s] DEBUG:colcon.colcon_core.shell:Skip shell extension 'dsv' for command environment
[0.374s] INFO:colcon.colcon_ros.task.ament_cmake.build:Building ROS package in '/home/esogu/ros2_ws/src/usb_cam' with build type 'ament_cmake'
[0.374s] INFO:colcon.colcon_cmake.task.cmake.build:Building CMake package in '/home/esogu/ros2_ws/src/usb_cam'
[0.374s] INFO:colcon.colcon_core.shell:Skip shell extension 'powershell' for command environment: Not usable outside of PowerShell
[0.375s] DEBUG:colcon.colcon_core.shell:Skip shell extension 'dsv' for command environment
[0.383s] DEBUG:colcon.colcon_core.event_handler.log_command:Invoking command in '/home/esogu/ros2_ws/build/realsense2_camera_msgs': CMAKE_PREFIX_PATH=${CMAKE_PREFIX_PATH}:/home/esogu/ros2_ws/install/detection /usr/bin/cmake --build /home/esogu/ros2_ws/build/realsense2_camera_msgs -- -j8 -l8
[0.662s] INFO:colcon.colcon_core.task.python.build:Building Python package in '/home/esogu/ros2_ws/src/detection'
[0.663s] INFO:colcon.colcon_core.shell:Skip shell extension 'powershell' for command environment: Not usable outside of PowerShell
[0.663s] DEBUG:colcon.colcon_core.shell:Skip shell extension 'dsv' for command environment
[0.673s] DEBUG:colcon.colcon_core.event_handler.log_command:Invoking command in '/home/esogu/ros2_ws/build/usb_cam': CMAKE_PREFIX_PATH=${CMAKE_PREFIX_PATH}:/home/esogu/ros2_ws/install/detection /usr/bin/cmake --build /home/esogu/ros2_ws/build/usb_cam -- -j8 -l8
[0.778s] DEBUG:colcon.colcon_core.event_handler.log_command:Invoked command in '/home/esogu/ros2_ws/build/realsense2_camera_msgs' returned '0': CMAKE_PREFIX_PATH=${CMAKE_PREFIX_PATH}:/home/esogu/ros2_ws/install/detection /usr/bin/cmake --build /home/esogu/ros2_ws/build/realsense2_camera_msgs -- -j8 -l8
[0.789s] DEBUG:colcon.colcon_core.event_handler.log_command:Invoking command in '/home/esogu/ros2_ws/build/realsense2_camera_msgs': CMAKE_PREFIX_PATH=${CMAKE_PREFIX_PATH}:/home/esogu/ros2_ws/install/detection /usr/bin/cmake --install /home/esogu/ros2_ws/build/realsense2_camera_msgs
[0.790s] DEBUG:colcon.colcon_core.event_handler.log_command:Invoked command in '/home/esogu/ros2_ws/build/usb_cam' returned '0': CMAKE_PREFIX_PATH=${CMAKE_PREFIX_PATH}:/home/esogu/ros2_ws/install/detection /usr/bin/cmake --build /home/esogu/ros2_ws/build/usb_cam -- -j8 -l8
[0.793s] DEBUG:colcon.colcon_core.event_handler.log_command:Invoking command in '/home/esogu/ros2_ws/build/usb_cam': CMAKE_PREFIX_PATH=${CMAKE_PREFIX_PATH}:/home/esogu/ros2_ws/install/detection /usr/bin/cmake --install /home/esogu/ros2_ws/build/usb_cam
[0.809s] Level 1:colcon.colcon_core.environment:create_environment_scripts_only(usb_cam)
[0.819s] DEBUG:colcon.colcon_core.event_handler.log_command:Invoked command in '/home/esogu/ros2_ws/build/usb_cam' returned '0': CMAKE_PREFIX_PATH=${CMAKE_PREFIX_PATH}:/home/esogu/ros2_ws/install/detection /usr/bin/cmake --install /home/esogu/ros2_ws/build/usb_cam
[0.822s] Level 1:colcon.colcon_core.environment:checking '/home/esogu/ros2_ws/install/usb_cam' for CMake module files
[0.822s] Level 1:colcon.colcon_core.environment:checking '/home/esogu/ros2_ws/install/usb_cam' for CMake config files
[0.823s] Level 1:colcon.colcon_core.shell:create_environment_hook('usb_cam', 'cmake_prefix_path')
[0.824s] INFO:colcon.colcon_core.shell:Creating environment hook '/home/esogu/ros2_ws/install/usb_cam/share/usb_cam/hook/cmake_prefix_path.ps1'
[0.824s] INFO:colcon.colcon_core.shell:Creating environment descriptor '/home/esogu/ros2_ws/install/usb_cam/share/usb_cam/hook/cmake_prefix_path.dsv'
[0.825s] INFO:colcon.colcon_core.shell:Creating environment hook '/home/esogu/ros2_ws/install/usb_cam/share/usb_cam/hook/cmake_prefix_path.sh'
[0.826s] Level 1:colcon.colcon_core.environment:checking '/home/esogu/ros2_ws/install/usb_cam/lib'
[0.826s] Level 1:colcon.colcon_core.shell:create_environment_hook('usb_cam', 'ld_library_path_lib')
[0.826s] INFO:colcon.colcon_core.shell:Creating environment hook '/home/esogu/ros2_ws/install/usb_cam/share/usb_cam/hook/ld_library_path_lib.ps1'
[0.827s] INFO:colcon.colcon_core.shell:Creating environment descriptor '/home/esogu/ros2_ws/install/usb_cam/share/usb_cam/hook/ld_library_path_lib.dsv'
[0.827s] INFO:colcon.colcon_core.shell:Creating environment hook '/home/esogu/ros2_ws/install/usb_cam/share/usb_cam/hook/ld_library_path_lib.sh'
[0.828s] Level 1:colcon.colcon_core.environment:checking '/home/esogu/ros2_ws/install/usb_cam/bin'
[0.828s] Level 1:colcon.colcon_core.environment:checking '/home/esogu/ros2_ws/install/usb_cam/lib/pkgconfig/usb_cam.pc'
[0.828s] Level 1:colcon.colcon_core.environment:checking '/home/esogu/ros2_ws/install/usb_cam/lib/python3.10/site-packages'
[0.828s] Level 1:colcon.colcon_core.environment:checking '/home/esogu/ros2_ws/install/usb_cam/bin'
[0.829s] INFO:colcon.colcon_core.shell:Creating package script '/home/esogu/ros2_ws/install/usb_cam/share/usb_cam/package.ps1'
[0.830s] INFO:colcon.colcon_core.shell:Creating package descriptor '/home/esogu/ros2_ws/install/usb_cam/share/usb_cam/package.dsv'
[0.831s] INFO:colcon.colcon_core.shell:Creating package script '/home/esogu/ros2_ws/install/usb_cam/share/usb_cam/package.sh'
[0.832s] INFO:colcon.colcon_core.shell:Creating package script '/home/esogu/ros2_ws/install/usb_cam/share/usb_cam/package.bash'
[0.833s] INFO:colcon.colcon_core.shell:Creating package script '/home/esogu/ros2_ws/install/usb_cam/share/usb_cam/package.zsh'
[0.834s] Level 1:colcon.colcon_core.environment:create_file_with_runtime_dependencies(/home/esogu/ros2_ws/install/usb_cam/share/colcon-core/packages/usb_cam)
[0.835s] Level 1:colcon.colcon_core.environment:create_environment_scripts_only(usb_cam)
[0.836s] Level 1:colcon.colcon_core.environment:checking '/home/esogu/ros2_ws/install/usb_cam' for CMake module files
[0.836s] Level 1:colcon.colcon_core.environment:checking '/home/esogu/ros2_ws/install/usb_cam' for CMake config files
[0.837s] Level 1:colcon.colcon_core.shell:create_environment_hook('usb_cam', 'cmake_prefix_path')
[0.837s] INFO:colcon.colcon_core.shell:Creating environment hook '/home/esogu/ros2_ws/install/usb_cam/share/usb_cam/hook/cmake_prefix_path.ps1'
[0.838s] INFO:colcon.colcon_core.shell:Creating environment descriptor '/home/esogu/ros2_ws/install/usb_cam/share/usb_cam/hook/cmake_prefix_path.dsv'
[0.839s] INFO:colcon.colcon_core.shell:Creating environment hook '/home/esogu/ros2_ws/install/usb_cam/share/usb_cam/hook/cmake_prefix_path.sh'
[0.840s] Level 1:colcon.colcon_core.environment:checking '/home/esogu/ros2_ws/install/usb_cam/lib'
[0.840s] Level 1:colcon.colcon_core.shell:create_environment_hook('usb_cam', 'ld_library_path_lib')
[0.840s] INFO:colcon.colcon_core.shell:Creating environment hook '/home/esogu/ros2_ws/install/usb_cam/share/usb_cam/hook/ld_library_path_lib.ps1'
[0.841s] INFO:colcon.colcon_core.shell:Creating environment descriptor '/home/esogu/ros2_ws/install/usb_cam/share/usb_cam/hook/ld_library_path_lib.dsv'
[0.841s] INFO:colcon.colcon_core.shell:Creating environment hook '/home/esogu/ros2_ws/install/usb_cam/share/usb_cam/hook/ld_library_path_lib.sh'
[0.842s] Level 1:colcon.colcon_core.environment:checking '/home/esogu/ros2_ws/install/usb_cam/bin'
[0.842s] Level 1:colcon.colcon_core.environment:checking '/home/esogu/ros2_ws/install/usb_cam/lib/pkgconfig/usb_cam.pc'
[0.842s] Level 1:colcon.colcon_core.environment:checking '/home/esogu/ros2_ws/install/usb_cam/lib/python3.10/site-packages'
[0.843s] Level 1:colcon.colcon_core.environment:checking '/home/esogu/ros2_ws/install/usb_cam/bin'
[0.843s] INFO:colcon.colcon_core.shell:Creating package script '/home/esogu/ros2_ws/install/usb_cam/share/usb_cam/package.ps1'
[0.847s] INFO:colcon.colcon_core.shell:Creating package descriptor '/home/esogu/ros2_ws/install/usb_cam/share/usb_cam/package.dsv'
[0.849s] INFO:colcon.colcon_core.shell:Creating package script '/home/esogu/ros2_ws/install/usb_cam/share/usb_cam/package.sh'
[0.851s] INFO:colcon.colcon_core.shell:Creating package script '/home/esogu/ros2_ws/install/usb_cam/share/usb_cam/package.bash'
[0.852s] INFO:colcon.colcon_core.shell:Creating package script '/home/esogu/ros2_ws/install/usb_cam/share/usb_cam/package.zsh'
[0.852s] Level 1:colcon.colcon_core.environment:create_file_with_runtime_dependencies(/home/esogu/ros2_ws/install/usb_cam/share/colcon-core/packages/usb_cam)
[0.854s] Level 1:colcon.colcon_core.environment:create_environment_scripts_only(realsense2_camera_msgs)
[0.854s] Level 1:colcon.colcon_core.environment:checking '/home/esogu/ros2_ws/install/realsense2_camera_msgs' for CMake module files
[0.854s] DEBUG:colcon.colcon_core.event_handler.log_command:Invoked command in '/home/esogu/ros2_ws/build/realsense2_camera_msgs' returned '0': CMAKE_PREFIX_PATH=${CMAKE_PREFIX_PATH}:/home/esogu/ros2_ws/install/detection /usr/bin/cmake --install /home/esogu/ros2_ws/build/realsense2_camera_msgs
[0.855s] Level 1:colcon.colcon_core.environment:checking '/home/esogu/ros2_ws/install/realsense2_camera_msgs' for CMake config files
[0.856s] Level 1:colcon.colcon_core.shell:create_environment_hook('realsense2_camera_msgs', 'cmake_prefix_path')
[0.857s] INFO:colcon.colcon_core.shell:Creating environment hook '/home/esogu/ros2_ws/install/realsense2_camera_msgs/share/realsense2_camera_msgs/hook/cmake_prefix_path.ps1'
[0.857s] INFO:colcon.colcon_core.shell:Creating environment descriptor '/home/esogu/ros2_ws/install/realsense2_camera_msgs/share/realsense2_camera_msgs/hook/cmake_prefix_path.dsv'
[0.858s] INFO:colcon.colcon_core.shell:Creating environment hook '/home/esogu/ros2_ws/install/realsense2_camera_msgs/share/realsense2_camera_msgs/hook/cmake_prefix_path.sh'
[0.858s] Level 1:colcon.colcon_core.environment:checking '/home/esogu/ros2_ws/install/realsense2_camera_msgs/lib'
[0.858s] Level 1:colcon.colcon_core.shell:create_environment_hook('realsense2_camera_msgs', 'ld_library_path_lib')
[0.859s] INFO:colcon.colcon_core.shell:Creating environment hook '/home/esogu/ros2_ws/install/realsense2_camera_msgs/share/realsense2_camera_msgs/hook/ld_library_path_lib.ps1'
[0.859s] INFO:colcon.colcon_core.shell:Creating environment descriptor '/home/esogu/ros2_ws/install/realsense2_camera_msgs/share/realsense2_camera_msgs/hook/ld_library_path_lib.dsv'
[0.860s] INFO:colcon.colcon_core.shell:Creating environment hook '/home/esogu/ros2_ws/install/realsense2_camera_msgs/share/realsense2_camera_msgs/hook/ld_library_path_lib.sh'
[0.860s] Level 1:colcon.colcon_core.environment:checking '/home/esogu/ros2_ws/install/realsense2_camera_msgs/bin'
[0.860s] Level 1:colcon.colcon_core.environment:checking '/home/esogu/ros2_ws/install/realsense2_camera_msgs/lib/pkgconfig/realsense2_camera_msgs.pc'
[0.861s] Level 1:colcon.colcon_core.environment:checking '/home/esogu/ros2_ws/install/realsense2_camera_msgs/lib/python3.10/site-packages'
[0.861s] Level 1:colcon.colcon_core.environment:checking '/home/esogu/ros2_ws/install/realsense2_camera_msgs/bin'
[0.861s] INFO:colcon.colcon_core.shell:Creating package script '/home/esogu/ros2_ws/install/realsense2_camera_msgs/share/realsense2_camera_msgs/package.ps1'
[0.862s] INFO:colcon.colcon_core.shell:Creating package descriptor '/home/esogu/ros2_ws/install/realsense2_camera_msgs/share/realsense2_camera_msgs/package.dsv'
[0.862s] INFO:colcon.colcon_core.shell:Creating package script '/home/esogu/ros2_ws/install/realsense2_camera_msgs/share/realsense2_camera_msgs/package.sh'
[0.863s] INFO:colcon.colcon_core.shell:Creating package script '/home/esogu/ros2_ws/install/realsense2_camera_msgs/share/realsense2_camera_msgs/package.bash'
[0.864s] INFO:colcon.colcon_core.shell:Creating package script '/home/esogu/ros2_ws/install/realsense2_camera_msgs/share/realsense2_camera_msgs/package.zsh'
[0.864s] Level 1:colcon.colcon_core.environment:create_file_with_runtime_dependencies(/home/esogu/ros2_ws/install/realsense2_camera_msgs/share/colcon-core/packages/realsense2_camera_msgs)
[0.865s] Level 1:colcon.colcon_core.environment:create_environment_scripts_only(realsense2_camera_msgs)
[0.865s] Level 1:colcon.colcon_core.environment:checking '/home/esogu/ros2_ws/install/realsense2_camera_msgs' for CMake module files
[0.866s] Level 1:colcon.colcon_core.environment:checking '/home/esogu/ros2_ws/install/realsense2_camera_msgs' for CMake config files
[0.867s] Level 1:colcon.colcon_core.shell:create_environment_hook('realsense2_camera_msgs', 'cmake_prefix_path')
[0.868s] INFO:colcon.colcon_core.shell:Creating environment hook '/home/esogu/ros2_ws/install/realsense2_camera_msgs/share/realsense2_camera_msgs/hook/cmake_prefix_path.ps1'
[0.868s] INFO:colcon.colcon_core.shell:Creating environment descriptor '/home/esogu/ros2_ws/install/realsense2_camera_msgs/share/realsense2_camera_msgs/hook/cmake_prefix_path.dsv'
[0.869s] INFO:colcon.colcon_core.shell:Creating environment hook '/home/esogu/ros2_ws/install/realsense2_camera_msgs/share/realsense2_camera_msgs/hook/cmake_prefix_path.sh'
[0.869s] Level 1:colcon.colcon_core.environment:checking '/home/esogu/ros2_ws/install/realsense2_camera_msgs/lib'
[0.870s] Level 1:colcon.colcon_core.shell:create_environment_hook('realsense2_camera_msgs', 'ld_library_path_lib')
[0.870s] INFO:colcon.colcon_core.shell:Creating environment hook '/home/esogu/ros2_ws/install/realsense2_camera_msgs/share/realsense2_camera_msgs/hook/ld_library_path_lib.ps1'
[0.870s] INFO:colcon.colcon_core.shell:Creating environment descriptor '/home/esogu/ros2_ws/install/realsense2_camera_msgs/share/realsense2_camera_msgs/hook/ld_library_path_lib.dsv'
[0.871s] INFO:colcon.colcon_core.shell:Creating environment hook '/home/esogu/ros2_ws/install/realsense2_camera_msgs/share/realsense2_camera_msgs/hook/ld_library_path_lib.sh'
[0.871s] Level 1:colcon.colcon_core.environment:checking '/home/esogu/ros2_ws/install/realsense2_camera_msgs/bin'
[0.871s] Level 1:colcon.colcon_core.environment:checking '/home/esogu/ros2_ws/install/realsense2_camera_msgs/lib/pkgconfig/realsense2_camera_msgs.pc'
[0.872s] Level 1:colcon.colcon_core.environment:checking '/home/esogu/ros2_ws/install/realsense2_camera_msgs/lib/python3.10/site-packages'
[0.872s] Level 1:colcon.colcon_core.environment:checking '/home/esogu/ros2_ws/install/realsense2_camera_msgs/bin'
[0.872s] INFO:colcon.colcon_core.shell:Creating package script '/home/esogu/ros2_ws/install/realsense2_camera_msgs/share/realsense2_camera_msgs/package.ps1'
[0.873s] INFO:colcon.colcon_core.shell:Creating package descriptor '/home/esogu/ros2_ws/install/realsense2_camera_msgs/share/realsense2_camera_msgs/package.dsv'
[0.873s] INFO:colcon.colcon_core.shell:Creating package script '/home/esogu/ros2_ws/install/realsense2_camera_msgs/share/realsense2_camera_msgs/package.sh'
[0.874s] INFO:colcon.colcon_core.shell:Creating package script '/home/esogu/ros2_ws/install/realsense2_camera_msgs/share/realsense2_camera_msgs/package.bash'
[0.874s] INFO:colcon.colcon_core.shell:Creating package script '/home/esogu/ros2_ws/install/realsense2_camera_msgs/share/realsense2_camera_msgs/package.zsh'
[0.874s] Level 1:colcon.colcon_core.environment:create_file_with_runtime_dependencies(/home/esogu/ros2_ws/install/realsense2_camera_msgs/share/colcon-core/packages/realsense2_camera_msgs)
[0.875s] INFO:colcon.colcon_ros.task.ament_cmake.build:Building ROS package in '/home/esogu/ros2_ws/src/realsense-ros/realsense2_camera' with build type 'ament_cmake'
[0.875s] INFO:colcon.colcon_cmake.task.cmake.build:Building CMake package in '/home/esogu/ros2_ws/src/realsense-ros/realsense2_camera'
[0.875s] INFO:colcon.colcon_core.shell:Skip shell extension 'powershell' for command environment: Not usable outside of PowerShell
[0.875s] DEBUG:colcon.colcon_core.shell:Skip shell extension 'dsv' for command environment
[0.878s] INFO:colcon.colcon_ros.task.ament_cmake.build:Building ROS package in '/home/esogu/ros2_ws/src/realsense-ros/realsense2_description' with build type 'ament_cmake'
[0.879s] INFO:colcon.colcon_cmake.task.cmake.build:Building CMake package in '/home/esogu/ros2_ws/src/realsense-ros/realsense2_description'
[0.879s] INFO:colcon.colcon_core.shell:Skip shell extension 'powershell' for command environment: Not usable outside of PowerShell
[0.879s] DEBUG:colcon.colcon_core.shell:Skip shell extension 'dsv' for command environment
[0.889s] DEBUG:colcon.colcon_core.event_handler.log_command:Invoking command in '/home/esogu/ros2_ws/build/realsense2_camera': AMENT_PREFIX_PATH=/home/esogu/ros2_ws/install/realsense2_camera_msgs:${AMENT_PREFIX_PATH} CMAKE_PREFIX_PATH=/home/esogu/ros2_ws/install/realsense2_camera_msgs:/opt/ros/humble:/home/esogu/ros2_ws/install/usb_cam:/home/esogu/ros2_ws/install/detection LD_LIBRARY_PATH=/home/esogu/ros2_ws/install/realsense2_camera_msgs/lib:${LD_LIBRARY_PATH} PYTHONPATH=/home/esogu/ros2_ws/install/realsense2_camera_msgs/local/lib/python3.10/dist-packages:${PYTHONPATH} /usr/bin/cmake --build /home/esogu/ros2_ws/build/realsense2_camera -- -j8 -l8
[0.892s] DEBUG:colcon.colcon_core.event_handler.log_command:Invoking command in '/home/esogu/ros2_ws/build/realsense2_description': AMENT_PREFIX_PATH=/home/esogu/ros2_ws/install/realsense2_camera_msgs:${AMENT_PREFIX_PATH} CMAKE_PREFIX_PATH=/home/esogu/ros2_ws/install/realsense2_camera_msgs:/opt/ros/humble:/home/esogu/ros2_ws/install/usb_cam:/home/esogu/ros2_ws/install/detection LD_LIBRARY_PATH=/home/esogu/ros2_ws/install/realsense2_camera_msgs/lib:${LD_LIBRARY_PATH} PYTHONPATH=/home/esogu/ros2_ws/install/realsense2_camera_msgs/local/lib/python3.10/dist-packages:${PYTHONPATH} /usr/bin/cmake --build /home/esogu/ros2_ws/build/realsense2_description -- -j8 -l8
[0.933s] DEBUG:colcon.colcon_core.event_handler.log_command:Invoked command in '/home/esogu/ros2_ws/build/realsense2_description' returned '0': AMENT_PREFIX_PATH=/home/esogu/ros2_ws/install/realsense2_camera_msgs:${AMENT_PREFIX_PATH} CMAKE_PREFIX_PATH=/home/esogu/ros2_ws/install/realsense2_camera_msgs:/opt/ros/humble:/home/esogu/ros2_ws/install/usb_cam:/home/esogu/ros2_ws/install/detection LD_LIBRARY_PATH=/home/esogu/ros2_ws/install/realsense2_camera_msgs/lib:${LD_LIBRARY_PATH} PYTHONPATH=/home/esogu/ros2_ws/install/realsense2_camera_msgs/local/lib/python3.10/dist-packages:${PYTHONPATH} /usr/bin/cmake --build /home/esogu/ros2_ws/build/realsense2_description -- -j8 -l8
[0.933s] DEBUG:colcon.colcon_core.event_handler.log_command:Invoking command in '/home/esogu/ros2_ws/build/realsense2_description': AMENT_PREFIX_PATH=/home/esogu/ros2_ws/install/realsense2_camera_msgs:${AMENT_PREFIX_PATH} CMAKE_PREFIX_PATH=/home/esogu/ros2_ws/install/realsense2_camera_msgs:/opt/ros/humble:/home/esogu/ros2_ws/install/usb_cam:/home/esogu/ros2_ws/install/detection LD_LIBRARY_PATH=/home/esogu/ros2_ws/install/realsense2_camera_msgs/lib:${LD_LIBRARY_PATH} PYTHONPATH=/home/esogu/ros2_ws/install/realsense2_camera_msgs/local/lib/python3.10/dist-packages:${PYTHONPATH} /usr/bin/cmake --install /home/esogu/ros2_ws/build/realsense2_description
[0.954s] Level 1:colcon.colcon_core.environment:create_environment_scripts_only(realsense2_description)
[0.954s] Level 1:colcon.colcon_core.environment:checking '/home/esogu/ros2_ws/install/realsense2_description' for CMake module files
[0.956s] DEBUG:colcon.colcon_core.event_handler.log_command:Invoked command in '/home/esogu/ros2_ws/build/realsense2_description' returned '0': AMENT_PREFIX_PATH=/home/esogu/ros2_ws/install/realsense2_camera_msgs:${AMENT_PREFIX_PATH} CMAKE_PREFIX_PATH=/home/esogu/ros2_ws/install/realsense2_camera_msgs:/opt/ros/humble:/home/esogu/ros2_ws/install/usb_cam:/home/esogu/ros2_ws/install/detection LD_LIBRARY_PATH=/home/esogu/ros2_ws/install/realsense2_camera_msgs/lib:${LD_LIBRARY_PATH} PYTHONPATH=/home/esogu/ros2_ws/install/realsense2_camera_msgs/local/lib/python3.10/dist-packages:${PYTHONPATH} /usr/bin/cmake --install /home/esogu/ros2_ws/build/realsense2_description
[0.957s] Level 1:colcon.colcon_core.environment:checking '/home/esogu/ros2_ws/install/realsense2_description' for CMake config files
[0.957s] Level 1:colcon.colcon_core.shell:create_environment_hook('realsense2_description', 'cmake_prefix_path')
[0.958s] INFO:colcon.colcon_core.shell:Creating environment hook '/home/esogu/ros2_ws/install/realsense2_description/share/realsense2_description/hook/cmake_prefix_path.ps1'
[0.958s] INFO:colcon.colcon_core.shell:Creating environment descriptor '/home/esogu/ros2_ws/install/realsense2_description/share/realsense2_description/hook/cmake_prefix_path.dsv'
[0.959s] INFO:colcon.colcon_core.shell:Creating environment hook '/home/esogu/ros2_ws/install/realsense2_description/share/realsense2_description/hook/cmake_prefix_path.sh'
[0.960s] Level 1:colcon.colcon_core.environment:checking '/home/esogu/ros2_ws/install/realsense2_description/bin'
[0.960s] Level 1:colcon.colcon_core.environment:checking '/home/esogu/ros2_ws/install/realsense2_description/lib/pkgconfig/realsense2_description.pc'
[0.960s] Level 1:colcon.colcon_core.environment:checking '/home/esogu/ros2_ws/install/realsense2_description/lib/python3.10/site-packages'
[0.960s] Level 1:colcon.colcon_core.environment:checking '/home/esogu/ros2_ws/install/realsense2_description/bin'
[0.961s] INFO:colcon.colcon_core.shell:Creating package script '/home/esogu/ros2_ws/install/realsense2_description/share/realsense2_description/package.ps1'
[0.961s] INFO:colcon.colcon_core.shell:Creating package descriptor '/home/esogu/ros2_ws/install/realsense2_description/share/realsense2_description/package.dsv'
[0.962s] INFO:colcon.colcon_core.shell:Creating package script '/home/esogu/ros2_ws/install/realsense2_description/share/realsense2_description/package.sh'
[0.963s] INFO:colcon.colcon_core.shell:Creating package script '/home/esogu/ros2_ws/install/realsense2_description/share/realsense2_description/package.bash'
[0.963s] INFO:colcon.colcon_core.shell:Creating package script '/home/esogu/ros2_ws/install/realsense2_description/share/realsense2_description/package.zsh'
[0.964s] Level 1:colcon.colcon_core.environment:create_file_with_runtime_dependencies(/home/esogu/ros2_ws/install/realsense2_description/share/colcon-core/packages/realsense2_description)
[0.965s] Level 1:colcon.colcon_core.environment:create_environment_scripts_only(realsense2_description)
[0.965s] Level 1:colcon.colcon_core.environment:checking '/home/esogu/ros2_ws/install/realsense2_description' for CMake module files
[0.966s] Level 1:colcon.colcon_core.environment:checking '/home/esogu/ros2_ws/install/realsense2_description' for CMake config files
[0.966s] Level 1:colcon.colcon_core.shell:create_environment_hook('realsense2_description', 'cmake_prefix_path')
[0.967s] INFO:colcon.colcon_core.shell:Creating environment hook '/home/esogu/ros2_ws/install/realsense2_description/share/realsense2_description/hook/cmake_prefix_path.ps1'
[0.967s] INFO:colcon.colcon_core.shell:Creating environment descriptor '/home/esogu/ros2_ws/install/realsense2_description/share/realsense2_description/hook/cmake_prefix_path.dsv'
[0.968s] INFO:colcon.colcon_core.shell:Creating environment hook '/home/esogu/ros2_ws/install/realsense2_description/share/realsense2_description/hook/cmake_prefix_path.sh'
[0.969s] Level 1:colcon.colcon_core.environment:checking '/home/esogu/ros2_ws/install/realsense2_description/bin'
[0.969s] Level 1:colcon.colcon_core.environment:checking '/home/esogu/ros2_ws/install/realsense2_description/lib/pkgconfig/realsense2_description.pc'
[0.969s] Level 1:colcon.colcon_core.environment:checking '/home/esogu/ros2_ws/install/realsense2_description/lib/python3.10/site-packages'
[0.969s] Level 1:colcon.colcon_core.environment:checking '/home/esogu/ros2_ws/install/realsense2_description/bin'
[0.970s] INFO:colcon.colcon_core.shell:Creating package script '/home/esogu/ros2_ws/install/realsense2_description/share/realsense2_description/package.ps1'
[0.971s] INFO:colcon.colcon_core.shell:Creating package descriptor '/home/esogu/ros2_ws/install/realsense2_description/share/realsense2_description/package.dsv'
[0.971s] INFO:colcon.colcon_core.shell:Creating package script '/home/esogu/ros2_ws/install/realsense2_description/share/realsense2_description/package.sh'
[0.972s] INFO:colcon.colcon_core.shell:Creating package script '/home/esogu/ros2_ws/install/realsense2_description/share/realsense2_description/package.bash'
[0.973s] INFO:colcon.colcon_core.shell:Creating package script '/home/esogu/ros2_ws/install/realsense2_description/share/realsense2_description/package.zsh'
[0.973s] Level 1:colcon.colcon_core.environment:create_file_with_runtime_dependencies(/home/esogu/ros2_ws/install/realsense2_description/share/colcon-core/packages/realsense2_description)
[0.994s] DEBUG:colcon.colcon_core.event_handler.log_command:Invoked command in '/home/esogu/ros2_ws/build/realsense2_camera' returned '0': AMENT_PREFIX_PATH=/home/esogu/ros2_ws/install/realsense2_camera_msgs:${AMENT_PREFIX_PATH} CMAKE_PREFIX_PATH=/home/esogu/ros2_ws/install/realsense2_camera_msgs:/opt/ros/humble:/home/esogu/ros2_ws/install/usb_cam:/home/esogu/ros2_ws/install/detection LD_LIBRARY_PATH=/home/esogu/ros2_ws/install/realsense2_camera_msgs/lib:${LD_LIBRARY_PATH} PYTHONPATH=/home/esogu/ros2_ws/install/realsense2_camera_msgs/local/lib/python3.10/dist-packages:${PYTHONPATH} /usr/bin/cmake --build /home/esogu/ros2_ws/build/realsense2_camera -- -j8 -l8
[0.996s] DEBUG:colcon.colcon_core.event_handler.log_command:Invoking command in '/home/esogu/ros2_ws/build/realsense2_camera': AMENT_PREFIX_PATH=/home/esogu/ros2_ws/install/realsense2_camera_msgs:${AMENT_PREFIX_PATH} CMAKE_PREFIX_PATH=/home/esogu/ros2_ws/install/realsense2_camera_msgs:/opt/ros/humble:/home/esogu/ros2_ws/install/usb_cam:/home/esogu/ros2_ws/install/detection LD_LIBRARY_PATH=/home/esogu/ros2_ws/install/realsense2_camera_msgs/lib:${LD_LIBRARY_PATH} PYTHONPATH=/home/esogu/ros2_ws/install/realsense2_camera_msgs/local/lib/python3.10/dist-packages:${PYTHONPATH} /usr/bin/cmake --install /home/esogu/ros2_ws/build/realsense2_camera
[1.012s] Level 1:colcon.colcon_core.environment:create_environment_scripts_only(realsense2_camera)
[1.013s] Level 1:colcon.colcon_core.environment:checking '/home/esogu/ros2_ws/install/realsense2_camera' for CMake module files
[1.015s] DEBUG:colcon.colcon_core.event_handler.log_command:Invoked command in '/home/esogu/ros2_ws/build/realsense2_camera' returned '0': AMENT_PREFIX_PATH=/home/esogu/ros2_ws/install/realsense2_camera_msgs:${AMENT_PREFIX_PATH} CMAKE_PREFIX_PATH=/home/esogu/ros2_ws/install/realsense2_camera_msgs:/opt/ros/humble:/home/esogu/ros2_ws/install/usb_cam:/home/esogu/ros2_ws/install/detection LD_LIBRARY_PATH=/home/esogu/ros2_ws/install/realsense2_camera_msgs/lib:${LD_LIBRARY_PATH} PYTHONPATH=/home/esogu/ros2_ws/install/realsense2_camera_msgs/local/lib/python3.10/dist-packages:${PYTHONPATH} /usr/bin/cmake --install /home/esogu/ros2_ws/build/realsense2_camera
[1.015s] Level 1:colcon.colcon_core.environment:checking '/home/esogu/ros2_ws/install/realsense2_camera' for CMake config files
[1.015s] Level 1:colcon.colcon_core.shell:create_environment_hook('realsense2_camera', 'cmake_prefix_path')
[1.015s] INFO:colcon.colcon_core.shell:Creating environment hook '/home/esogu/ros2_ws/install/realsense2_camera/share/realsense2_camera/hook/cmake_prefix_path.ps1'
[1.016s] INFO:colcon.colcon_core.shell:Creating environment descriptor '/home/esogu/ros2_ws/install/realsense2_camera/share/realsense2_camera/hook/cmake_prefix_path.dsv'
[1.016s] INFO:colcon.colcon_core.shell:Creating environment hook '/home/esogu/ros2_ws/install/realsense2_camera/share/realsense2_camera/hook/cmake_prefix_path.sh'
[1.017s] Level 1:colcon.colcon_core.environment:checking '/home/esogu/ros2_ws/install/realsense2_camera/lib'
[1.017s] Level 1:colcon.colcon_core.shell:create_environment_hook('realsense2_camera', 'ld_library_path_lib')
[1.017s] INFO:colcon.colcon_core.shell:Creating environment hook '/home/esogu/ros2_ws/install/realsense2_camera/share/realsense2_camera/hook/ld_library_path_lib.ps1'
[1.017s] INFO:colcon.colcon_core.shell:Creating environment descriptor '/home/esogu/ros2_ws/install/realsense2_camera/share/realsense2_camera/hook/ld_library_path_lib.dsv'
[1.018s] INFO:colcon.colcon_core.shell:Creating environment hook '/home/esogu/ros2_ws/install/realsense2_camera/share/realsense2_camera/hook/ld_library_path_lib.sh'
[1.018s] Level 1:colcon.colcon_core.environment:checking '/home/esogu/ros2_ws/install/realsense2_camera/bin'
[1.018s] Level 1:colcon.colcon_core.environment:checking '/home/esogu/ros2_ws/install/realsense2_camera/lib/pkgconfig/realsense2_camera.pc'
[1.018s] Level 1:colcon.colcon_core.environment:checking '/home/esogu/ros2_ws/install/realsense2_camera/lib/python3.10/site-packages'
[1.018s] Level 1:colcon.colcon_core.environment:checking '/home/esogu/ros2_ws/install/realsense2_camera/bin'
[1.019s] INFO:colcon.colcon_core.shell:Creating package script '/home/esogu/ros2_ws/install/realsense2_camera/share/realsense2_camera/package.ps1'
[1.019s] INFO:colcon.colcon_core.shell:Creating package descriptor '/home/esogu/ros2_ws/install/realsense2_camera/share/realsense2_camera/package.dsv'
[1.020s] INFO:colcon.colcon_core.shell:Creating package script '/home/esogu/ros2_ws/install/realsense2_camera/share/realsense2_camera/package.sh'
[1.020s] INFO:colcon.colcon_core.shell:Creating package script '/home/esogu/ros2_ws/install/realsense2_camera/share/realsense2_camera/package.bash'
[1.020s] INFO:colcon.colcon_core.shell:Creating package script '/home/esogu/ros2_ws/install/realsense2_camera/share/realsense2_camera/package.zsh'
[1.021s] Level 1:colcon.colcon_core.environment:create_file_with_runtime_dependencies(/home/esogu/ros2_ws/install/realsense2_camera/share/colcon-core/packages/realsense2_camera)
[1.021s] Level 1:colcon.colcon_core.environment:create_environment_scripts_only(realsense2_camera)
[1.022s] Level 1:colcon.colcon_core.environment:checking '/home/esogu/ros2_ws/install/realsense2_camera' for CMake module files
[1.022s] Level 1:colcon.colcon_core.environment:checking '/home/esogu/ros2_ws/install/realsense2_camera' for CMake config files
[1.022s] Level 1:colcon.colcon_core.shell:create_environment_hook('realsense2_camera', 'cmake_prefix_path')
[1.023s] INFO:colcon.colcon_core.shell:Creating environment hook '/home/esogu/ros2_ws/install/realsense2_camera/share/realsense2_camera/hook/cmake_prefix_path.ps1'
[1.023s] INFO:colcon.colcon_core.shell:Creating environment descriptor '/home/esogu/ros2_ws/install/realsense2_camera/share/realsense2_camera/hook/cmake_prefix_path.dsv'
[1.023s] INFO:colcon.colcon_core.shell:Creating environment hook '/home/esogu/ros2_ws/install/realsense2_camera/share/realsense2_camera/hook/cmake_prefix_path.sh'
[1.024s] Level 1:colcon.colcon_core.environment:checking '/home/esogu/ros2_ws/install/realsense2_camera/lib'
[1.024s] Level 1:colcon.colcon_core.shell:create_environment_hook('realsense2_camera', 'ld_library_path_lib')
[1.024s] INFO:colcon.colcon_core.shell:Creating environment hook '/home/esogu/ros2_ws/install/realsense2_camera/share/realsense2_camera/hook/ld_library_path_lib.ps1'
[1.024s] INFO:colcon.colcon_core.shell:Creating environment descriptor '/home/esogu/ros2_ws/install/realsense2_camera/share/realsense2_camera/hook/ld_library_path_lib.dsv'
[1.025s] INFO:colcon.colcon_core.shell:Creating environment hook '/home/esogu/ros2_ws/install/realsense2_camera/share/realsense2_camera/hook/ld_library_path_lib.sh'
[1.025s] Level 1:colcon.colcon_core.environment:checking '/home/esogu/ros2_ws/install/realsense2_camera/bin'
[1.025s] Level 1:colcon.colcon_core.environment:checking '/home/esogu/ros2_ws/install/realsense2_camera/lib/pkgconfig/realsense2_camera.pc'
[1.025s] Level 1:colcon.colcon_core.environment:checking '/home/esogu/ros2_ws/install/realsense2_camera/lib/python3.10/site-packages'
[1.025s] Level 1:colcon.colcon_core.environment:checking '/home/esogu/ros2_ws/install/realsense2_camera/bin'
[1.026s] INFO:colcon.colcon_core.shell:Creating package script '/home/esogu/ros2_ws/install/realsense2_camera/share/realsense2_camera/package.ps1'
[1.026s] INFO:colcon.colcon_core.shell:Creating package descriptor '/home/esogu/ros2_ws/install/realsense2_camera/share/realsense2_camera/package.dsv'
[1.027s] INFO:colcon.colcon_core.shell:Creating package script '/home/esogu/ros2_ws/install/realsense2_camera/share/realsense2_camera/package.sh'
[1.027s] INFO:colcon.colcon_core.shell:Creating package script '/home/esogu/ros2_ws/install/realsense2_camera/share/realsense2_camera/package.bash'
[1.027s] INFO:colcon.colcon_core.shell:Creating package script '/home/esogu/ros2_ws/install/realsense2_camera/share/realsense2_camera/package.zsh'
[1.028s] Level 1:colcon.colcon_core.environment:create_file_with_runtime_dependencies(/home/esogu/ros2_ws/install/realsense2_camera/share/colcon-core/packages/realsense2_camera)
[1.121s] DEBUG:colcon.colcon_core.event_handler.log_command:Invoking command in '/home/esogu/ros2_ws/src/detection': PYTHONPATH=/home/esogu/ros2_ws/build/detection/prefix_override:/usr/lib/python3/dist-packages/colcon_core/task/python/colcon_distutils_commands:/home/esogu/ros2_ws/install/detection/lib/python3.10/site-packages:${PYTHONPATH} /usr/bin/python3 -W ignore:setup.py install is deprecated -W ignore:easy_install command is deprecated setup.py egg_info --egg-base ../../build/detection build --build-base /home/esogu/ros2_ws/build/detection/build install --record /home/esogu/ros2_ws/build/detection/install.log --single-version-externally-managed install_data
[1.431s] Level 1:colcon.colcon_core.environment:checking '/home/esogu/ros2_ws/install/detection' for CMake module files
[1.432s] DEBUG:colcon.colcon_core.event_handler.log_command:Invoked command in '/home/esogu/ros2_ws/src/detection' returned '0': PYTHONPATH=/home/esogu/ros2_ws/build/detection/prefix_override:/usr/lib/python3/dist-packages/colcon_core/task/python/colcon_distutils_commands:/home/esogu/ros2_ws/install/detection/lib/python3.10/site-packages:${PYTHONPATH} /usr/bin/python3 -W ignore:setup.py install is deprecated -W ignore:easy_install command is deprecated setup.py egg_info --egg-base ../../build/detection build --build-base /home/esogu/ros2_ws/build/detection/build install --record /home/esogu/ros2_ws/build/detection/install.log --single-version-externally-managed install_data
[1.432s] Level 1:colcon.colcon_core.environment:checking '/home/esogu/ros2_ws/install/detection' for CMake config files
[1.433s] Level 1:colcon.colcon_core.environment:checking '/home/esogu/ros2_ws/install/detection/lib'
[1.433s] Level 1:colcon.colcon_core.environment:checking '/home/esogu/ros2_ws/install/detection/bin'
[1.433s] Level 1:colcon.colcon_core.environment:checking '/home/esogu/ros2_ws/install/detection/lib/pkgconfig/detection.pc'
[1.433s] Level 1:colcon.colcon_core.environment:checking '/home/esogu/ros2_ws/install/detection/lib/python3.10/site-packages'
[1.434s] Level 1:colcon.colcon_core.shell:create_environment_hook('detection', 'pythonpath')
[1.434s] INFO:colcon.colcon_core.shell:Creating environment hook '/home/esogu/ros2_ws/install/detection/share/detection/hook/pythonpath.ps1'
[1.435s] INFO:colcon.colcon_core.shell:Creating environment descriptor '/home/esogu/ros2_ws/install/detection/share/detection/hook/pythonpath.dsv'
[1.435s] INFO:colcon.colcon_core.shell:Creating environment hook '/home/esogu/ros2_ws/install/detection/share/detection/hook/pythonpath.sh'
[1.436s] Level 1:colcon.colcon_core.environment:checking '/home/esogu/ros2_ws/install/detection/bin'
[1.436s] Level 1:colcon.colcon_core.environment:create_environment_scripts_only(detection)
[1.436s] INFO:colcon.colcon_core.shell:Creating package script '/home/esogu/ros2_ws/install/detection/share/detection/package.ps1'
[1.437s] INFO:colcon.colcon_core.shell:Creating package descriptor '/home/esogu/ros2_ws/install/detection/share/detection/package.dsv'
[1.437s] INFO:colcon.colcon_core.shell:Creating package script '/home/esogu/ros2_ws/install/detection/share/detection/package.sh'
[1.437s] INFO:colcon.colcon_core.shell:Creating package script '/home/esogu/ros2_ws/install/detection/share/detection/package.bash'
[1.438s] INFO:colcon.colcon_core.shell:Creating package script '/home/esogu/ros2_ws/install/detection/share/detection/package.zsh'
[1.438s] Level 1:colcon.colcon_core.environment:create_file_with_runtime_dependencies(/home/esogu/ros2_ws/install/detection/share/colcon-core/packages/detection)
[1.438s] DEBUG:colcon.colcon_parallel_executor.executor.parallel:closing loop
[1.439s] DEBUG:colcon.colcon_parallel_executor.executor.parallel:loop closed
[1.439s] DEBUG:colcon.colcon_parallel_executor.executor.parallel:run_until_complete finished with '0'
[1.439s] DEBUG:colcon.colcon_core.event_reactor:joining thread
[1.444s] INFO:colcon.colcon_core.plugin_system:Skipping extension 'colcon_notification.desktop_notification.terminal_notifier': Not used on non-Darwin systems
[1.444s] INFO:colcon.colcon_core.plugin_system:Skipping extension 'colcon_notification.desktop_notification.win32': Not used on non-Windows systems
[1.444s] INFO:colcon.colcon_notification.desktop_notification:Sending desktop notification using 'notify2'
[1.453s] DEBUG:colcon.colcon_core.event_reactor:joined thread
[1.454s] INFO:colcon.colcon_core.shell:Creating prefix script '/home/esogu/ros2_ws/install/local_setup.ps1'
[1.455s] INFO:colcon.colcon_core.shell:Creating prefix util module '/home/esogu/ros2_ws/install/_local_setup_util_ps1.py'
[1.456s] INFO:colcon.colcon_core.shell:Creating prefix chain script '/home/esogu/ros2_ws/install/setup.ps1'
[1.457s] INFO:colcon.colcon_core.shell:Creating prefix script '/home/esogu/ros2_ws/install/local_setup.sh'
[1.458s] INFO:colcon.colcon_core.shell:Creating prefix util module '/home/esogu/ros2_ws/install/_local_setup_util_sh.py'
[1.458s] INFO:colcon.colcon_core.shell:Creating prefix chain script '/home/esogu/ros2_ws/install/setup.sh'
[1.460s] INFO:colcon.colcon_core.shell:Creating prefix script '/home/esogu/ros2_ws/install/local_setup.bash'
[1.460s] INFO:colcon.colcon_core.shell:Creating prefix chain script '/home/esogu/ros2_ws/install/setup.bash'
[1.461s] INFO:colcon.colcon_core.shell:Creating prefix script '/home/esogu/ros2_ws/install/local_setup.zsh'
[1.462s] INFO:colcon.colcon_core.shell:Creating prefix chain script '/home/esogu/ros2_ws/install/setup.zsh'
