[0.010s] Invoking command in '/home/esogu/ros2_ws/build/realsense2_camera': AMENT_PREFIX_PATH=/home/esogu/ros2_ws/install/realsense2_camera_msgs:${AMENT_PREFIX_PATH} CMAKE_PREFIX_PATH=/home/esogu/ros2_ws/install/realsense2_camera_msgs:/home/esogu/ros2_ws/install/usb_cam:/home/esogu/ros2_ws/install/detection:/opt/ros/humble LD_LIBRARY_PATH=/home/esogu/ros2_ws/install/realsense2_camera_msgs/lib:${LD_LIBRARY_PATH} PYTHONPATH=/home/esogu/ros2_ws/install/realsense2_camera_msgs/local/lib/python3.10/dist-packages:${PYTHONPATH} /usr/bin/cmake /home/esogu/ros2_ws/src/realsense-ros/realsense2_camera -DCMAKE_INSTALL_PREFIX=/home/esogu/ros2_ws/install/realsense2_camera
[0.021s] -- Create Release Build.
[0.022s] -- Found ament_cmake: 1.3.11 (/opt/ros/humble/share/ament_cmake/cmake)
[0.147s] -- Found builtin_interfaces: 1.2.1 (/opt/ros/humble/share/builtin_interfaces/cmake)
[0.170s] -- Found rosidl_generator_c: 3.1.6 (/opt/ros/humble/share/rosidl_generator_c/cmake)
[0.173s] -- Found rosidl_adapter: 3.1.6 (/opt/ros/humble/share/rosidl_adapter/cmake)
[0.178s] -- Found rosidl_generator_cpp: 3.1.6 (/opt/ros/humble/share/rosidl_generator_cpp/cmake)
[0.188s] -- Using all available rosidl_typesupport_c: rosidl_typesupport_fastrtps_c;rosidl_typesupport_introspection_c
[0.200s] -- Using all available rosidl_typesupport_cpp: rosidl_typesupport_fastrtps_cpp;rosidl_typesupport_introspection_cpp
[0.212s] -- Found cv_bridge: 3.2.1 (/opt/ros/humble/share/cv_bridge/cmake)
[0.268s] -- Found image_transport: 3.1.10 (/opt/ros/humble/share/image_transport/cmake)
[0.296s] -- Found rmw_implementation_cmake: 6.1.2 (/opt/ros/humble/share/rmw_implementation_cmake/cmake)
[0.298s] -- Found rmw_fastrtps_cpp: 6.2.7 (/opt/ros/humble/share/rmw_fastrtps_cpp/cmake)
[0.406s] -- Using RMW implementation 'rmw_fastrtps_cpp' as default
[0.465s] -- Found rclcpp_components: 16.0.11 (/opt/ros/humble/share/rclcpp_components/cmake)
[0.482s] -- Found realsense2_camera_msgs: 4.55.1 (/home/esogu/ros2_ws/install/realsense2_camera_msgs/share/realsense2_camera_msgs/cmake)
[0.499s] -- Found nav_msgs: 4.2.4 (/opt/ros/humble/share/nav_msgs/cmake)
[0.515s] -- Found tf2_ros: 0.25.12 (/opt/ros/humble/share/tf2_ros/cmake)
[0.581s] [31mCMake Error at CMakeLists.txt:117 (find_package):
[0.581s]   By not providing "Finddiagnostic_updater.cmake" in CMAKE_MODULE_PATH this
[0.582s]   project has asked CMake to find a package configuration file provided by
[0.582s]   "diagnostic_updater", but CMake did not find one.
[0.582s] 
[0.582s]   Could not find a package configuration file provided by
[0.582s]   "diagnostic_updater" with any of the following names:
[0.582s] 
[0.582s]     diagnostic_updaterConfig.cmake
[0.582s]     diagnostic_updater-config.cmake
[0.582s] 
[0.582s]   Add the installation prefix of "diagnostic_updater" to CMAKE_PREFIX_PATH or
[0.582s]   set "diagnostic_updater_DIR" to a directory containing one of the above
[0.582s]   files.  If "diagnostic_updater" provides a separate development package or
[0.582s]   SDK, be sure it has been installed.
[0.582s] 
[0.582s] [0m
[0.582s] -- Configuring incomplete, errors occurred!
[0.582s] See also "/home/esogu/ros2_ws/build/realsense2_camera/CMakeFiles/CMakeOutput.log".
[0.589s] Invoked command in '/home/esogu/ros2_ws/build/realsense2_camera' returned '1': AMENT_PREFIX_PATH=/home/esogu/ros2_ws/install/realsense2_camera_msgs:${AMENT_PREFIX_PATH} CMAKE_PREFIX_PATH=/home/esogu/ros2_ws/install/realsense2_camera_msgs:/home/esogu/ros2_ws/install/usb_cam:/home/esogu/ros2_ws/install/detection:/opt/ros/humble LD_LIBRARY_PATH=/home/esogu/ros2_ws/install/realsense2_camera_msgs/lib:${LD_LIBRARY_PATH} PYTHONPATH=/home/esogu/ros2_ws/install/realsense2_camera_msgs/local/lib/python3.10/dist-packages:${PYTHONPATH} /usr/bin/cmake /home/esogu/ros2_ws/src/realsense-ros/realsense2_camera -DCMAKE_INSTALL_PREFIX=/home/esogu/ros2_ws/install/realsense2_camera
