[0.684s] Invoking command in '/home/esogu/ros2_ws/src/detection': PYTHONPATH=/home/esogu/ros2_ws/build/detection/prefix_override:/usr/lib/python3/dist-packages/colcon_core/task/python/colcon_distutils_commands:/home/esogu/ros2_ws/install/detection/lib/python3.10/site-packages:${PYTHONPATH} /usr/bin/python3 -W ignore:setup.py install is deprecated -W ignore:easy_install command is deprecated setup.py egg_info --egg-base ../../build/detection build --build-base /home/esogu/ros2_ws/build/detection/build install --record /home/esogu/ros2_ws/build/detection/install.log --single-version-externally-managed install_data
[0.902s] running egg_info
[0.902s] writing ../../build/detection/detection.egg-info/PKG-INFO
[0.903s] writing dependency_links to ../../build/detection/detection.egg-info/dependency_links.txt
[0.903s] writing entry points to ../../build/detection/detection.egg-info/entry_points.txt
[0.903s] writing requirements to ../../build/detection/detection.egg-info/requires.txt
[0.903s] writing top-level names to ../../build/detection/detection.egg-info/top_level.txt
[0.905s] reading manifest file '../../build/detection/detection.egg-info/SOURCES.txt'
[0.906s] writing manifest file '../../build/detection/detection.egg-info/SOURCES.txt'
[0.906s] running build
[0.906s] running build_py
[0.906s] copying detection/red_color_detection_node.py -> /home/esogu/ros2_ws/build/detection/build/lib/detection
[0.906s] running install
[0.907s] running install_lib
[0.907s] copying /home/esogu/ros2_ws/build/detection/build/lib/detection/red_color_detection_node.py -> /home/esogu/ros2_ws/install/detection/lib/python3.10/site-packages/detection
[0.908s] byte-compiling /home/esogu/ros2_ws/install/detection/lib/python3.10/site-packages/detection/red_color_detection_node.py to red_color_detection_node.cpython-310.pyc
[0.909s] running install_data
[0.909s] running install_egg_info
[0.911s] removing '/home/esogu/ros2_ws/install/detection/lib/python3.10/site-packages/detection-0.0.0-py3.10.egg-info' (and everything under it)
[0.911s] Copying ../../build/detection/detection.egg-info to /home/esogu/ros2_ws/install/detection/lib/python3.10/site-packages/detection-0.0.0-py3.10.egg-info
[0.912s] running install_scripts
[0.931s] Installing green_color_detection_node script to /home/esogu/ros2_ws/install/detection/lib/detection
[0.931s] Installing red_color_detection_node script to /home/esogu/ros2_ws/install/detection/lib/detection
[0.931s] Installing shape_detection script to /home/esogu/ros2_ws/install/detection/lib/detection
[0.931s] writing list of installed files to '/home/esogu/ros2_ws/build/detection/install.log'
[0.951s] Invoked command in '/home/esogu/ros2_ws/src/detection' returned '0': PYTHONPATH=/home/esogu/ros2_ws/build/detection/prefix_override:/usr/lib/python3/dist-packages/colcon_core/task/python/colcon_distutils_commands:/home/esogu/ros2_ws/install/detection/lib/python3.10/site-packages:${PYTHONPATH} /usr/bin/python3 -W ignore:setup.py install is deprecated -W ignore:easy_install command is deprecated setup.py egg_info --egg-base ../../build/detection build --build-base /home/esogu/ros2_ws/build/detection/build install --record /home/esogu/ros2_ws/build/detection/install.log --single-version-externally-managed install_data
