[0.319s] Invoking command in '/home/esogu/ros2_ws/src/build/usb_cam': CMAKE_PREFIX_PATH=${CMAKE_PREFIX_PATH}:/home/esogu/ros2_ws/install/detection:/opt/ros/humble /usr/bin/cmake /home/esogu/ros2_ws/src/usb_cam -DCMAKE_INSTALL_PREFIX=/home/esogu/ros2_ws/src/install/usb_cam
[0.425s] -- The C compiler identification is GNU 11.4.0
[0.498s] -- The CXX compiler identification is GNU 11.4.0
[0.509s] -- Detecting C compiler ABI info
[0.594s] -- Detecting C compiler ABI info - done
[0.609s] -- Check for working C compiler: /usr/bin/cc - skipped
[0.609s] -- Detecting C compile features
[0.610s] -- Detecting C compile features - done
[0.616s] -- Detecting CXX compiler ABI info
[0.717s] -- Detecting CXX compiler ABI info - done
[0.730s] -- Check for working CXX compiler: /usr/bin/c++ - skipped
[0.731s] -- Detecting CXX compile features
[0.731s] -- Detecting CXX compile features - done
[0.734s] -- Found ament_cmake_auto: 1.3.11 (/opt/ros/humble/share/ament_cmake_auto/cmake)
[0.917s] -- Found Python3: /usr/bin/python3 (found version "3.10.12") found components: Interpreter 
[1.166s] -- Found rosidl_generator_c: 3.1.6 (/opt/ros/humble/share/rosidl_generator_c/cmake)
[1.172s] -- Found rosidl_adapter: 3.1.6 (/opt/ros/humble/share/rosidl_adapter/cmake)
[1.184s] -- Found rosidl_generator_cpp: 3.1.6 (/opt/ros/humble/share/rosidl_generator_cpp/cmake)
[1.200s] -- Using all available rosidl_typesupport_c: rosidl_typesupport_fastrtps_c;rosidl_typesupport_introspection_c
[1.225s] -- Using all available rosidl_typesupport_cpp: rosidl_typesupport_fastrtps_cpp;rosidl_typesupport_introspection_cpp
[1.281s] -- Found rmw_implementation_cmake: 6.1.2 (/opt/ros/humble/share/rmw_implementation_cmake/cmake)
[1.284s] -- Found rmw_fastrtps_cpp: 6.2.7 (/opt/ros/humble/share/rmw_fastrtps_cpp/cmake)
[1.385s] -- Found OpenSSL: /usr/lib/x86_64-linux-gnu/libcrypto.so (found version "3.0.2")  
[1.415s] -- Found FastRTPS: /opt/ros/humble/include  
[1.462s] -- Using RMW implementation 'rmw_fastrtps_cpp' as default
[1.472s] -- Looking for pthread.h
[1.558s] -- Looking for pthread.h - found
[1.558s] -- Performing Test CMAKE_HAVE_LIBC_PTHREAD
[1.646s] -- Performing Test CMAKE_HAVE_LIBC_PTHREAD - Success
[1.647s] -- Found Threads: TRUE  
[1.920s] -- Found OpenCV: /usr (found version "4.5.4") 
[1.926s] -- Found PkgConfig: /usr/bin/pkg-config (found version "0.29.2") 
[1.927s] -- Checking for module 'libavcodec'
[1.944s] --   Found libavcodec, version 58.134.100
[1.982s] -- Checking for module 'libavutil'
[1.996s] --   Found libavutil, version 56.70.100
[2.034s] -- Checking for module 'libswscale'
[2.050s] --   Found libswscale, version 5.9.100
[2.095s] -- Found ament_lint_auto: 0.12.11 (/opt/ros/humble/share/ament_lint_auto/cmake)
[2.118s] -- Found gtest sources under '/opt/ros/humble/src/gtest_vendor': C++ tests using 'Google Test' will be built
[2.131s] -- Added test 'copyright' to check source files copyright and LICENSE
[2.138s] -- Added test 'cppcheck' to perform static code analysis on C / C++ code
[2.139s] -- Configured cppcheck include dirs: /home/esogu/ros2_ws/src/usb_cam/include
[2.139s] -- Configured cppcheck exclude dirs and/or files: 
[2.146s] -- Added test 'cpplint' to check C / C++ code against the Google style
[2.146s] -- Configured cpplint exclude dirs and/or files: 
[2.148s] -- Added test 'flake8' to check Python code syntax and style conventions
[2.150s] -- Added test 'lint_cmake' to check CMake code style
[2.152s] -- Added test 'pep257' to check Python code against some of the docstring style conventions in PEP 257
[2.159s] -- Added test 'uncrustify' to check C / C++ code style
[2.159s] -- Configured uncrustify additional arguments: 
[2.161s] -- Added test 'xmllint' to check XML markup files
[2.164s] -- Configuring done
[2.213s] -- Generating done
[2.227s] -- Build files have been written to: /home/esogu/ros2_ws/src/build/usb_cam
[2.241s] Invoked command in '/home/esogu/ros2_ws/src/build/usb_cam' returned '0': CMAKE_PREFIX_PATH=${CMAKE_PREFIX_PATH}:/home/esogu/ros2_ws/install/detection:/opt/ros/humble /usr/bin/cmake /home/esogu/ros2_ws/src/usb_cam -DCMAKE_INSTALL_PREFIX=/home/esogu/ros2_ws/src/install/usb_cam
[2.244s] Invoking command in '/home/esogu/ros2_ws/src/build/usb_cam': CMAKE_PREFIX_PATH=${CMAKE_PREFIX_PATH}:/home/esogu/ros2_ws/install/detection:/opt/ros/humble /usr/bin/cmake --build /home/esogu/ros2_ws/src/build/usb_cam -- -j8 -l8
[2.305s] [  7%] [32mBuilding CXX object gtest/CMakeFiles/gtest_main.dir/src/gtest_main.cc.o[0m
[2.305s] [ 14%] [32mBuilding CXX object CMakeFiles/usb_cam_node_exe.dir/rclcpp_components/node_main_usb_cam_node_exe.cpp.o[0m
[2.306s] [ 21%] [32mBuilding CXX object CMakeFiles/usb_cam.dir/src/usb_cam.cpp.o[0m
[2.307s] [ 28%] [32mBuilding CXX object gtest/CMakeFiles/gtest.dir/src/gtest-all.cc.o[0m
[3.577s] [ 35%] [32m[1mLinking CXX static library libgtest_main.a[0m
[3.620s] [ 35%] Built target gtest_main
[5.103s] [ 42%] [32m[1mLinking CXX shared library libusb_cam.so[0m
[5.365s] [ 42%] Built target usb_cam
[5.388s] [ 50%] [32mBuilding CXX object CMakeFiles/usb_cam_node.dir/src/usb_cam_node.cpp.o[0m
[6.423s] [ 57%] [32m[1mLinking CXX static library libgtest.a[0m
[6.497s] [ 57%] Built target gtest
[6.521s] [ 64%] [32mBuilding CXX object CMakeFiles/test_usb_cam_utils.dir/test/test_usb_cam_utils.cpp.o[0m
[6.521s] [ 71%] [32mBuilding CXX object CMakeFiles/test_pixel_formats.dir/test/test_pixel_formats.cpp.o[0m
[6.717s] [ 78%] [32m[1mLinking CXX executable usb_cam_node_exe[0m
[7.040s] [ 78%] Built target usb_cam_node_exe
[8.133s] [ 85%] [32m[1mLinking CXX executable test_usb_cam_utils[0m
[8.479s] [ 85%] Built target test_usb_cam_utils
[8.630s] [ 92%] [32m[1mLinking CXX executable test_pixel_formats[0m
[8.979s] [ 92%] Built target test_pixel_formats
[14.476s] [100%] [32m[1mLinking CXX shared library libusb_cam_node.so[0m
[14.980s] [100%] Built target usb_cam_node
[14.993s] Invoked command in '/home/esogu/ros2_ws/src/build/usb_cam' returned '0': CMAKE_PREFIX_PATH=${CMAKE_PREFIX_PATH}:/home/esogu/ros2_ws/install/detection:/opt/ros/humble /usr/bin/cmake --build /home/esogu/ros2_ws/src/build/usb_cam -- -j8 -l8
[15.005s] Invoking command in '/home/esogu/ros2_ws/src/build/usb_cam': CMAKE_PREFIX_PATH=${CMAKE_PREFIX_PATH}:/home/esogu/ros2_ws/install/detection:/opt/ros/humble /usr/bin/cmake --install /home/esogu/ros2_ws/src/build/usb_cam
[15.013s] -- Install configuration: ""
[15.013s] -- Installing: /home/esogu/ros2_ws/src/install/usb_cam/share/usb_cam/environment/library_path.sh
[15.013s] -- Installing: /home/esogu/ros2_ws/src/install/usb_cam/share/usb_cam/environment/library_path.dsv
[15.014s] -- Installing: /home/esogu/ros2_ws/src/install/usb_cam/lib/usb_cam/usb_cam_node_exe
[15.015s] -- Set runtime path of "/home/esogu/ros2_ws/src/install/usb_cam/lib/usb_cam/usb_cam_node_exe" to ""
[15.015s] -- Installing: /home/esogu/ros2_ws/src/install/usb_cam/lib/usb_cam/show_image.py
[15.015s] -- Installing: /home/esogu/ros2_ws/src/install/usb_cam/lib/libusb_cam.so
[15.016s] -- Installing: /home/esogu/ros2_ws/src/install/usb_cam/lib/libusb_cam_node.so
[15.022s] -- Set runtime path of "/home/esogu/ros2_ws/src/install/usb_cam/lib/libusb_cam_node.so" to ""
[15.022s] -- Installing: /home/esogu/ros2_ws/src/install/usb_cam/include
[15.023s] -- Installing: /home/esogu/ros2_ws/src/install/usb_cam/include/usb_cam
[15.023s] -- Installing: /home/esogu/ros2_ws/src/install/usb_cam/include/usb_cam/usb_cam.hpp
[15.023s] -- Installing: /home/esogu/ros2_ws/src/install/usb_cam/include/usb_cam/formats
[15.023s] -- Installing: /home/esogu/ros2_ws/src/install/usb_cam/include/usb_cam/formats/uyvy.hpp
[15.023s] -- Installing: /home/esogu/ros2_ws/src/install/usb_cam/include/usb_cam/formats/rgb.hpp
[15.023s] -- Installing: /home/esogu/ros2_ws/src/install/usb_cam/include/usb_cam/formats/yuyv.hpp
[15.023s] -- Installing: /home/esogu/ros2_ws/src/install/usb_cam/include/usb_cam/formats/m420.hpp
[15.023s] -- Installing: /home/esogu/ros2_ws/src/install/usb_cam/include/usb_cam/formats/pixel_format_base.hpp
[15.024s] -- Installing: /home/esogu/ros2_ws/src/install/usb_cam/include/usb_cam/formats/av_pixel_format_helper.hpp
[15.024s] -- Installing: /home/esogu/ros2_ws/src/install/usb_cam/include/usb_cam/formats/mono.hpp
[15.024s] -- Installing: /home/esogu/ros2_ws/src/install/usb_cam/include/usb_cam/formats/mjpeg.hpp
[15.024s] -- Installing: /home/esogu/ros2_ws/src/install/usb_cam/include/usb_cam/formats/utils.hpp
[15.024s] -- Installing: /home/esogu/ros2_ws/src/install/usb_cam/include/usb_cam/usb_cam_node.hpp
[15.024s] -- Installing: /home/esogu/ros2_ws/src/install/usb_cam/include/usb_cam/constants.hpp
[15.025s] -- Installing: /home/esogu/ros2_ws/src/install/usb_cam/include/usb_cam/conversions.hpp
[15.025s] -- Installing: /home/esogu/ros2_ws/src/install/usb_cam/include/usb_cam/utils.hpp
[15.025s] -- Up-to-date: /home/esogu/ros2_ws/src/install/usb_cam/lib/libusb_cam_node.so
[15.026s] -- Installing: /home/esogu/ros2_ws/src/install/usb_cam/share/usb_cam/launch
[15.026s] -- Installing: /home/esogu/ros2_ws/src/install/usb_cam/share/usb_cam/launch/__init__.py
[15.026s] -- Installing: /home/esogu/ros2_ws/src/install/usb_cam/share/usb_cam/launch/camera_config.py
[15.026s] -- Installing: /home/esogu/ros2_ws/src/install/usb_cam/share/usb_cam/launch/camera.launch.py
[15.026s] -- Installing: /home/esogu/ros2_ws/src/install/usb_cam/share/usb_cam/config
[15.026s] -- Installing: /home/esogu/ros2_ws/src/install/usb_cam/share/usb_cam/config/camera_info.yaml
[15.027s] -- Installing: /home/esogu/ros2_ws/src/install/usb_cam/share/usb_cam/config/params_1.yaml
[15.027s] -- Installing: /home/esogu/ros2_ws/src/install/usb_cam/share/usb_cam/config/params_2.yaml
[15.027s] -- Installing: /home/esogu/ros2_ws/src/install/usb_cam/share/ament_index/resource_index/package_run_dependencies/usb_cam
[15.027s] -- Installing: /home/esogu/ros2_ws/src/install/usb_cam/share/ament_index/resource_index/parent_prefix_path/usb_cam
[15.027s] -- Installing: /home/esogu/ros2_ws/src/install/usb_cam/share/usb_cam/environment/ament_prefix_path.sh
[15.028s] -- Installing: /home/esogu/ros2_ws/src/install/usb_cam/share/usb_cam/environment/ament_prefix_path.dsv
[15.028s] -- Installing: /home/esogu/ros2_ws/src/install/usb_cam/share/usb_cam/environment/path.sh
[15.028s] -- Installing: /home/esogu/ros2_ws/src/install/usb_cam/share/usb_cam/environment/path.dsv
[15.028s] -- Installing: /home/esogu/ros2_ws/src/install/usb_cam/share/usb_cam/local_setup.bash
[15.028s] -- Installing: /home/esogu/ros2_ws/src/install/usb_cam/share/usb_cam/local_setup.sh
[15.029s] -- Installing: /home/esogu/ros2_ws/src/install/usb_cam/share/usb_cam/local_setup.zsh
[15.029s] -- Installing: /home/esogu/ros2_ws/src/install/usb_cam/share/usb_cam/local_setup.dsv
[15.029s] -- Installing: /home/esogu/ros2_ws/src/install/usb_cam/share/usb_cam/package.dsv
[15.029s] -- Installing: /home/esogu/ros2_ws/src/install/usb_cam/share/ament_index/resource_index/packages/usb_cam
[15.029s] -- Installing: /home/esogu/ros2_ws/src/install/usb_cam/share/ament_index/resource_index/rclcpp_components/usb_cam
[15.030s] -- Installing: /home/esogu/ros2_ws/src/install/usb_cam/share/usb_cam/cmake/ament_cmake_export_libraries-extras.cmake
[15.030s] -- Installing: /home/esogu/ros2_ws/src/install/usb_cam/share/usb_cam/cmake/ament_cmake_export_dependencies-extras.cmake
[15.030s] -- Installing: /home/esogu/ros2_ws/src/install/usb_cam/share/usb_cam/cmake/ament_cmake_export_include_directories-extras.cmake
[15.030s] -- Installing: /home/esogu/ros2_ws/src/install/usb_cam/share/usb_cam/cmake/usb_camConfig.cmake
[15.030s] -- Installing: /home/esogu/ros2_ws/src/install/usb_cam/share/usb_cam/cmake/usb_camConfig-version.cmake
[15.031s] -- Installing: /home/esogu/ros2_ws/src/install/usb_cam/share/usb_cam/package.xml
[15.034s] Invoked command in '/home/esogu/ros2_ws/src/build/usb_cam' returned '0': CMAKE_PREFIX_PATH=${CMAKE_PREFIX_PATH}:/home/esogu/ros2_ws/install/detection:/opt/ros/humble /usr/bin/cmake --install /home/esogu/ros2_ws/src/build/usb_cam
